#
# There is insufficient memory for the Java Runtime Environment to continue.
# Native memory allocation (malloc) failed to allocate 1763056 bytes for Chunk::new
# Possible reasons:
#   The system is out of physical RAM or swap space
#   The process is running with CompressedOops enabled, and the Java Heap may be blocking the growth of the native heap
# Possible solutions:
#   Reduce memory load on the system
#   Increase physical memory or swap space
#   Check if swap backing store is full
#   Decrease Java heap size (-Xmx/-Xms)
#   Decrease number of Java threads
#   Decrease Java thread stack sizes (-Xss)
#   Set larger code cache with -XX:ReservedCodeCacheSize=
#   JVM is running with Unscaled Compressed Oops mode in which the Java heap is
#     placed in the first 4GB address space. The Java Heap base address is the
#     maximum limit for the native heap growth. Please use -XX:HeapBaseMinAddress
#     to set the Java Heap base and to place the Java Heap above 4GB virtual address.
# This output file may be truncated or incomplete.
#
#  Out of Memory Error (./src/hotspot/share/memory/arena.cpp:197), pid=9948, tid=16064
#
# JRE version: OpenJDK Runtime Environment (11.0.12+7) (build 11.0.12+7-b1504.28-7817840)
# Java VM: OpenJDK 64-Bit Server VM (11.0.12+7-b1504.28-7817840, mixed mode, tiered, compressed oops, g1 gc, windows-amd64)
# No core dump will be written. Minidumps are not enabled by default on client versions of Windows
#

---------------  S U M M A R Y ------------

Command Line: --add-opens=java.base/java.util=ALL-UNNAMED --add-opens=java.base/java.lang=ALL-UNNAMED --add-opens=java.base/java.lang.invoke=ALL-UNNAMED --add-opens=java.base/java.util=ALL-UNNAMED --add-opens=java.prefs/java.util.prefs=ALL-UNNAMED --add-opens=java.prefs/java.util.prefs=ALL-UNNAMED --add-opens=java.base/java.nio.charset=ALL-UNNAMED --add-opens=java.base/java.net=ALL-UNNAMED --add-opens=java.base/java.util.concurrent.atomic=ALL-UNNAMED -Xmx2048m -Dfile.encoding=UTF-8 -Duser.country=US -Duser.language=en -Duser.variant org.gradle.launcher.daemon.bootstrap.GradleDaemon 7.3.3

Host: AMD Ryzen 5 5500U with Radeon Graphics         , 12 cores, 7G,  Windows 10 , 64 bit Build 19041 (10.0.19041.2546)
Time: Tue Apr 11 21:11:36 2023 SE Asia Standard Time elapsed time: 11.792042 seconds (0d 0h 0m 11s)

---------------  T H R E A D  ---------------

Current thread (0x000001cafbaa7000):  JavaThread "C2 CompilerThread1" daemon [_thread_in_native, id=16064, stack(0x000000a7e3900000,0x000000a7e3a00000)]


Current CompileTask:
C2:  11792 6029       4       java.net.URLClassLoader$1::run (5 bytes)

Stack: [0x000000a7e3900000,0x000000a7e3a00000]
Native frames: (J=compiled Java code, j=interpreted, Vv=VM code, C=native code)
V  [jvm.dll+0x5fbcea]
V  [jvm.dll+0x731905]
V  [jvm.dll+0x732f1d]
V  [jvm.dll+0x7335d3]
V  [jvm.dll+0x247bf8]
V  [jvm.dll+0xc018c]
V  [jvm.dll+0xc06cc]
V  [jvm.dll+0x35b2db]
V  [jvm.dll+0x328803]
V  [jvm.dll+0x327cfa]
V  [jvm.dll+0x200602]
V  [jvm.dll+0x1ff794]
V  [jvm.dll+0x18868c]
V  [jvm.dll+0x20e0d7]
V  [jvm.dll+0x20c901]
V  [jvm.dll+0x6f9b7f]
V  [jvm.dll+0x6f26a5]
V  [jvm.dll+0x5fabf6]
C  [ucrtbase.dll+0x21bb2]
C  [KERNEL32.DLL+0x17614]
C  [ntdll.dll+0x526a1]


---------------  P R O C E S S  ---------------

Threads class SMR info:
_java_thread_list=0x000001caff0a6020, length=168, elements={
0x000001cade2fd000, 0x000001caf8c01000, 0x000001caf8c02000, 0x000001caf9455800,
0x000001caf9457800, 0x000001caf9459800, 0x000001caf9467000, 0x000001caf946d800,
0x000001caf9475000, 0x000001caf9471800, 0x000001caf9476000, 0x000001caf9474000,
0x000001caf9473800, 0x000001caf9476800, 0x000001caf9471000, 0x000001caf9477800,
0x000001caf9472800, 0x000001cafbaa8000, 0x000001cafbaa9000, 0x000001cafbaa9800,
0x000001cafbaab000, 0x000001cafbaaa800, 0x000001cafbaa5800, 0x000001cafbaa7000,
0x000001cafbaac000, 0x000001cafbaa6800, 0x000001cafbab2800, 0x000001cafbaaf800,
0x000001cafbab0000, 0x000001cafbaad000, 0x000001cafbab3800, 0x000001cafa905800,
0x000001cafa907000, 0x000001cafa908800, 0x000001cafa903000, 0x000001cafa909800,
0x000001cafa904000, 0x000001cafe716800, 0x000001cafe719000, 0x000001cafe718800,
0x000001cafe717800, 0x000001cafe71e000, 0x000001cafe71a000, 0x000001cafe71b000,
0x000001cafe721800, 0x000001cafe71f000, 0x000001cafe71d800, 0x000001cafe71f800,
0x000001cafe720800, 0x000001cafe71b800, 0x000001cafe722000, 0x000001cafe71c800,
0x000001cafe723000, 0x000001cafe724800, 0x000001cafe725800, 0x000001cafe724000,
0x000001cafcc82000, 0x000001cafcc82800, 0x000001cafcc83800, 0x000001cafcc80800,
0x000001cafcc84800, 0x000001cafcc81000, 0x000001cafcc85000, 0x000001cafcc7f800,
0x000001cafcc88800, 0x000001cafcc87000, 0x000001cafcc87800, 0x000001cafcc89000,
0x000001cafcc8a000, 0x000001cafcc86000, 0x000001cafcc8e000, 0x000001cafcc8b000,
0x000001cafcc8d800, 0x000001cafcc8b800, 0x000001cafcc8c800, 0x000001cafd235800,
0x000001cafd233000, 0x000001cafd232000, 0x000001cafd237000, 0x000001cafd236000,
0x000001cafd233800, 0x000001cafd234800, 0x000001cafd231000, 0x000001cafd23b000,
0x000001cafd23a000, 0x000001cafd23c000, 0x000001cafd23c800, 0x000001cafd23d800,
0x000001cafd238000, 0x000001cafd23e800, 0x000001cafd23f000, 0x000001cafd238800,
0x000001cafd239800, 0x000001cafd240000, 0x000001cafead2000, 0x000001cafeacf800,
0x000001cafeace000, 0x000001cafead0800, 0x000001cafead1800, 0x000001cafead3000,
0x000001cafeacf000, 0x000001cafeacd800, 0x000001cafead7000, 0x000001cafead4000,
0x000001cafead4800, 0x000001cafeada800, 0x000001cafead6000, 0x000001cafead8000,
0x000001cafead8800, 0x000001cafead9800, 0x000001cafeadb000, 0x000001cafead5800,
0x000001cafeadc000, 0x000001cafeb6b000, 0x000001cafeb6d800, 0x000001cafeb70000,
0x000001cafeb6e800, 0x000001cafeb6c000, 0x000001cafeb6f000, 0x000001cafeb6a800,
0x000001cafeb71000, 0x000001cafeb72800, 0x000001cafeb71800, 0x000001cafeb6c800,
0x000001cafeb75800, 0x000001cafeb75000, 0x000001cafeb79000, 0x000001cafeb73800,
0x000001cafeb74000, 0x000001cafeb76800, 0x000001cafeb78000, 0x000001cafeb77800,
0x000001cafedfc800, 0x000001cafee00800, 0x000001cafedfd800, 0x000001cafedfb000,
0x000001cafedfe000, 0x000001cafee01800, 0x000001cafee00000, 0x000001cafedfb800,
0x000001cafee04000, 0x000001cafee04800, 0x000001cafee02800, 0x000001cafee03000,
0x000001cafedff000, 0x000001cafee08000, 0x000001cafee06800, 0x000001cafee05800,
0x000001cafee07000, 0x000001cafee09000, 0x000001cafee09800, 0x000001ca81941800,
0x000001ca81943000, 0x000001ca81946000, 0x000001ca81940800, 0x000001ca81943800,
0x000001ca81944800, 0x000001ca81947000, 0x000001ca81948000, 0x000001ca81945800,
0x000001ca81942000, 0x000001ca81949800, 0x000001ca8194a000, 0x000001ca8194b000,
0x000001ca8194c000, 0x000001ca8194d800, 0x000001ca8194c800, 0x000001ca81948800
}

Java Threads: ( => current thread )
  0x000001cade2fd000 JavaThread "main" [_thread_blocked, id=6656, stack(0x000000a7e0f00000,0x000000a7e1000000)]
  0x000001caf8c01000 JavaThread "Reference Handler" daemon [_thread_blocked, id=17536, stack(0x000000a7e1600000,0x000000a7e1700000)]
  0x000001caf8c02000 JavaThread "Finalizer" daemon [_thread_blocked, id=19156, stack(0x000000a7e1700000,0x000000a7e1800000)]
  0x000001caf9455800 JavaThread "Signal Dispatcher" daemon [_thread_blocked, id=8796, stack(0x000000a7e1800000,0x000000a7e1900000)]
  0x000001caf9457800 JavaThread "Attach Listener" daemon [_thread_blocked, id=17172, stack(0x000000a7e1900000,0x000000a7e1a00000)]
  0x000001caf9459800 JavaThread "Service Thread" daemon [_thread_blocked, id=19380, stack(0x000000a7e1a00000,0x000000a7e1b00000)]
  0x000001caf9467000 JavaThread "C2 CompilerThread0" daemon [_thread_in_native, id=11720, stack(0x000000a7e1b00000,0x000000a7e1c00000)]
  0x000001caf946d800 JavaThread "C1 CompilerThread0" daemon [_thread_in_native, id=10984, stack(0x000000a7e1c00000,0x000000a7e1d00000)]
  0x000001caf9475000 JavaThread "Sweeper thread" daemon [_thread_blocked, id=17568, stack(0x000000a7e1d00000,0x000000a7e1e00000)]
  0x000001caf9471800 JavaThread "Common-Cleaner" daemon [_thread_blocked, id=18820, stack(0x000000a7e1e00000,0x000000a7e1f00000)]
  0x000001caf9476000 JavaThread "Daemon health stats" [_thread_blocked, id=2832, stack(0x000000a7e2300000,0x000000a7e2400000)]
  0x000001caf9474000 JavaThread "Incoming local TCP Connector on port 54652" [_thread_in_native, id=4388, stack(0x000000a7e2000000,0x000000a7e2100000)]
  0x000001caf9473800 JavaThread "Daemon periodic checks" [_thread_blocked, id=18216, stack(0x000000a7e2100000,0x000000a7e2200000)]
  0x000001caf9476800 JavaThread "Daemon" [_thread_blocked, id=17656, stack(0x000000a7e2400000,0x000000a7e2500000)]
  0x000001caf9471000 JavaThread "Handler for socket connection from /127.0.0.1:54652 to /127.0.0.1:54653" [_thread_in_native, id=17852, stack(0x000000a7e2500000,0x000000a7e2600000)]
  0x000001caf9477800 JavaThread "Cancel handler" [_thread_blocked, id=18192, stack(0x000000a7e2600000,0x000000a7e2700000)]
  0x000001caf9472800 JavaThread "Daemon worker" [_thread_in_Java, id=18344, stack(0x000000a7e2700000,0x000000a7e2800000)]
  0x000001cafbaa8000 JavaThread "Asynchronous log dispatcher for DefaultDaemonConnection: socket connection from /127.0.0.1:54652 to /127.0.0.1:54653" [_thread_blocked, id=19040, stack(0x000000a7e2800000,0x000000a7e2900000)]
  0x000001cafbaa9000 JavaThread "Stdin handler" [_thread_blocked, id=6472, stack(0x000000a7e2900000,0x000000a7e2a00000)]
  0x000001cafbaa9800 JavaThread "Daemon client event forwarder" [_thread_blocked, id=11268, stack(0x000000a7e2a00000,0x000000a7e2b00000)]
  0x000001cafbaab000 JavaThread "Cache worker for journal cache (C:\Users\asus\.gradle\caches\journal-1)" [_thread_blocked, id=19424, stack(0x000000a7e3400000,0x000000a7e3500000)]
  0x000001cafbaaa800 JavaThread "File lock request listener" [_thread_in_native, id=4032, stack(0x000000a7e3500000,0x000000a7e3600000)]
  0x000001cafbaa5800 JavaThread "Cache worker for file hash cache (C:\Users\asus\.gradle\caches\7.3.3\fileHashes)" [_thread_blocked, id=9452, stack(0x000000a7e3600000,0x000000a7e3700000)]
=>0x000001cafbaa7000 JavaThread "C2 CompilerThread1" daemon [_thread_in_native, id=16064, stack(0x000000a7e3900000,0x000000a7e3a00000)]
  0x000001cafbaac000 JavaThread "Cache worker for file hash cache (D:\kuliah\Semester 4\PAPB\UTS_PAPB2\.gradle\7.3.3\fileHashes)" [_thread_blocked, id=13800, stack(0x000000a7e3a00000,0x000000a7e3b00000)]
  0x000001cafbaa6800 JavaThread "File watcher server" daemon [_thread_in_native, id=5964, stack(0x000000a7e3b00000,0x000000a7e3c00000)]
  0x000001cafbab2800 JavaThread "File watcher consumer" daemon [_thread_blocked, id=14980, stack(0x000000a7e3c00000,0x000000a7e3d00000)]
  0x000001cafbaaf800 JavaThread "Cache worker for checksums cache (D:\kuliah\Semester 4\PAPB\UTS_PAPB2\.gradle\7.3.3\checksums)" [_thread_blocked, id=15632, stack(0x000000a7e3d00000,0x000000a7e3e00000)]
  0x000001cafbab0000 JavaThread "Cache worker for cache directory md-supplier (C:\Users\asus\.gradle\caches\7.3.3\md-supplier)" [_thread_blocked, id=1732, stack(0x000000a7e3e00000,0x000000a7e3f00000)]
  0x000001cafbaad000 JavaThread "Cache worker for cache directory md-rule (C:\Users\asus\.gradle\caches\7.3.3\md-rule)" [_thread_blocked, id=18572, stack(0x000000a7e3f00000,0x000000a7e4000000)]
  0x000001cafbab3800 JavaThread "Cache worker for execution history cache (C:\Users\asus\.gradle\caches\7.3.3\executionHistory)" [_thread_blocked, id=5912, stack(0x000000a7e4000000,0x000000a7e4100000)]
  0x000001cafa905800 JavaThread "jar transforms" [_thread_blocked, id=15940, stack(0x000000a7e4200000,0x000000a7e4300000)]
  0x000001cafa907000 JavaThread "Cache worker for file content cache (C:\Users\asus\.gradle\caches\7.3.3\fileContent)" [_thread_blocked, id=320, stack(0x000000a7e4300000,0x000000a7e4400000)]
  0x000001cafa908800 JavaThread "jar transforms Thread 2" [_thread_blocked, id=13740, stack(0x000000a7e4400000,0x000000a7e4500000)]
  0x000001cafa903000 JavaThread "Cache worker for dependencies-accessors (D:\kuliah\Semester 4\PAPB\UTS_PAPB2\.gradle\7.3.3\dependencies-accessors)" [_thread_blocked, id=18740, stack(0x000000a7e4500000,0x000000a7e4600000)]
  0x000001cafa909800 JavaThread "jar transforms Thread 3" [_thread_blocked, id=3284, stack(0x000000a7e4600000,0x000000a7e4700000)]
  0x000001cafa904000 JavaThread "Cache worker for Build Output Cleanup Cache (D:\kuliah\Semester 4\PAPB\UTS_PAPB2\.gradle\buildOutputCleanup)" [_thread_blocked, id=2008, stack(0x000000a7e4700000,0x000000a7e4800000)]
  0x000001cafe716800 JavaThread "Unconstrained build operations" [_thread_blocked, id=2304, stack(0x000000a7e4800000,0x000000a7e4900000)]
  0x000001cafe719000 JavaThread "Unconstrained build operations Thread 2" [_thread_blocked, id=1936, stack(0x000000a7e4900000,0x000000a7e4a00000)]
  0x000001cafe718800 JavaThread "Unconstrained build operations Thread 3" [_thread_blocked, id=18872, stack(0x000000a7e4a00000,0x000000a7e4b00000)]
  0x000001cafe717800 JavaThread "Unconstrained build operations Thread 4" [_thread_blocked, id=17940, stack(0x000000a7e4b00000,0x000000a7e4c00000)]
  0x000001cafe71e000 JavaThread "Unconstrained build operations Thread 5" [_thread_blocked, id=1348, stack(0x000000a7e4c00000,0x000000a7e4d00000)]
  0x000001cafe71a000 JavaThread "Unconstrained build operations Thread 6" [_thread_blocked, id=9652, stack(0x000000a7e4d00000,0x000000a7e4e00000)]
  0x000001cafe71b000 JavaThread "Unconstrained build operations Thread 7" [_thread_blocked, id=1652, stack(0x000000a7e4e00000,0x000000a7e4f00000)]
  0x000001cafe721800 JavaThread "Unconstrained build operations Thread 8" [_thread_blocked, id=12684, stack(0x000000a7e4f00000,0x000000a7e5000000)]
  0x000001cafe71f000 JavaThread "Unconstrained build operations Thread 9" [_thread_blocked, id=6136, stack(0x000000a7e5000000,0x000000a7e5100000)]
  0x000001cafe71d800 JavaThread "Unconstrained build operations Thread 10" [_thread_blocked, id=2540, stack(0x000000a7e5100000,0x000000a7e5200000)]
  0x000001cafe71f800 JavaThread "Unconstrained build operations Thread 11" [_thread_blocked, id=2500, stack(0x000000a7e5200000,0x000000a7e5300000)]
  0x000001cafe720800 JavaThread "Unconstrained build operations Thread 12" [_thread_blocked, id=2772, stack(0x000000a7e5300000,0x000000a7e5400000)]
  0x000001cafe71b800 JavaThread "Unconstrained build operations Thread 13" [_thread_blocked, id=11860, stack(0x000000a7e5400000,0x000000a7e5500000)]
  0x000001cafe722000 JavaThread "Unconstrained build operations Thread 14" [_thread_blocked, id=6896, stack(0x000000a7e5500000,0x000000a7e5600000)]
  0x000001cafe71c800 JavaThread "Unconstrained build operations Thread 15" [_thread_blocked, id=7768, stack(0x000000a7e5600000,0x000000a7e5700000)]
  0x000001cafe723000 JavaThread "Unconstrained build operations Thread 16" [_thread_blocked, id=10812, stack(0x000000a7e5700000,0x000000a7e5800000)]
  0x000001cafe724800 JavaThread "Unconstrained build operations Thread 17" [_thread_blocked, id=9052, stack(0x000000a7e5800000,0x000000a7e5900000)]
  0x000001cafe725800 JavaThread "Unconstrained build operations Thread 18" [_thread_blocked, id=16052, stack(0x000000a7e5900000,0x000000a7e5a00000)]
  0x000001cafe724000 JavaThread "Unconstrained build operations Thread 19" [_thread_blocked, id=13692, stack(0x000000a7e5a00000,0x000000a7e5b00000)]
  0x000001cafcc82000 JavaThread "Unconstrained build operations Thread 20" [_thread_blocked, id=18896, stack(0x000000a7e5b00000,0x000000a7e5c00000)]
  0x000001cafcc82800 JavaThread "Unconstrained build operations Thread 21" [_thread_blocked, id=2956, stack(0x000000a7e5c00000,0x000000a7e5d00000)]
  0x000001cafcc83800 JavaThread "Unconstrained build operations Thread 22" [_thread_blocked, id=10096, stack(0x000000a7e5d00000,0x000000a7e5e00000)]
  0x000001cafcc80800 JavaThread "Unconstrained build operations Thread 23" [_thread_blocked, id=4796, stack(0x000000a7e5e00000,0x000000a7e5f00000)]
  0x000001cafcc84800 JavaThread "Unconstrained build operations Thread 24" [_thread_blocked, id=9228, stack(0x000000a7e5f00000,0x000000a7e6000000)]
  0x000001cafcc81000 JavaThread "Unconstrained build operations Thread 25" [_thread_blocked, id=840, stack(0x000000a7e6000000,0x000000a7e6100000)]
  0x000001cafcc85000 JavaThread "Unconstrained build operations Thread 26" [_thread_blocked, id=15492, stack(0x000000a7e6100000,0x000000a7e6200000)]
  0x000001cafcc7f800 JavaThread "Unconstrained build operations Thread 27" [_thread_blocked, id=10928, stack(0x000000a7e6200000,0x000000a7e6300000)]
  0x000001cafcc88800 JavaThread "Unconstrained build operations Thread 28" [_thread_blocked, id=19200, stack(0x000000a7e6300000,0x000000a7e6400000)]
  0x000001cafcc87000 JavaThread "Unconstrained build operations Thread 29" [_thread_blocked, id=16976, stack(0x000000a7e6400000,0x000000a7e6500000)]
  0x000001cafcc87800 JavaThread "Unconstrained build operations Thread 30" [_thread_blocked, id=11076, stack(0x000000a7e6500000,0x000000a7e6600000)]
  0x000001cafcc89000 JavaThread "Unconstrained build operations Thread 31" [_thread_blocked, id=18352, stack(0x000000a7e6600000,0x000000a7e6700000)]
  0x000001cafcc8a000 JavaThread "Unconstrained build operations Thread 32" [_thread_blocked, id=9820, stack(0x000000a7e6700000,0x000000a7e6800000)]
  0x000001cafcc86000 JavaThread "Unconstrained build operations Thread 33" [_thread_blocked, id=17164, stack(0x000000a7e6800000,0x000000a7e6900000)]
  0x000001cafcc8e000 JavaThread "Unconstrained build operations Thread 34" [_thread_blocked, id=14564, stack(0x000000a7e6900000,0x000000a7e6a00000)]
  0x000001cafcc8b000 JavaThread "Unconstrained build operations Thread 35" [_thread_blocked, id=11336, stack(0x000000a7e6a00000,0x000000a7e6b00000)]
  0x000001cafcc8d800 JavaThread "Unconstrained build operations Thread 36" [_thread_blocked, id=12944, stack(0x000000a7e6b00000,0x000000a7e6c00000)]
  0x000001cafcc8b800 JavaThread "Unconstrained build operations Thread 37" [_thread_blocked, id=6756, stack(0x000000a7e6c00000,0x000000a7e6d00000)]
  0x000001cafcc8c800 JavaThread "Unconstrained build operations Thread 38" [_thread_blocked, id=17052, stack(0x000000a7e6d00000,0x000000a7e6e00000)]
  0x000001cafd235800 JavaThread "Unconstrained build operations Thread 39" [_thread_blocked, id=15912, stack(0x000000a7e6e00000,0x000000a7e6f00000)]
  0x000001cafd233000 JavaThread "Unconstrained build operations Thread 40" [_thread_blocked, id=17596, stack(0x000000a7e6f00000,0x000000a7e7000000)]
  0x000001cafd232000 JavaThread "Unconstrained build operations Thread 41" [_thread_blocked, id=16848, stack(0x000000a7e7000000,0x000000a7e7100000)]
  0x000001cafd237000 JavaThread "Unconstrained build operations Thread 42" [_thread_blocked, id=9416, stack(0x000000a7e7100000,0x000000a7e7200000)]
  0x000001cafd236000 JavaThread "Unconstrained build operations Thread 43" [_thread_blocked, id=10748, stack(0x000000a7e7200000,0x000000a7e7300000)]
  0x000001cafd233800 JavaThread "Unconstrained build operations Thread 44" [_thread_blocked, id=1476, stack(0x000000a7e7300000,0x000000a7e7400000)]
  0x000001cafd234800 JavaThread "Unconstrained build operations Thread 45" [_thread_blocked, id=1004, stack(0x000000a7e7400000,0x000000a7e7500000)]
  0x000001cafd231000 JavaThread "Unconstrained build operations Thread 46" [_thread_blocked, id=5380, stack(0x000000a7e7500000,0x000000a7e7600000)]
  0x000001cafd23b000 JavaThread "Unconstrained build operations Thread 47" [_thread_blocked, id=13160, stack(0x000000a7e7600000,0x000000a7e7700000)]
  0x000001cafd23a000 JavaThread "Unconstrained build operations Thread 48" [_thread_blocked, id=16764, stack(0x000000a7e7700000,0x000000a7e7800000)]
  0x000001cafd23c000 JavaThread "Unconstrained build operations Thread 49" [_thread_blocked, id=10760, stack(0x000000a7e7800000,0x000000a7e7900000)]
  0x000001cafd23c800 JavaThread "Unconstrained build operations Thread 50" [_thread_blocked, id=13296, stack(0x000000a7e7900000,0x000000a7e7a00000)]
  0x000001cafd23d800 JavaThread "Unconstrained build operations Thread 51" [_thread_blocked, id=6816, stack(0x000000a7e7a00000,0x000000a7e7b00000)]
  0x000001cafd238000 JavaThread "Unconstrained build operations Thread 52" [_thread_blocked, id=4528, stack(0x000000a7e7b00000,0x000000a7e7c00000)]
  0x000001cafd23e800 JavaThread "Unconstrained build operations Thread 53" [_thread_blocked, id=15532, stack(0x000000a7e7c00000,0x000000a7e7d00000)]
  0x000001cafd23f000 JavaThread "Unconstrained build operations Thread 54" [_thread_blocked, id=13024, stack(0x000000a7e7d00000,0x000000a7e7e00000)]
  0x000001cafd238800 JavaThread "Unconstrained build operations Thread 55" [_thread_blocked, id=8900, stack(0x000000a7e7e00000,0x000000a7e7f00000)]
  0x000001cafd239800 JavaThread "Unconstrained build operations Thread 56" [_thread_blocked, id=18048, stack(0x000000a7e7f00000,0x000000a7e8000000)]
  0x000001cafd240000 JavaThread "Unconstrained build operations Thread 57" [_thread_blocked, id=18028, stack(0x000000a7e8000000,0x000000a7e8100000)]
  0x000001cafead2000 JavaThread "Unconstrained build operations Thread 58" [_thread_blocked, id=16836, stack(0x000000a7e8100000,0x000000a7e8200000)]
  0x000001cafeacf800 JavaThread "Unconstrained build operations Thread 59" [_thread_blocked, id=872, stack(0x000000a7e8200000,0x000000a7e8300000)]
  0x000001cafeace000 JavaThread "Unconstrained build operations Thread 60" [_thread_blocked, id=19416, stack(0x000000a7e8300000,0x000000a7e8400000)]
  0x000001cafead0800 JavaThread "Unconstrained build operations Thread 61" [_thread_blocked, id=18984, stack(0x000000a7e8400000,0x000000a7e8500000)]
  0x000001cafead1800 JavaThread "Unconstrained build operations Thread 62" [_thread_blocked, id=11616, stack(0x000000a7e8500000,0x000000a7e8600000)]
  0x000001cafead3000 JavaThread "Unconstrained build operations Thread 63" [_thread_blocked, id=8320, stack(0x000000a7e8600000,0x000000a7e8700000)]
  0x000001cafeacf000 JavaThread "Unconstrained build operations Thread 64" [_thread_blocked, id=14668, stack(0x000000a7e8700000,0x000000a7e8800000)]
  0x000001cafeacd800 JavaThread "Unconstrained build operations Thread 65" [_thread_blocked, id=3280, stack(0x000000a7e8800000,0x000000a7e8900000)]
  0x000001cafead7000 JavaThread "Unconstrained build operations Thread 66" [_thread_blocked, id=12416, stack(0x000000a7e8900000,0x000000a7e8a00000)]
  0x000001cafead4000 JavaThread "Unconstrained build operations Thread 67" [_thread_blocked, id=10248, stack(0x000000a7e8a00000,0x000000a7e8b00000)]
  0x000001cafead4800 JavaThread "Unconstrained build operations Thread 68" [_thread_blocked, id=13756, stack(0x000000a7e8b00000,0x000000a7e8c00000)]
  0x000001cafeada800 JavaThread "Unconstrained build operations Thread 69" [_thread_blocked, id=7284, stack(0x000000a7e8c00000,0x000000a7e8d00000)]
  0x000001cafead6000 JavaThread "Unconstrained build operations Thread 70" [_thread_blocked, id=2112, stack(0x000000a7e8d00000,0x000000a7e8e00000)]
  0x000001cafead8000 JavaThread "Unconstrained build operations Thread 71" [_thread_blocked, id=19360, stack(0x000000a7e8e00000,0x000000a7e8f00000)]
  0x000001cafead8800 JavaThread "Unconstrained build operations Thread 72" [_thread_blocked, id=3896, stack(0x000000a7e8f00000,0x000000a7e9000000)]
  0x000001cafead9800 JavaThread "Unconstrained build operations Thread 73" [_thread_blocked, id=12360, stack(0x000000a7e9000000,0x000000a7e9100000)]
  0x000001cafeadb000 JavaThread "Unconstrained build operations Thread 74" [_thread_blocked, id=14096, stack(0x000000a7e9100000,0x000000a7e9200000)]
  0x000001cafead5800 JavaThread "Unconstrained build operations Thread 75" [_thread_blocked, id=18580, stack(0x000000a7e9200000,0x000000a7e9300000)]
  0x000001cafeadc000 JavaThread "Unconstrained build operations Thread 76" [_thread_blocked, id=1484, stack(0x000000a7e9300000,0x000000a7e9400000)]
  0x000001cafeb6b000 JavaThread "Unconstrained build operations Thread 77" [_thread_blocked, id=10436, stack(0x000000a7e9400000,0x000000a7e9500000)]
  0x000001cafeb6d800 JavaThread "Unconstrained build operations Thread 78" [_thread_blocked, id=684, stack(0x000000a7e9500000,0x000000a7e9600000)]
  0x000001cafeb70000 JavaThread "Unconstrained build operations Thread 79" [_thread_blocked, id=12764, stack(0x000000a7e9600000,0x000000a7e9700000)]
  0x000001cafeb6e800 JavaThread "Unconstrained build operations Thread 80" [_thread_blocked, id=9568, stack(0x000000a7e9700000,0x000000a7e9800000)]
  0x000001cafeb6c000 JavaThread "Unconstrained build operations Thread 81" [_thread_blocked, id=8096, stack(0x000000a7e9800000,0x000000a7e9900000)]
  0x000001cafeb6f000 JavaThread "Unconstrained build operations Thread 82" [_thread_blocked, id=12280, stack(0x000000a7e9900000,0x000000a7e9a00000)]
  0x000001cafeb6a800 JavaThread "Unconstrained build operations Thread 83" [_thread_blocked, id=11056, stack(0x000000a7e9a00000,0x000000a7e9b00000)]
  0x000001cafeb71000 JavaThread "Unconstrained build operations Thread 84" [_thread_blocked, id=9744, stack(0x000000a7e9b00000,0x000000a7e9c00000)]
  0x000001cafeb72800 JavaThread "Unconstrained build operations Thread 85" [_thread_blocked, id=3168, stack(0x000000a7e9c00000,0x000000a7e9d00000)]
  0x000001cafeb71800 JavaThread "Unconstrained build operations Thread 86" [_thread_blocked, id=5152, stack(0x000000a7e9d00000,0x000000a7e9e00000)]
  0x000001cafeb6c800 JavaThread "Unconstrained build operations Thread 87" [_thread_blocked, id=9860, stack(0x000000a7e9e00000,0x000000a7e9f00000)]
  0x000001cafeb75800 JavaThread "Unconstrained build operations Thread 88" [_thread_blocked, id=14308, stack(0x000000a7e9f00000,0x000000a7ea000000)]
  0x000001cafeb75000 JavaThread "Unconstrained build operations Thread 89" [_thread_blocked, id=16168, stack(0x000000a7ea000000,0x000000a7ea100000)]
  0x000001cafeb79000 JavaThread "Unconstrained build operations Thread 90" [_thread_blocked, id=19124, stack(0x000000a7ea100000,0x000000a7ea200000)]
  0x000001cafeb73800 JavaThread "Unconstrained build operations Thread 91" [_thread_blocked, id=16952, stack(0x000000a7ea200000,0x000000a7ea300000)]
  0x000001cafeb74000 JavaThread "Unconstrained build operations Thread 92" [_thread_blocked, id=6064, stack(0x000000a7ea300000,0x000000a7ea400000)]
  0x000001cafeb76800 JavaThread "Unconstrained build operations Thread 93" [_thread_blocked, id=14752, stack(0x000000a7ea400000,0x000000a7ea500000)]
  0x000001cafeb78000 JavaThread "Unconstrained build operations Thread 94" [_thread_blocked, id=14092, stack(0x000000a7ea500000,0x000000a7ea600000)]
  0x000001cafeb77800 JavaThread "Unconstrained build operations Thread 95" [_thread_blocked, id=8240, stack(0x000000a7ea600000,0x000000a7ea700000)]
  0x000001cafedfc800 JavaThread "Unconstrained build operations Thread 96" [_thread_blocked, id=19184, stack(0x000000a7ea700000,0x000000a7ea800000)]
  0x000001cafee00800 JavaThread "Unconstrained build operations Thread 97" [_thread_blocked, id=4024, stack(0x000000a7ea800000,0x000000a7ea900000)]
  0x000001cafedfd800 JavaThread "Unconstrained build operations Thread 98" [_thread_blocked, id=1584, stack(0x000000a7ea900000,0x000000a7eaa00000)]
  0x000001cafedfb000 JavaThread "Unconstrained build operations Thread 99" [_thread_blocked, id=18792, stack(0x000000a7eaa00000,0x000000a7eab00000)]
  0x000001cafedfe000 JavaThread "Unconstrained build operations Thread 100" [_thread_blocked, id=3628, stack(0x000000a7eab00000,0x000000a7eac00000)]
  0x000001cafee01800 JavaThread "Unconstrained build operations Thread 101" [_thread_blocked, id=9432, stack(0x000000a7eac00000,0x000000a7ead00000)]
  0x000001cafee00000 JavaThread "Unconstrained build operations Thread 102" [_thread_blocked, id=4876, stack(0x000000a7ead00000,0x000000a7eae00000)]
  0x000001cafedfb800 JavaThread "Unconstrained build operations Thread 103" [_thread_blocked, id=16480, stack(0x000000a7eae00000,0x000000a7eaf00000)]
  0x000001cafee04000 JavaThread "Unconstrained build operations Thread 104" [_thread_blocked, id=9988, stack(0x000000a7eaf00000,0x000000a7eb000000)]
  0x000001cafee04800 JavaThread "Unconstrained build operations Thread 105" [_thread_blocked, id=13200, stack(0x000000a7eb000000,0x000000a7eb100000)]
  0x000001cafee02800 JavaThread "Unconstrained build operations Thread 106" [_thread_blocked, id=2512, stack(0x000000a7eb100000,0x000000a7eb200000)]
  0x000001cafee03000 JavaThread "Unconstrained build operations Thread 107" [_thread_blocked, id=13760, stack(0x000000a7eb200000,0x000000a7eb300000)]
  0x000001cafedff000 JavaThread "Unconstrained build operations Thread 108" [_thread_blocked, id=19240, stack(0x000000a7eb300000,0x000000a7eb400000)]
  0x000001cafee08000 JavaThread "Unconstrained build operations Thread 109" [_thread_blocked, id=17612, stack(0x000000a7eb400000,0x000000a7eb500000)]
  0x000001cafee06800 JavaThread "Unconstrained build operations Thread 110" [_thread_blocked, id=17952, stack(0x000000a7eb500000,0x000000a7eb600000)]
  0x000001cafee05800 JavaThread "Unconstrained build operations Thread 111" [_thread_blocked, id=12468, stack(0x000000a7eb600000,0x000000a7eb700000)]
  0x000001cafee07000 JavaThread "Unconstrained build operations Thread 112" [_thread_blocked, id=5864, stack(0x000000a7eb700000,0x000000a7eb800000)]
  0x000001cafee09000 JavaThread "Unconstrained build operations Thread 113" [_thread_blocked, id=19392, stack(0x000000a7eb800000,0x000000a7eb900000)]
  0x000001cafee09800 JavaThread "Unconstrained build operations Thread 114" [_thread_blocked, id=11192, stack(0x000000a7eb900000,0x000000a7eba00000)]
  0x000001ca81941800 JavaThread "Unconstrained build operations Thread 115" [_thread_blocked, id=11040, stack(0x000000a7eba00000,0x000000a7ebb00000)]
  0x000001ca81943000 JavaThread "Unconstrained build operations Thread 116" [_thread_blocked, id=7232, stack(0x000000a7ebb00000,0x000000a7ebc00000)]
  0x000001ca81946000 JavaThread "Unconstrained build operations Thread 117" [_thread_blocked, id=4480, stack(0x000000a7ebc00000,0x000000a7ebd00000)]
  0x000001ca81940800 JavaThread "Unconstrained build operations Thread 118" [_thread_blocked, id=15876, stack(0x000000a7ebd00000,0x000000a7ebe00000)]
  0x000001ca81943800 JavaThread "Unconstrained build operations Thread 119" [_thread_blocked, id=888, stack(0x000000a7ebe00000,0x000000a7ebf00000)]
  0x000001ca81944800 JavaThread "Unconstrained build operations Thread 120" [_thread_blocked, id=4688, stack(0x000000a7ebf00000,0x000000a7ec000000)]
  0x000001ca81947000 JavaThread "jar transforms Thread 4" [_thread_blocked, id=13208, stack(0x000000a7ec000000,0x000000a7ec100000)]
  0x000001ca81948000 JavaThread "jar transforms Thread 5" [_thread_blocked, id=8056, stack(0x000000a7ec100000,0x000000a7ec200000)]
  0x000001ca81945800 JavaThread "jar transforms Thread 6" [_thread_blocked, id=3132, stack(0x000000a7ec200000,0x000000a7ec300000)]
  0x000001ca81942000 JavaThread "jar transforms Thread 7" [_thread_blocked, id=12308, stack(0x000000a7ec300000,0x000000a7ec400000)]
  0x000001ca81949800 JavaThread "jar transforms Thread 8" [_thread_blocked, id=16772, stack(0x000000a7ec400000,0x000000a7ec500000)]
  0x000001ca8194a000 JavaThread "jar transforms Thread 9" [_thread_blocked, id=10360, stack(0x000000a7ec500000,0x000000a7ec600000)]
  0x000001ca8194b000 JavaThread "jar transforms Thread 10" [_thread_blocked, id=18952, stack(0x000000a7ec600000,0x000000a7ec700000)]
  0x000001ca8194c000 JavaThread "jar transforms Thread 11" [_thread_blocked, id=8148, stack(0x000000a7ec700000,0x000000a7ec800000)]
  0x000001ca8194d800 JavaThread "jar transforms Thread 12" [_thread_blocked, id=19068, stack(0x000000a7ec800000,0x000000a7ec900000)]
  0x000001ca8194c800 JavaThread "C2 CompilerThread2" daemon [_thread_in_native, id=14376, stack(0x000000a7e4100000,0x000000a7e4200000)]
  0x000001ca81948800 JavaThread "Memory manager" [_thread_blocked, id=19244, stack(0x000000a7ec900000,0x000000a7eca00000)]

Other Threads:
  0x000001caf8bec800 VMThread "VM Thread" [stack: 0x000000a7e1500000,0x000000a7e1600000] [id=14828]
  0x000001caf9604000 WatcherThread [stack: 0x000000a7e1f00000,0x000000a7e2000000] [id=4712]
  0x000001cade315000 GCTaskThread "GC Thread#0" [stack: 0x000000a7e1000000,0x000000a7e1100000] [id=15132]
  0x000001cafa280800 GCTaskThread "GC Thread#1" [stack: 0x000000a7e2200000,0x000000a7e2300000] [id=5916]
  0x000001cafa32b000 GCTaskThread "GC Thread#2" [stack: 0x000000a7e2b00000,0x000000a7e2c00000] [id=18528]
  0x000001cafadd5000 GCTaskThread "GC Thread#3" [stack: 0x000000a7e2c00000,0x000000a7e2d00000] [id=7876]
  0x000001cafadd6000 GCTaskThread "GC Thread#4" [stack: 0x000000a7e2d00000,0x000000a7e2e00000] [id=15616]
  0x000001cafb84b000 GCTaskThread "GC Thread#5" [stack: 0x000000a7e2e00000,0x000000a7e2f00000] [id=16216]
  0x000001cafb84b800 GCTaskThread "GC Thread#6" [stack: 0x000000a7e2f00000,0x000000a7e3000000] [id=10672]
  0x000001cafa75b800 GCTaskThread "GC Thread#7" [stack: 0x000000a7e3000000,0x000000a7e3100000] [id=8028]
  0x000001cafa75c000 GCTaskThread "GC Thread#8" [stack: 0x000000a7e3100000,0x000000a7e3200000] [id=17488]
  0x000001cafa49c800 GCTaskThread "GC Thread#9" [stack: 0x000000a7e3200000,0x000000a7e3300000] [id=18272]
  0x000001cade347800 ConcurrentGCThread "G1 Main Marker" [stack: 0x000000a7e1100000,0x000000a7e1200000] [id=9656]
  0x000001cade349800 ConcurrentGCThread "G1 Conc#0" [stack: 0x000000a7e1200000,0x000000a7e1300000] [id=4220]
  0x000001cafc149800 ConcurrentGCThread "G1 Conc#1" [stack: 0x000000a7e3700000,0x000000a7e3800000] [id=19152]
  0x000001cafc14a000 ConcurrentGCThread "G1 Conc#2" [stack: 0x000000a7e3800000,0x000000a7e3900000] [id=11708]
  0x000001cade3de800 ConcurrentGCThread "G1 Refine#0" [stack: 0x000000a7e1300000,0x000000a7e1400000] [id=11172]
  0x000001cafb7fb000 ConcurrentGCThread "G1 Refine#1" [stack: 0x000000a7e3300000,0x000000a7e3400000] [id=17092]
  0x000001caf8a39000 ConcurrentGCThread "G1 Young RemSet Sampling" [stack: 0x000000a7e1400000,0x000000a7e1500000] [id=16904]

Threads with active compile tasks:
C2 CompilerThread1  11833 6029       4       java.net.URLClassLoader$1::run (5 bytes)
C2 CompilerThread2  11833 6168       4       java.util.TreeMap::put (247 bytes)

VM state:not at safepoint (normal execution)

VM Mutex/Monitor currently owned by a thread: None

Heap address: 0x0000000080000000, size: 2048 MB, Compressed Oops mode: 32-bit
Narrow klass base: 0x0000000000000000, Narrow klass shift: 3
Compressed class space size: 1073741824 Address: 0x0000000100000000

Heap:
 garbage-first heap   total 147456K, used 88691K [0x0000000080000000, 0x0000000100000000)
  region size 1024K, 46 young (47104K), 3 survivors (3072K)
 Metaspace       used 62878K, capacity 64356K, committed 64556K, reserved 1105920K
  class space    used 8001K, capacity 8547K, committed 8576K, reserved 1048576K
Heap Regions: E=young(eden), S=young(survivor), O=old, HS=humongous(starts), HC=humongous(continues), CS=collection set, F=free, A=archive, TAMS=top-at-mark-start (previous, next)
|   0|0x0000000080000000, 0x0000000080100000, 0x0000000080100000|100%| O|  |TAMS 0x0000000080100000, 0x0000000080000000| Untracked 
|   1|0x0000000080100000, 0x0000000080200000, 0x0000000080200000|100%| O|  |TAMS 0x0000000080200000, 0x0000000080100000| Untracked 
|   2|0x0000000080200000, 0x0000000080300000, 0x0000000080300000|100%| O|  |TAMS 0x0000000080300000, 0x0000000080200000| Untracked 
|   3|0x0000000080300000, 0x0000000080400000, 0x0000000080400000|100%|HS|  |TAMS 0x0000000080400000, 0x0000000080300000| Complete 
|   4|0x0000000080400000, 0x0000000080500000, 0x0000000080500000|100%|HC|  |TAMS 0x0000000080500000, 0x0000000080400000| Complete 
|   5|0x0000000080500000, 0x0000000080600000, 0x0000000080600000|100%|HC|  |TAMS 0x0000000080600000, 0x0000000080500000| Complete 
|   6|0x0000000080600000, 0x0000000080700000, 0x0000000080700000|100%| O|  |TAMS 0x0000000080700000, 0x0000000080600000| Untracked 
|   7|0x0000000080700000, 0x0000000080800000, 0x0000000080800000|100%| O|  |TAMS 0x0000000080800000, 0x0000000080700000| Untracked 
|   8|0x0000000080800000, 0x0000000080900000, 0x0000000080900000|100%| O|  |TAMS 0x0000000080900000, 0x0000000080800000| Untracked 
|   9|0x0000000080900000, 0x0000000080a00000, 0x0000000080a00000|100%| O|  |TAMS 0x0000000080a00000, 0x0000000080900000| Untracked 
|  10|0x0000000080a00000, 0x0000000080b00000, 0x0000000080b00000|100%| O|  |TAMS 0x0000000080b00000, 0x0000000080a00000| Untracked 
|  11|0x0000000080b00000, 0x0000000080c00000, 0x0000000080c00000|100%| O|  |TAMS 0x0000000080c00000, 0x0000000080b00000| Untracked 
|  12|0x0000000080c00000, 0x0000000080d00000, 0x0000000080d00000|100%| O|  |TAMS 0x0000000080d00000, 0x0000000080c00000| Untracked 
|  13|0x0000000080d00000, 0x0000000080e00000, 0x0000000080e00000|100%| O|  |TAMS 0x0000000080e00000, 0x0000000080d00000| Untracked 
|  14|0x0000000080e00000, 0x0000000080f00000, 0x0000000080f00000|100%| O|  |TAMS 0x0000000080f00000, 0x0000000080e00000| Untracked 
|  15|0x0000000080f00000, 0x0000000081000000, 0x0000000081000000|100%| O|  |TAMS 0x0000000081000000, 0x0000000080f00000| Untracked 
|  16|0x0000000081000000, 0x0000000081100000, 0x0000000081100000|100%| O|  |TAMS 0x0000000081100000, 0x0000000081000000| Untracked 
|  17|0x0000000081100000, 0x0000000081200000, 0x0000000081200000|100%|HS|  |TAMS 0x0000000081200000, 0x0000000081100000| Complete 
|  18|0x0000000081200000, 0x0000000081300000, 0x0000000081300000|100%| O|  |TAMS 0x0000000081300000, 0x0000000081200000| Untracked 
|  19|0x0000000081300000, 0x0000000081400000, 0x0000000081400000|100%| O|  |TAMS 0x0000000081400000, 0x0000000081300000| Untracked 
|  20|0x0000000081400000, 0x0000000081500000, 0x0000000081500000|100%| O|  |TAMS 0x0000000081500000, 0x0000000081400000| Untracked 
|  21|0x0000000081500000, 0x0000000081600000, 0x0000000081600000|100%| O|  |TAMS 0x0000000081600000, 0x0000000081500000| Untracked 
|  22|0x0000000081600000, 0x0000000081700000, 0x0000000081700000|100%| O|  |TAMS 0x0000000081700000, 0x0000000081600000| Untracked 
|  23|0x0000000081700000, 0x0000000081800000, 0x0000000081800000|100%| O|  |TAMS 0x0000000081800000, 0x0000000081700000| Untracked 
|  24|0x0000000081800000, 0x0000000081900000, 0x0000000081900000|100%| O|  |TAMS 0x0000000081900000, 0x0000000081800000| Untracked 
|  25|0x0000000081900000, 0x0000000081a00000, 0x0000000081a00000|100%| O|  |TAMS 0x0000000081a00000, 0x0000000081900000| Untracked 
|  26|0x0000000081a00000, 0x0000000081b00000, 0x0000000081b00000|100%| O|  |TAMS 0x0000000081b00000, 0x0000000081a00000| Untracked 
|  27|0x0000000081b00000, 0x0000000081c00000, 0x0000000081c00000|100%| O|  |TAMS 0x0000000081c00000, 0x0000000081b00000| Untracked 
|  28|0x0000000081c00000, 0x0000000081d00000, 0x0000000081d00000|100%|HS|  |TAMS 0x0000000081d00000, 0x0000000081c00000| Complete 
|  29|0x0000000081d00000, 0x0000000081e00000, 0x0000000081e00000|100%|HS|  |TAMS 0x0000000081e00000, 0x0000000081d00000| Complete 
|  30|0x0000000081e00000, 0x0000000081f00000, 0x0000000081f00000|100%|HC|  |TAMS 0x0000000081f00000, 0x0000000081e00000| Complete 
|  31|0x0000000081f00000, 0x0000000082000000, 0x0000000082000000|100%| O|  |TAMS 0x0000000082000000, 0x0000000081f00000| Untracked 
|  32|0x0000000082000000, 0x0000000082100000, 0x0000000082100000|100%| O|  |TAMS 0x0000000082100000, 0x0000000082000000| Untracked 
|  33|0x0000000082100000, 0x0000000082200000, 0x0000000082200000|100%| O|  |TAMS 0x0000000082200000, 0x0000000082100000| Untracked 
|  34|0x0000000082200000, 0x0000000082300000, 0x0000000082300000|100%| O|  |TAMS 0x0000000082300000, 0x0000000082200000| Untracked 
|  35|0x0000000082300000, 0x0000000082400000, 0x0000000082400000|100%| O|  |TAMS 0x0000000082400000, 0x0000000082300000| Untracked 
|  36|0x0000000082400000, 0x0000000082500000, 0x0000000082500000|100%| O|  |TAMS 0x0000000082500000, 0x0000000082400000| Untracked 
|  37|0x0000000082500000, 0x0000000082600000, 0x0000000082600000|100%| O|  |TAMS 0x0000000082600000, 0x0000000082500000| Untracked 
|  38|0x0000000082600000, 0x0000000082700000, 0x0000000082700000|100%| O|  |TAMS 0x0000000082700000, 0x0000000082600000| Untracked 
|  39|0x0000000082700000, 0x0000000082800000, 0x0000000082800000|100%| O|  |TAMS 0x0000000082800000, 0x0000000082700000| Untracked 
|  40|0x0000000082800000, 0x0000000082900000, 0x0000000082900000|100%| O|  |TAMS 0x0000000082900000, 0x0000000082800000| Untracked 
|  41|0x0000000082900000, 0x0000000082a00000, 0x0000000082a00000|100%| O|  |TAMS 0x0000000082a00000, 0x0000000082900000| Untracked 
|  42|0x0000000082a00000, 0x0000000082b00000, 0x0000000082b00000|100%| O|  |TAMS 0x0000000082b00000, 0x0000000082a00000| Untracked 
|  43|0x0000000082b00000, 0x0000000082b84a00, 0x0000000082c00000| 51%| O|  |TAMS 0x0000000082b84a00, 0x0000000082b00000| Untracked 
|  44|0x0000000082c00000, 0x0000000082c00000, 0x0000000082d00000|  0%| F|  |TAMS 0x0000000082c00000, 0x0000000082c00000| Untracked 
|  45|0x0000000082d00000, 0x0000000082d00000, 0x0000000082e00000|  0%| F|  |TAMS 0x0000000082d00000, 0x0000000082d00000| Untracked 
|  46|0x0000000082e00000, 0x0000000082e00000, 0x0000000082f00000|  0%| F|  |TAMS 0x0000000082e00000, 0x0000000082e00000| Untracked 
|  47|0x0000000082f00000, 0x0000000082f00000, 0x0000000083000000|  0%| F|  |TAMS 0x0000000082f00000, 0x0000000082f00000| Untracked 
|  48|0x0000000083000000, 0x0000000083000000, 0x0000000083100000|  0%| F|  |TAMS 0x0000000083000000, 0x0000000083000000| Untracked 
|  49|0x0000000083100000, 0x0000000083100000, 0x0000000083200000|  0%| F|  |TAMS 0x0000000083100000, 0x0000000083100000| Untracked 
|  50|0x0000000083200000, 0x0000000083200000, 0x0000000083300000|  0%| F|  |TAMS 0x0000000083200000, 0x0000000083200000| Untracked 
|  51|0x0000000083300000, 0x0000000083300000, 0x0000000083400000|  0%| F|  |TAMS 0x0000000083300000, 0x0000000083300000| Untracked 
|  52|0x0000000083400000, 0x0000000083400000, 0x0000000083500000|  0%| F|  |TAMS 0x0000000083400000, 0x0000000083400000| Untracked 
|  53|0x0000000083500000, 0x0000000083500000, 0x0000000083600000|  0%| F|  |TAMS 0x0000000083500000, 0x0000000083500000| Untracked 
|  54|0x0000000083600000, 0x0000000083600000, 0x0000000083700000|  0%| F|  |TAMS 0x0000000083600000, 0x0000000083600000| Untracked 
|  55|0x0000000083700000, 0x0000000083700000, 0x0000000083800000|  0%| F|  |TAMS 0x0000000083700000, 0x0000000083700000| Untracked 
|  56|0x0000000083800000, 0x0000000083800000, 0x0000000083900000|  0%| F|  |TAMS 0x0000000083800000, 0x0000000083800000| Untracked 
|  57|0x0000000083900000, 0x0000000083900000, 0x0000000083a00000|  0%| F|  |TAMS 0x0000000083900000, 0x0000000083900000| Untracked 
|  58|0x0000000083a00000, 0x0000000083a00000, 0x0000000083b00000|  0%| F|  |TAMS 0x0000000083a00000, 0x0000000083a00000| Untracked 
|  59|0x0000000083b00000, 0x0000000083b00000, 0x0000000083c00000|  0%| F|  |TAMS 0x0000000083b00000, 0x0000000083b00000| Untracked 
|  60|0x0000000083c00000, 0x0000000083c00000, 0x0000000083d00000|  0%| F|  |TAMS 0x0000000083c00000, 0x0000000083c00000| Untracked 
|  61|0x0000000083d00000, 0x0000000083d00000, 0x0000000083e00000|  0%| F|  |TAMS 0x0000000083d00000, 0x0000000083d00000| Untracked 
|  62|0x0000000083e00000, 0x0000000083e00000, 0x0000000083f00000|  0%| F|  |TAMS 0x0000000083e00000, 0x0000000083e00000| Untracked 
|  63|0x0000000083f00000, 0x0000000083f00000, 0x0000000084000000|  0%| F|  |TAMS 0x0000000083f00000, 0x0000000083f00000| Untracked 
|  64|0x0000000084000000, 0x0000000084000000, 0x0000000084100000|  0%| F|  |TAMS 0x0000000084000000, 0x0000000084000000| Untracked 
|  65|0x0000000084100000, 0x0000000084100000, 0x0000000084200000|  0%| F|  |TAMS 0x0000000084100000, 0x0000000084100000| Untracked 
|  66|0x0000000084200000, 0x0000000084200000, 0x0000000084300000|  0%| F|  |TAMS 0x0000000084200000, 0x0000000084200000| Untracked 
|  67|0x0000000084300000, 0x0000000084300000, 0x0000000084400000|  0%| F|  |TAMS 0x0000000084300000, 0x0000000084300000| Untracked 
|  68|0x0000000084400000, 0x0000000084400000, 0x0000000084500000|  0%| F|  |TAMS 0x0000000084400000, 0x0000000084400000| Untracked 
|  69|0x0000000084500000, 0x0000000084500000, 0x0000000084600000|  0%| F|  |TAMS 0x0000000084500000, 0x0000000084500000| Untracked 
|  70|0x0000000084600000, 0x0000000084600000, 0x0000000084700000|  0%| F|  |TAMS 0x0000000084600000, 0x0000000084600000| Untracked 
|  71|0x0000000084700000, 0x0000000084700000, 0x0000000084800000|  0%| F|  |TAMS 0x0000000084700000, 0x0000000084700000| Untracked 
|  72|0x0000000084800000, 0x0000000084800000, 0x0000000084900000|  0%| F|  |TAMS 0x0000000084800000, 0x0000000084800000| Untracked 
|  73|0x0000000084900000, 0x0000000084900000, 0x0000000084a00000|  0%| F|  |TAMS 0x0000000084900000, 0x0000000084900000| Untracked 
|  74|0x0000000084a00000, 0x0000000084a00000, 0x0000000084b00000|  0%| F|  |TAMS 0x0000000084a00000, 0x0000000084a00000| Untracked 
|  75|0x0000000084b00000, 0x0000000084b00000, 0x0000000084c00000|  0%| F|  |TAMS 0x0000000084b00000, 0x0000000084b00000| Untracked 
|  76|0x0000000084c00000, 0x0000000084c00000, 0x0000000084d00000|  0%| F|  |TAMS 0x0000000084c00000, 0x0000000084c00000| Untracked 
|  77|0x0000000084d00000, 0x0000000084d00000, 0x0000000084e00000|  0%| F|  |TAMS 0x0000000084d00000, 0x0000000084d00000| Untracked 
|  78|0x0000000084e00000, 0x0000000084e00000, 0x0000000084f00000|  0%| F|  |TAMS 0x0000000084e00000, 0x0000000084e00000| Untracked 
|  79|0x0000000084f00000, 0x0000000084f00000, 0x0000000085000000|  0%| F|  |TAMS 0x0000000084f00000, 0x0000000084f00000| Untracked 
|  80|0x0000000085000000, 0x0000000085000000, 0x0000000085100000|  0%| F|  |TAMS 0x0000000085000000, 0x0000000085000000| Untracked 
|  81|0x0000000085100000, 0x0000000085100000, 0x0000000085200000|  0%| F|  |TAMS 0x0000000085100000, 0x0000000085100000| Untracked 
|  82|0x0000000085200000, 0x0000000085200000, 0x0000000085300000|  0%| F|  |TAMS 0x0000000085200000, 0x0000000085200000| Untracked 
|  83|0x0000000085300000, 0x0000000085300000, 0x0000000085400000|  0%| F|  |TAMS 0x0000000085300000, 0x0000000085300000| Untracked 
|  84|0x0000000085400000, 0x0000000085400000, 0x0000000085500000|  0%| F|  |TAMS 0x0000000085400000, 0x0000000085400000| Untracked 
|  85|0x0000000085500000, 0x0000000085500000, 0x0000000085600000|  0%| F|  |TAMS 0x0000000085500000, 0x0000000085500000| Untracked 
|  86|0x0000000085600000, 0x0000000085600000, 0x0000000085700000|  0%| F|  |TAMS 0x0000000085600000, 0x0000000085600000| Untracked 
|  87|0x0000000085700000, 0x0000000085700000, 0x0000000085800000|  0%| F|  |TAMS 0x0000000085700000, 0x0000000085700000| Untracked 
|  88|0x0000000085800000, 0x0000000085800000, 0x0000000085900000|  0%| F|  |TAMS 0x0000000085800000, 0x0000000085800000| Untracked 
|  89|0x0000000085900000, 0x0000000085900000, 0x0000000085a00000|  0%| F|  |TAMS 0x0000000085900000, 0x0000000085900000| Untracked 
|  90|0x0000000085a00000, 0x0000000085a00000, 0x0000000085b00000|  0%| F|  |TAMS 0x0000000085a00000, 0x0000000085a00000| Untracked 
|  91|0x0000000085b00000, 0x0000000085b00000, 0x0000000085c00000|  0%| F|  |TAMS 0x0000000085b00000, 0x0000000085b00000| Untracked 
|  92|0x0000000085c00000, 0x0000000085c00000, 0x0000000085d00000|  0%| F|  |TAMS 0x0000000085c00000, 0x0000000085c00000| Untracked 
|  93|0x0000000085d00000, 0x0000000085d00000, 0x0000000085e00000|  0%| F|  |TAMS 0x0000000085d00000, 0x0000000085d00000| Untracked 
|  94|0x0000000085e00000, 0x0000000085e00000, 0x0000000085f00000|  0%| F|  |TAMS 0x0000000085e00000, 0x0000000085e00000| Untracked 
|  95|0x0000000085f00000, 0x0000000085f00000, 0x0000000086000000|  0%| F|  |TAMS 0x0000000085f00000, 0x0000000085f00000| Untracked 
|  96|0x0000000086000000, 0x0000000086000000, 0x0000000086100000|  0%| F|  |TAMS 0x0000000086000000, 0x0000000086000000| Untracked 
|  97|0x0000000086100000, 0x0000000086100000, 0x0000000086200000|  0%| F|  |TAMS 0x0000000086100000, 0x0000000086100000| Untracked 
|  98|0x0000000086200000, 0x0000000086300000, 0x0000000086300000|100%| E|  |TAMS 0x0000000086200000, 0x0000000086200000| Complete 
|  99|0x0000000086300000, 0x0000000086400000, 0x0000000086400000|100%| E|CS|TAMS 0x0000000086300000, 0x0000000086300000| Complete 
| 100|0x0000000086400000, 0x0000000086500000, 0x0000000086500000|100%| E|CS|TAMS 0x0000000086400000, 0x0000000086400000| Complete 
| 101|0x0000000086500000, 0x0000000086600000, 0x0000000086600000|100%| E|CS|TAMS 0x0000000086500000, 0x0000000086500000| Complete 
| 102|0x0000000086600000, 0x0000000086700000, 0x0000000086700000|100%| E|CS|TAMS 0x0000000086600000, 0x0000000086600000| Complete 
| 103|0x0000000086700000, 0x0000000086800000, 0x0000000086800000|100%| E|CS|TAMS 0x0000000086700000, 0x0000000086700000| Complete 
| 104|0x0000000086800000, 0x0000000086900000, 0x0000000086900000|100%| E|CS|TAMS 0x0000000086800000, 0x0000000086800000| Complete 
| 105|0x0000000086900000, 0x0000000086a00000, 0x0000000086a00000|100%| E|CS|TAMS 0x0000000086900000, 0x0000000086900000| Complete 
| 106|0x0000000086a00000, 0x0000000086b00000, 0x0000000086b00000|100%| E|CS|TAMS 0x0000000086a00000, 0x0000000086a00000| Complete 
| 107|0x0000000086b00000, 0x0000000086c00000, 0x0000000086c00000|100%| E|CS|TAMS 0x0000000086b00000, 0x0000000086b00000| Complete 
| 108|0x0000000086c00000, 0x0000000086d00000, 0x0000000086d00000|100%| E|CS|TAMS 0x0000000086c00000, 0x0000000086c00000| Complete 
| 109|0x0000000086d00000, 0x0000000086e00000, 0x0000000086e00000|100%| E|CS|TAMS 0x0000000086d00000, 0x0000000086d00000| Complete 
| 110|0x0000000086e00000, 0x0000000086f00000, 0x0000000086f00000|100%| E|CS|TAMS 0x0000000086e00000, 0x0000000086e00000| Complete 
| 111|0x0000000086f00000, 0x0000000087000000, 0x0000000087000000|100%| E|CS|TAMS 0x0000000086f00000, 0x0000000086f00000| Complete 
| 112|0x0000000087000000, 0x0000000087100000, 0x0000000087100000|100%| E|CS|TAMS 0x0000000087000000, 0x0000000087000000| Complete 
| 113|0x0000000087100000, 0x0000000087200000, 0x0000000087200000|100%| E|CS|TAMS 0x0000000087100000, 0x0000000087100000| Complete 
| 114|0x0000000087200000, 0x0000000087300000, 0x0000000087300000|100%| E|CS|TAMS 0x0000000087200000, 0x0000000087200000| Complete 
| 115|0x0000000087300000, 0x0000000087400000, 0x0000000087400000|100%| E|CS|TAMS 0x0000000087300000, 0x0000000087300000| Complete 
| 116|0x0000000087400000, 0x0000000087500000, 0x0000000087500000|100%| E|CS|TAMS 0x0000000087400000, 0x0000000087400000| Complete 
| 117|0x0000000087500000, 0x0000000087600000, 0x0000000087600000|100%| E|CS|TAMS 0x0000000087500000, 0x0000000087500000| Complete 
| 118|0x0000000087600000, 0x0000000087700000, 0x0000000087700000|100%| E|CS|TAMS 0x0000000087600000, 0x0000000087600000| Complete 
| 119|0x0000000087700000, 0x0000000087800000, 0x0000000087800000|100%| E|CS|TAMS 0x0000000087700000, 0x0000000087700000| Complete 
| 120|0x0000000087800000, 0x0000000087900000, 0x0000000087900000|100%| E|CS|TAMS 0x0000000087800000, 0x0000000087800000| Complete 
| 121|0x0000000087900000, 0x0000000087a00000, 0x0000000087a00000|100%| E|CS|TAMS 0x0000000087900000, 0x0000000087900000| Complete 
| 122|0x0000000087a00000, 0x0000000087b00000, 0x0000000087b00000|100%| E|CS|TAMS 0x0000000087a00000, 0x0000000087a00000| Complete 
| 123|0x0000000087b00000, 0x0000000087c00000, 0x0000000087c00000|100%| E|CS|TAMS 0x0000000087b00000, 0x0000000087b00000| Complete 
| 124|0x0000000087c00000, 0x0000000087d00000, 0x0000000087d00000|100%| E|  |TAMS 0x0000000087c00000, 0x0000000087c00000| Complete 
| 125|0x0000000087d00000, 0x0000000087e00000, 0x0000000087e00000|100%| E|CS|TAMS 0x0000000087d00000, 0x0000000087d00000| Complete 
| 126|0x0000000087e00000, 0x0000000087f00000, 0x0000000087f00000|100%| E|CS|TAMS 0x0000000087e00000, 0x0000000087e00000| Complete 
| 127|0x0000000087f00000, 0x0000000088000000, 0x0000000088000000|100%| E|CS|TAMS 0x0000000087f00000, 0x0000000087f00000| Complete 
| 128|0x0000000088000000, 0x0000000088100000, 0x0000000088100000|100%| E|CS|TAMS 0x0000000088000000, 0x0000000088000000| Complete 
| 129|0x0000000088100000, 0x0000000088200000, 0x0000000088200000|100%| E|CS|TAMS 0x0000000088100000, 0x0000000088100000| Complete 
| 130|0x0000000088200000, 0x0000000088300000, 0x0000000088300000|100%| E|CS|TAMS 0x0000000088200000, 0x0000000088200000| Complete 
| 131|0x0000000088300000, 0x0000000088400000, 0x0000000088400000|100%| E|CS|TAMS 0x0000000088300000, 0x0000000088300000| Complete 
| 132|0x0000000088400000, 0x0000000088500000, 0x0000000088500000|100%| E|CS|TAMS 0x0000000088400000, 0x0000000088400000| Complete 
| 133|0x0000000088500000, 0x0000000088600000, 0x0000000088600000|100%| E|CS|TAMS 0x0000000088500000, 0x0000000088500000| Complete 
| 134|0x0000000088600000, 0x0000000088618410, 0x0000000088700000|  9%| S|CS|TAMS 0x0000000088600000, 0x0000000088600000| Complete 
| 135|0x0000000088700000, 0x0000000088800000, 0x0000000088800000|100%| S|CS|TAMS 0x0000000088700000, 0x0000000088700000| Complete 
| 136|0x0000000088800000, 0x0000000088900000, 0x0000000088900000|100%| S|CS|TAMS 0x0000000088800000, 0x0000000088800000| Complete 
| 137|0x0000000088900000, 0x0000000088a00000, 0x0000000088a00000|100%| E|CS|TAMS 0x0000000088900000, 0x0000000088900000| Complete 
| 138|0x0000000088a00000, 0x0000000088b00000, 0x0000000088b00000|100%| E|CS|TAMS 0x0000000088a00000, 0x0000000088a00000| Complete 
| 139|0x0000000088b00000, 0x0000000088c00000, 0x0000000088c00000|100%| E|CS|TAMS 0x0000000088b00000, 0x0000000088b00000| Complete 
| 140|0x0000000088c00000, 0x0000000088d00000, 0x0000000088d00000|100%| E|CS|TAMS 0x0000000088c00000, 0x0000000088c00000| Complete 
| 141|0x0000000088d00000, 0x0000000088e00000, 0x0000000088e00000|100%| E|CS|TAMS 0x0000000088d00000, 0x0000000088d00000| Complete 
| 142|0x0000000088e00000, 0x0000000088f00000, 0x0000000088f00000|100%| E|CS|TAMS 0x0000000088e00000, 0x0000000088e00000| Complete 
| 143|0x0000000088f00000, 0x0000000089000000, 0x0000000089000000|100%| E|CS|TAMS 0x0000000088f00000, 0x0000000088f00000| Complete 

Card table byte_map: [0x000001caf1760000,0x000001caf1b60000] _byte_map_base: 0x000001caf1360000

Marking Bits (Prev, Next): (CMBitMap*) 0x000001cade33e7a0, (CMBitMap*) 0x000001cade33e768
 Prev Bits: [0x000001caf3f60000, 0x000001caf5f60000)
 Next Bits: [0x000001caf1f60000, 0x000001caf3f60000)

Polling page: 0x000001cadc290000

Metaspace:

Usage:
  Non-class:     54.50 MB capacity,    53.61 MB ( 98%) used,   759.57 KB (  1%) free+waste,   160.19 KB ( <1%) overhead. 
      Class:      8.35 MB capacity,     7.82 MB ( 94%) used,   468.51 KB (  5%) free+waste,    75.50 KB ( <1%) overhead. 
       Both:     62.85 MB capacity,    61.42 MB ( 98%) used,     1.20 MB (  2%) free+waste,   235.69 KB ( <1%) overhead. 

Virtual space:
  Non-class space:       56.00 MB reserved,      54.67 MB ( 98%) committed 
      Class space:        1.00 GB reserved,       8.38 MB ( <1%) committed 
             Both:        1.05 GB reserved,      63.04 MB (  6%) committed 

Chunk freelists:
   Non-Class:  103.00 KB
       Class:  27.00 KB
        Both:  130.00 KB

MaxMetaspaceSize: 17179869184.00 GB
CompressedClassSpaceSize: 1.00 GB
Initial GC threshold: 20.80 MB
Current GC threshold: 98.61 MB
CDS: off

CodeHeap 'non-profiled nmethods': size=120000Kb used=3769Kb max_used=3769Kb free=116230Kb
 bounds [0x000001cae98e0000, 0x000001cae9c90000, 0x000001caf0e10000]
CodeHeap 'profiled nmethods': size=120000Kb used=12887Kb max_used=12887Kb free=107112Kb
 bounds [0x000001cae23b0000, 0x000001cae3050000, 0x000001cae98e0000]
CodeHeap 'non-nmethods': size=5760Kb used=2338Kb max_used=2388Kb free=3421Kb
 bounds [0x000001cae1e10000, 0x000001cae2080000, 0x000001cae23b0000]
 total_blobs=6981 nmethods=6137 adapters=756
 compilation: enabled
              stopped_count=0, restarted_count=0
 full_count=0

Compilation events (20 events):
Event: 11.768 Thread 0x000001caf946d800 nmethod 6121 0x000001cae3026090 code [0x000001cae30262c0, 0x000001cae3026988]
Event: 11.768 Thread 0x000001caf946d800 6122       3       org.objectweb.asm.SymbolTable::put (150 bytes)
Event: 11.769 Thread 0x000001caf946d800 nmethod 6122 0x000001cae3026c90 code [0x000001cae3026ea0, 0x000001cae30276f8]
Event: 11.769 Thread 0x000001caf946d800 6123       3       org.objectweb.asm.ByteVector::putInt (74 bytes)
Event: 11.770 Thread 0x000001caf946d800 nmethod 6123 0x000001cae3027a10 code [0x000001cae3027be0, 0x000001cae3027e28]
Event: 11.775 Thread 0x000001ca8194c800 nmethod 6110 0x000001cae9c84f90 code [0x000001cae9c85180, 0x000001cae9c855f8]
Event: 11.775 Thread 0x000001caf946d800 6124   !   3       com.sun.proxy.$Proxy16::annotationType (29 bytes)
Event: 11.775 Thread 0x000001ca8194c800 6105       4       org.gradle.internal.instantiation.generator.AbstractClassGenerator$InjectionAnnotationValidator::validateMethod (502 bytes)
Event: 11.775 Thread 0x000001caf946d800 nmethod 6124 0x000001cae3027f90 code [0x000001cae3028180, 0x000001cae3028558]
Event: 11.775 Thread 0x000001caf946d800 6125       3       org.objectweb.asm.Label::<init> (5 bytes)
Event: 11.775 Thread 0x000001caf946d800 nmethod 6125 0x000001cae3028710 code [0x000001cae30288c0, 0x000001cae3028a18]
Event: 11.775 Thread 0x000001caf946d800 6126       3       org.objectweb.asm.Label::resolve (219 bytes)
Event: 11.776 Thread 0x000001caf946d800 nmethod 6126 0x000001cae3028b10 code [0x000001cae3028d00, 0x000001cae30291f8]
Event: 11.776 Thread 0x000001caf946d800 6128       3       org.objectweb.asm.Frame::getAbstractTypeFromDescriptor (415 bytes)
Event: 11.779 Thread 0x000001caf946d800 nmethod 6128 0x000001cae3029510 code [0x000001cae30298c0, 0x000001cae302b458]
Event: 11.779 Thread 0x000001caf946d800 6127       3       org.objectweb.asm.Frame::getLocal (46 bytes)
Event: 11.779 Thread 0x000001caf946d800 nmethod 6127 0x000001cae302bd90 code [0x000001cae302bf40, 0x000001cae302c138]
Event: 11.783 Thread 0x000001caf946d800 6130       3       org.objectweb.asm.Type::getDescriptor (93 bytes)
Event: 11.784 Thread 0x000001caf946d800 nmethod 6130 0x000001cae302c210 code [0x000001cae302c4a0, 0x000001cae302ce08]
Event: 11.784 Thread 0x000001caf946d800 6133       3       org.objectweb.asm.Type::getArgumentTypes (154 bytes)

GC Heap History (20 events):
Event: 4.017 GC heap before
{Heap before GC invocations=2 (full 0):
 garbage-first heap   total 122880K, used 48145K [0x0000000080000000, 0x0000000100000000)
  region size 1024K, 41 young (41984K), 9 survivors (9216K)
 Metaspace       used 20711K, capacity 21131K, committed 21248K, reserved 1067008K
  class space    used 2545K, capacity 2710K, committed 2816K, reserved 1048576K
}
Event: 4.026 GC heap after
{Heap after GC invocations=3 (full 0):
 garbage-first heap   total 122880K, used 17322K [0x0000000080000000, 0x0000000100000000)
  region size 1024K, 2 young (2048K), 2 survivors (2048K)
 Metaspace       used 20711K, capacity 21131K, committed 21248K, reserved 1067008K
  class space    used 2545K, capacity 2710K, committed 2816K, reserved 1048576K
}
Event: 4.804 GC heap before
{Heap before GC invocations=4 (full 0):
 garbage-first heap   total 122880K, used 67498K [0x0000000080000000, 0x0000000100000000)
  region size 1024K, 51 young (52224K), 2 survivors (2048K)
 Metaspace       used 25888K, capacity 26447K, committed 26624K, reserved 1073152K
  class space    used 3348K, capacity 3551K, committed 3584K, reserved 1048576K
}
Event: 4.810 GC heap after
{Heap after GC invocations=5 (full 0):
 garbage-first heap   total 122880K, used 18980K [0x0000000080000000, 0x0000000100000000)
  region size 1024K, 3 young (3072K), 3 survivors (3072K)
 Metaspace       used 25888K, capacity 26447K, committed 26624K, reserved 1073152K
  class space    used 3348K, capacity 3551K, committed 3584K, reserved 1048576K
}
Event: 5.658 GC heap before
{Heap before GC invocations=5 (full 0):
 garbage-first heap   total 122880K, used 74276K [0x0000000080000000, 0x0000000100000000)
  region size 1024K, 57 young (58368K), 3 survivors (3072K)
 Metaspace       used 31629K, capacity 32309K, committed 32512K, reserved 1077248K
  class space    used 4244K, capacity 4513K, committed 4608K, reserved 1048576K
}
Event: 5.666 GC heap after
{Heap after GC invocations=6 (full 0):
 garbage-first heap   total 122880K, used 21093K [0x0000000080000000, 0x0000000100000000)
  region size 1024K, 5 young (5120K), 5 survivors (5120K)
 Metaspace       used 31629K, capacity 32309K, committed 32512K, reserved 1077248K
  class space    used 4244K, capacity 4513K, committed 4608K, reserved 1048576K
}
Event: 5.978 GC heap before
{Heap before GC invocations=6 (full 0):
 garbage-first heap   total 122880K, used 28261K [0x0000000080000000, 0x0000000100000000)
  region size 1024K, 13 young (13312K), 5 survivors (5120K)
 Metaspace       used 34883K, capacity 35718K, committed 35840K, reserved 1081344K
  class space    used 4532K, capacity 4839K, committed 4864K, reserved 1048576K
}
Event: 5.996 GC heap after
{Heap after GC invocations=7 (full 0):
 garbage-first heap   total 122880K, used 22563K [0x0000000080000000, 0x0000000100000000)
  region size 1024K, 6 young (6144K), 6 survivors (6144K)
 Metaspace       used 34883K, capacity 35718K, committed 35840K, reserved 1081344K
  class space    used 4532K, capacity 4839K, committed 4864K, reserved 1048576K
}
Event: 6.947 GC heap before
{Heap before GC invocations=8 (full 0):
 garbage-first heap   total 122880K, used 73763K [0x0000000080000000, 0x0000000100000000)
  region size 1024K, 54 young (55296K), 6 survivors (6144K)
 Metaspace       used 39241K, capacity 40145K, committed 40192K, reserved 1083392K
  class space    used 5017K, capacity 5353K, committed 5376K, reserved 1048576K
}
Event: 6.958 GC heap after
{Heap after GC invocations=9 (full 0):
 garbage-first heap   total 122880K, used 27110K [0x0000000080000000, 0x0000000100000000)
  region size 1024K, 7 young (7168K), 7 survivors (7168K)
 Metaspace       used 39241K, capacity 40145K, committed 40192K, reserved 1083392K
  class space    used 5017K, capacity 5353K, committed 5376K, reserved 1048576K
}
Event: 7.833 GC heap before
{Heap before GC invocations=9 (full 0):
 garbage-first heap   total 122880K, used 77286K [0x0000000080000000, 0x0000000100000000)
  region size 1024K, 56 young (57344K), 7 survivors (7168K)
 Metaspace       used 43636K, capacity 44652K, committed 44928K, reserved 1087488K
  class space    used 5568K, capacity 5947K, committed 6016K, reserved 1048576K
}
Event: 7.846 GC heap after
{Heap after GC invocations=10 (full 0):
 garbage-first heap   total 122880K, used 30006K [0x0000000080000000, 0x0000000100000000)
  region size 1024K, 3 young (3072K), 3 survivors (3072K)
 Metaspace       used 43636K, capacity 44652K, committed 44928K, reserved 1087488K
  class space    used 5568K, capacity 5947K, committed 6016K, reserved 1048576K
}
Event: 8.710 GC heap before
{Heap before GC invocations=10 (full 0):
 garbage-first heap   total 122880K, used 81206K [0x0000000080000000, 0x0000000100000000)
  region size 1024K, 53 young (54272K), 3 survivors (3072K)
 Metaspace       used 47347K, capacity 48459K, committed 48512K, reserved 1091584K
  class space    used 6113K, capacity 6516K, committed 6528K, reserved 1048576K
}
Event: 8.718 GC heap after
{Heap after GC invocations=11 (full 0):
 garbage-first heap   total 147456K, used 31454K [0x0000000080000000, 0x0000000100000000)
  region size 1024K, 5 young (5120K), 5 survivors (5120K)
 Metaspace       used 47347K, capacity 48459K, committed 48512K, reserved 1091584K
  class space    used 6113K, capacity 6516K, committed 6528K, reserved 1048576K
}
Event: 9.692 GC heap before
{Heap before GC invocations=11 (full 0):
 garbage-first heap   total 147456K, used 96990K [0x0000000080000000, 0x0000000100000000)
  region size 1024K, 65 young (66560K), 5 survivors (5120K)
 Metaspace       used 49364K, capacity 50640K, committed 50944K, reserved 1093632K
  class space    used 6345K, capacity 6820K, committed 6912K, reserved 1048576K
}
Event: 9.705 GC heap after
{Heap after GC invocations=12 (full 0):
 garbage-first heap   total 147456K, used 44380K [0x0000000080000000, 0x0000000100000000)
  region size 1024K, 9 young (9216K), 9 survivors (9216K)
 Metaspace       used 49364K, capacity 50640K, committed 50944K, reserved 1093632K
  class space    used 6345K, capacity 6820K, committed 6912K, reserved 1048576K
}
Event: 10.797 GC heap before
{Heap before GC invocations=12 (full 0):
 garbage-first heap   total 147456K, used 100700K [0x0000000080000000, 0x0000000100000000)
  region size 1024K, 64 young (65536K), 9 survivors (9216K)
 Metaspace       used 57425K, capacity 58845K, committed 59136K, reserved 1099776K
  class space    used 7326K, capacity 7843K, committed 7936K, reserved 1048576K
}
Event: 10.810 GC heap after
{Heap after GC invocations=13 (full 0):
 garbage-first heap   total 147456K, used 46883K [0x0000000080000000, 0x0000000100000000)
  region size 1024K, 3 young (3072K), 3 survivors (3072K)
 Metaspace       used 57425K, capacity 58845K, committed 59136K, reserved 1099776K
  class space    used 7326K, capacity 7843K, committed 7936K, reserved 1048576K
}
Event: 10.965 GC heap before
{Heap before GC invocations=13 (full 0):
 garbage-first heap   total 147456K, used 53027K [0x0000000080000000, 0x0000000100000000)
  region size 1024K, 10 young (10240K), 3 survivors (3072K)
 Metaspace       used 58376K, capacity 59834K, committed 59948K, reserved 1101824K
  class space    used 7461K, capacity 8025K, committed 8064K, reserved 1048576K
}
Event: 10.972 GC heap after
{Heap after GC invocations=14 (full 0):
 garbage-first heap   total 147456K, used 46707K [0x0000000080000000, 0x0000000100000000)
  region size 1024K, 3 young (3072K), 3 survivors (3072K)
 Metaspace       used 58376K, capacity 59834K, committed 59948K, reserved 1101824K
  class space    used 7461K, capacity 8025K, committed 8064K, reserved 1048576K
}

Deoptimization events (20 events):
Event: 11.317 Thread 0x000001caf9472800 Uncommon trap: trap_request=0xffffff4d fr.pc=0x000001cae9bb93a8 relative=0x0000000000000268
Event: 11.317 Thread 0x000001caf9472800 Uncommon trap: reason=unstable_if action=reinterpret pc=0x000001cae9bb93a8 method=java.util.LinkedHashMap.get(Ljava/lang/Object;)Ljava/lang/Object; @ 20 c2
Event: 11.317 Thread 0x000001caf9472800 DEOPT PACKING pc=0x000001cae9bb93a8 sp=0x000000a7e27f3b10
Event: 11.317 Thread 0x000001caf9472800 DEOPT UNPACKING pc=0x000001cae1e5a1af sp=0x000000a7e27f3ac8 mode 2
Event: 11.317 Thread 0x000001caf9472800 DEOPT PACKING pc=0x000001cae2569957 sp=0x000000a7e27f3be0
Event: 11.317 Thread 0x000001caf9472800 DEOPT UNPACKING pc=0x000001cae1e5a95e sp=0x000000a7e27f3190 mode 0
Event: 11.319 Thread 0x000001caf9472800 DEOPT PACKING pc=0x000001cae2569957 sp=0x000000a7e27f3be0
Event: 11.319 Thread 0x000001caf9472800 DEOPT UNPACKING pc=0x000001cae1e5a95e sp=0x000000a7e27f3190 mode 0
Event: 11.320 Thread 0x000001caf9472800 DEOPT PACKING pc=0x000001cae2569957 sp=0x000000a7e27f3be0
Event: 11.320 Thread 0x000001caf9472800 DEOPT UNPACKING pc=0x000001cae1e5a95e sp=0x000000a7e27f3190 mode 0
Event: 11.322 Thread 0x000001caf9472800 DEOPT PACKING pc=0x000001cae2569957 sp=0x000000a7e27f3be0
Event: 11.322 Thread 0x000001caf9472800 DEOPT UNPACKING pc=0x000001cae1e5a95e sp=0x000000a7e27f3190 mode 0
Event: 11.323 Thread 0x000001caf9472800 DEOPT PACKING pc=0x000001cae2569957 sp=0x000000a7e27f3be0
Event: 11.323 Thread 0x000001caf9472800 DEOPT UNPACKING pc=0x000001cae1e5a95e sp=0x000000a7e27f3190 mode 0
Event: 11.325 Thread 0x000001caf9472800 DEOPT PACKING pc=0x000001cae2569957 sp=0x000000a7e27f3be0
Event: 11.325 Thread 0x000001caf9472800 DEOPT UNPACKING pc=0x000001cae1e5a95e sp=0x000000a7e27f3190 mode 0
Event: 11.326 Thread 0x000001caf9472800 Uncommon trap: trap_request=0xffffff4d fr.pc=0x000001cae99c9ad4 relative=0x0000000000000414
Event: 11.326 Thread 0x000001caf9472800 Uncommon trap: reason=unstable_if action=reinterpret pc=0x000001cae99c9ad4 method=java.lang.StringLatin1.regionMatchesCI([BI[BII)Z @ 66 c2
Event: 11.326 Thread 0x000001caf9472800 DEOPT PACKING pc=0x000001cae99c9ad4 sp=0x000000a7e27f3890
Event: 11.326 Thread 0x000001caf9472800 DEOPT UNPACKING pc=0x000001cae1e5a1af sp=0x000000a7e27f3820 mode 2

Classes redefined (0 events):
No events

Internal exceptions (20 events):
Event: 9.598 Thread 0x000001cafbaa9800 Exception <a 'java/lang/NoSuchMethodError'{0x0000000085738540}: <clinit>> (0x0000000085738540) thrown at [./src/hotspot/share/prims/jni.cpp, line 1365]
Event: 9.599 Thread 0x000001cafbaa9800 Exception <a 'java/lang/NoSuchMethodError'{0x0000000085742ca8}: <clinit>> (0x0000000085742ca8) thrown at [./src/hotspot/share/prims/jni.cpp, line 1365]
Event: 9.602 Thread 0x000001cafbaa9800 Exception <a 'java/lang/NoSuchMethodError'{0x0000000085756d70}: <clinit>> (0x0000000085756d70) thrown at [./src/hotspot/share/prims/jni.cpp, line 1365]
Event: 9.616 Thread 0x000001caf9472800 Exception <a 'java/lang/ClassNotFoundException'{0x0000000085788148}: build_audy3z2kxly5cdnc2s3cayqjsBeanInfo> (0x0000000085788148) thrown at [./src/hotspot/share/classfile/systemDictionary.cpp, line 231]
Event: 9.616 Thread 0x000001caf9472800 Exception <a 'java/lang/ClassNotFoundException'{0x0000000085793100}: build_audy3z2kxly5cdnc2s3cayqjsCustomizer> (0x0000000085793100) thrown at [./src/hotspot/share/classfile/systemDictionary.cpp, line 231]
Event: 9.656 Thread 0x000001caf9472800 Exception <a 'java/lang/ClassNotFoundException'{0x000000008552fad8}: org/gradle/api/internal/plugins/DefaultObjectConfigurationActionBeanInfo> (0x000000008552fad8) thrown at [./src/hotspot/share/classfile/systemDictionary.cpp, line 231]
Event: 9.658 Thread 0x000001caf9472800 Exception <a 'java/lang/ClassNotFoundException'{0x0000000085564d78}: org/gradle/api/internal/plugins/DefaultObjectConfigurationActionCustomizer> (0x0000000085564d78) thrown at [./src/hotspot/share/classfile/systemDictionary.cpp, line 231]
Event: 9.841 Thread 0x000001caf9472800 Exception <a 'java/lang/NoSuchMethodError'{0x00000000887ad230}: 'java.lang.Object java.lang.invoke.DirectMethodHandle$Holder.invokeStatic(java.lang.Object, java.lang.Object, java.lang.Object, java.lang.Object, int)'> (0x00000000887ad230) thrown at [./src/hotspot/share/interpreter/linkResolver.cpp, line 773]
Event: 9.842 Thread 0x000001caf9472800 Exception <a 'java/lang/NoSuchMethodError'{0x00000000887b1c28}: 'java.lang.Object java.lang.invoke.DirectMethodHandle$Holder.invokeSpecial(java.lang.Object, java.lang.Object, java.lang.Object, java.lang.Object, java.lang.Object, int)'> (0x00000000887b1c28) thrown at [./src/hotspot/share/interpreter/linkResolver.cpp, line 773]
Event: 9.843 Thread 0x000001caf9472800 Exception <a 'java/lang/NoSuchMethodError'{0x00000000887b6268}: 'java.lang.Object java.lang.invoke.Invokers$Holder.linkToTargetMethod(java.lang.Object, java.lang.Object, java.lang.Object, int, java.lang.Object)'> (0x00000000887b6268) thrown at [./src/hotspot/share/interpreter/linkResolver.cpp, line 773]
Event: 10.144 Thread 0x000001caf9472800 Exception <a 'java/lang/NoSuchMethodError'{0x00000000878f3288}: 'java.lang.Object java.lang.invoke.DirectMethodHandle$Holder.invokeSpecial(java.lang.Object, java.lang.Object, int, int, java.lang.Object, java.lang.Object, java.lang.Object)'> (0x00000000878f3288) thrown at [./src/hotspot/share/interpreter/linkResolver.cpp, line 773]
Event: 10.144 Thread 0x000001caf9472800 Exception <a 'java/lang/NoSuchMethodError'{0x00000000878f7808}: 'java.lang.Object java.lang.invoke.DelegatingMethodHandle$Holder.reinvoke_L(java.lang.Object, int, int, java.lang.Object, java.lang.Object, java.lang.Object)'> (0x00000000878f7808) thrown at [./src/hotspot/share/interpreter/linkResolver.cpp, line 773]
Event: 10.472 Thread 0x000001caf9472800 Exception <a 'java/lang/NoSuchMethodError'{0x0000000086b6ff68}: 'int java.lang.invoke.DirectMethodHandle$Holder.invokeInterface(java.lang.Object, java.lang.Object, java.lang.Object, java.lang.Object)'> (0x0000000086b6ff68) thrown at [./src/hotspot/share/interpreter/linkResolver.cpp, line 773]
Event: 10.750 Thread 0x000001caf9472800 Exception <a 'java/lang/NoSuchMethodError'{0x0000000085b7af30}: 'void java.lang.invoke.DirectMethodHandle$Holder.invokeInterface(java.lang.Object, java.lang.Object, java.lang.Object, java.lang.Object)'> (0x0000000085b7af30) thrown at [./src/hotspot/share/interpreter/linkResolver.cpp, line 773]
Event: 10.957 Thread 0x000001caf9472800 Exception <a 'java/lang/IncompatibleClassChangeError'{0x0000000088905468}: Found class java.lang.Object, but interface was expected> (0x0000000088905468) thrown at [./src/hotspot/share/interpreter/linkResolver.cpp, line 839]
Event: 11.065 Thread 0x000001caf9472800 Implicit null exception at 0x000001cae9bed554 to 0x000001cae9bed738
Event: 11.065 Thread 0x000001caf9472800 Implicit null exception at 0x000001cae9bd7cb9 to 0x000001cae9bd7d9c
Event: 11.165 Thread 0x000001caf9472800 Implicit null exception at 0x000001cae9a5de0b to 0x000001cae9a5dee4
Event: 11.231 Thread 0x000001caf9472800 Implicit null exception at 0x000001cae9a536ac to 0x000001cae9a5385a
Event: 11.422 Thread 0x000001caf9472800 Exception <a 'sun/nio/fs/WindowsException'{0x00000000877e95d0}> (0x00000000877e95d0) thrown at [./src/hotspot/share/prims/jni.cpp, line 615]

Events (20 events):
Event: 11.752 loading class com/android/build/gradle/internal/dsl/DependenciesInfoImpl
Event: 11.752 loading class com/android/build/gradle/internal/dsl/DependenciesInfoImpl done
Event: 11.756 loading class com/android/build/gradle/internal/dsl/Splits$AgpDecorated
Event: 11.756 loading class com/android/build/gradle/internal/dsl/Splits$AgpDecorated done
Event: 11.757 loading class com/android/build/gradle/internal/dsl/LanguageSplitOptions
Event: 11.757 loading class com/android/build/gradle/internal/dsl/LanguageSplitOptions done
Event: 11.765 loading class com/android/build/gradle/internal/dsl/AbiSplitOptions$AgpDecorated
Event: 11.765 loading class com/android/build/gradle/internal/dsl/AbiSplitOptions$AgpDecorated done
Event: 11.766 loading class kotlin/annotation/Target
Event: 11.766 loading class kotlin/annotation/Target done
Event: 11.771 loading class com/android/build/gradle/internal/core/Abi
Event: 11.771 loading class com/android/build/gradle/internal/core/Abi done
Event: 11.772 loading class com/google/common/collect/ImmutableList$Builder
Event: 11.772 loading class com/google/common/collect/ImmutableList$Builder done
Event: 11.774 loading class com/android/build/gradle/internal/dsl/DensitySplitOptions$AgpDecorated
Event: 11.774 loading class com/android/build/gradle/internal/dsl/DensitySplitOptions$AgpDecorated done
Event: 11.780 loading class com/android/build/gradle/internal/CompileOptions$AgpDecorated
Event: 11.780 loading class com/android/build/gradle/internal/CompileOptions$AgpDecorated done
Event: 11.787 loading class com/google/common/base/Charsets
Event: 11.787 loading class com/google/common/base/Charsets done


Dynamic libraries:
0x00007ff73fdb0000 - 0x00007ff73fdba000 	D:\asus\Android Studio\jre\bin\java.exe
0x00007fffbcf10000 - 0x00007fffbd108000 	C:\Windows\SYSTEM32\ntdll.dll
0x00007fffbbf10000 - 0x00007fffbbfcf000 	C:\Windows\System32\KERNEL32.DLL
0x00007fffba9a0000 - 0x00007fffbac72000 	C:\Windows\System32\KERNELBASE.dll
0x00007fffba760000 - 0x00007fffba860000 	C:\Windows\System32\ucrtbase.dll
0x00007fffaeb80000 - 0x00007fffaeb97000 	D:\asus\Android Studio\jre\bin\VCRUNTIME140.dll
0x00007fffb5f10000 - 0x00007fffb5f29000 	D:\asus\Android Studio\jre\bin\jli.dll
0x00007fffbbcf0000 - 0x00007fffbbe91000 	C:\Windows\System32\USER32.dll
0x00007fffba970000 - 0x00007fffba992000 	C:\Windows\System32\win32u.dll
0x00007fffab2d0000 - 0x00007fffab56a000 	C:\Windows\WinSxS\amd64_microsoft.windows.common-controls_6595b64144ccf1df_6.0.19041.1110_none_60b5254171f9507e\COMCTL32.dll
0x00007fffbcd10000 - 0x00007fffbcd3b000 	C:\Windows\System32\GDI32.dll
0x00007fffbc110000 - 0x00007fffbc1ae000 	C:\Windows\System32\msvcrt.dll
0x00007fffba860000 - 0x00007fffba96f000 	C:\Windows\System32\gdi32full.dll
0x00007fffbaec0000 - 0x00007fffbaf5d000 	C:\Windows\System32\msvcp_win.dll
0x00007fffbb770000 - 0x00007fffbb7a0000 	C:\Windows\System32\IMM32.DLL
0x00007fff97ff0000 - 0x00007fff9808d000 	D:\asus\Android Studio\jre\bin\msvcp140.dll
0x00007fff84dc0000 - 0x00007fff858a5000 	D:\asus\Android Studio\jre\bin\server\jvm.dll
0x00007fffbc900000 - 0x00007fffbc9ae000 	C:\Windows\System32\ADVAPI32.dll
0x00007fffbc720000 - 0x00007fffbc7bc000 	C:\Windows\System32\sechost.dll
0x00007fffbc2d0000 - 0x00007fffbc3f4000 	C:\Windows\System32\RPCRT4.dll
0x00007fffbb010000 - 0x00007fffbb018000 	C:\Windows\System32\PSAPI.DLL
0x00007fffb00c0000 - 0x00007fffb00e7000 	C:\Windows\SYSTEM32\WINMM.dll
0x00007fffb55e0000 - 0x00007fffb55e9000 	C:\Windows\SYSTEM32\WSOCK32.dll
0x00007fffb0de0000 - 0x00007fffb0dea000 	C:\Windows\SYSTEM32\VERSION.dll
0x00007fffbbea0000 - 0x00007fffbbf0b000 	C:\Windows\System32\WS2_32.dll
0x00007fffb8e60000 - 0x00007fffb8e72000 	C:\Windows\SYSTEM32\kernel.appcore.dll
0x00007fffb3ff0000 - 0x00007fffb4001000 	D:\asus\Android Studio\jre\bin\verify.dll
0x00007fffb8a40000 - 0x00007fffb8c24000 	C:\Windows\SYSTEM32\DBGHELP.DLL
0x00007fffa5a00000 - 0x00007fffa5a35000 	C:\Windows\SYSTEM32\dbgcore.DLL
0x00007fffbacd0000 - 0x00007fffbad52000 	C:\Windows\System32\bcryptPrimitives.dll
0x00007fffaead0000 - 0x00007fffaeaf9000 	D:\asus\Android Studio\jre\bin\java.dll
0x00007fffb53d0000 - 0x00007fffb53db000 	D:\asus\Android Studio\jre\bin\jimage.dll
0x00007fffb3d60000 - 0x00007fffb3d78000 	D:\asus\Android Studio\jre\bin\zip.dll
0x00007fffbb020000 - 0x00007fffbb765000 	C:\Windows\System32\SHELL32.dll
0x00007fffb82a0000 - 0x00007fffb8a32000 	C:\Windows\SYSTEM32\windows.storage.dll
0x00007fffbc9b0000 - 0x00007fffbcd05000 	C:\Windows\System32\combase.dll
0x00007fffba070000 - 0x00007fffba0a0000 	C:\Windows\SYSTEM32\Wldp.dll
0x00007fffbaf60000 - 0x00007fffbb00d000 	C:\Windows\System32\SHCORE.dll
0x00007fffbc620000 - 0x00007fffbc675000 	C:\Windows\System32\shlwapi.dll
0x00007fffba550000 - 0x00007fffba56f000 	C:\Windows\SYSTEM32\profapi.dll
0x00007fffb3bf0000 - 0x00007fffb3c0a000 	D:\asus\Android Studio\jre\bin\net.dll
0x00007fffb1880000 - 0x00007fffb198a000 	C:\Windows\SYSTEM32\WINHTTP.dll
0x00007fffb9dd0000 - 0x00007fffb9e3a000 	C:\Windows\system32\mswsock.dll
0x00007fffb0dc0000 - 0x00007fffb0dd4000 	D:\asus\Android Studio\jre\bin\nio.dll
0x00007fffa1300000 - 0x00007fffa1327000 	C:\Users\asus\.gradle\native\e1d6ef7f7dcc3fd88c89a11ec53ec762bb8ba0a96d01ffa2cd45eb1d1d8dd5c5\windows-amd64\native-platform.dll
0x00007fff94e60000 - 0x00007fff94fa4000 	C:\Users\asus\.gradle\native\5664cfc778a61ccfe75a443a1ab52a65af34e5dc3c78e0209fed803814484fcb\windows-amd64\native-platform-file-events.dll
0x00007fffb4260000 - 0x00007fffb426a000 	D:\asus\Android Studio\jre\bin\management.dll
0x00007fffb3d20000 - 0x00007fffb3d2d000 	D:\asus\Android Studio\jre\bin\management_ext.dll
0x00007fffb9fc0000 - 0x00007fffb9fd8000 	C:\Windows\SYSTEM32\CRYPTSP.dll
0x00007fffb9680000 - 0x00007fffb96b4000 	C:\Windows\system32\rsaenh.dll
0x00007fffba610000 - 0x00007fffba637000 	C:\Windows\System32\bcrypt.dll
0x00007fffba510000 - 0x00007fffba53e000 	C:\Windows\SYSTEM32\USERENV.dll
0x00007fffb9fe0000 - 0x00007fffb9fec000 	C:\Windows\SYSTEM32\CRYPTBASE.dll
0x00007fffb9a70000 - 0x00007fffb9aab000 	C:\Windows\SYSTEM32\IPHLPAPI.DLL
0x00007fffbbc10000 - 0x00007fffbbc18000 	C:\Windows\System32\NSI.dll
0x00007fffb2c60000 - 0x00007fffb2c77000 	C:\Windows\SYSTEM32\dhcpcsvc6.DLL
0x00007fffb2d60000 - 0x00007fffb2d7d000 	C:\Windows\SYSTEM32\dhcpcsvc.DLL
0x00007fffb9ac0000 - 0x00007fffb9b8b000 	C:\Windows\SYSTEM32\DNSAPI.dll

dbghelp: loaded successfully - version: 4.0.5 - missing functions: none
symbol engine: initialized successfully - sym options: 0x614 - pdb path: .;D:\asus\Android Studio\jre\bin;C:\Windows\SYSTEM32;C:\Windows\WinSxS\amd64_microsoft.windows.common-controls_6595b64144ccf1df_6.0.19041.1110_none_60b5254171f9507e;D:\asus\Android Studio\jre\bin\server;C:\Users\asus\.gradle\native\e1d6ef7f7dcc3fd88c89a11ec53ec762bb8ba0a96d01ffa2cd45eb1d1d8dd5c5\windows-amd64;C:\Users\asus\.gradle\native\5664cfc778a61ccfe75a443a1ab52a65af34e5dc3c78e0209fed803814484fcb\windows-amd64

VM Arguments:
jvm_args: --add-opens=java.base/java.util=ALL-UNNAMED --add-opens=java.base/java.lang=ALL-UNNAMED --add-opens=java.base/java.lang.invoke=ALL-UNNAMED --add-opens=java.base/java.util=ALL-UNNAMED --add-opens=java.prefs/java.util.prefs=ALL-UNNAMED --add-opens=java.prefs/java.util.prefs=ALL-UNNAMED --add-opens=java.base/java.nio.charset=ALL-UNNAMED --add-opens=java.base/java.net=ALL-UNNAMED --add-opens=java.base/java.util.concurrent.atomic=ALL-UNNAMED -Xmx2048m -Dfile.encoding=UTF-8 -Duser.country=US -Duser.language=en -Duser.variant 
java_command: org.gradle.launcher.daemon.bootstrap.GradleDaemon 7.3.3
java_class_path (initial): C:\Users\asus\.gradle\wrapper\dists\gradle-7.3.3-bin\6a41zxkdtcxs8rphpq6y0069z\gradle-7.3.3\lib\gradle-launcher-7.3.3.jar
Launcher Type: SUN_STANDARD

[Global flags]
     intx CICompilerCount                          = 4                                         {product} {ergonomic}
     uint ConcGCThreads                            = 3                                         {product} {ergonomic}
     uint G1ConcRefinementThreads                  = 10                                        {product} {ergonomic}
   size_t G1HeapRegionSize                         = 1048576                                   {product} {ergonomic}
    uintx GCDrainStackTargetSize                   = 64                                        {product} {ergonomic}
   size_t InitialHeapSize                          = 125829120                                 {product} {ergonomic}
   size_t MarkStackSize                            = 4194304                                   {product} {ergonomic}
   size_t MaxHeapSize                              = 2147483648                                {product} {command line}
   size_t MaxNewSize                               = 1287651328                                {product} {ergonomic}
   size_t MinHeapDeltaBytes                        = 1048576                                   {product} {ergonomic}
    uintx NonNMethodCodeHeapSize                   = 5836300                                {pd product} {ergonomic}
    uintx NonProfiledCodeHeapSize                  = 122910970                              {pd product} {ergonomic}
    uintx ProfiledCodeHeapSize                     = 122910970                              {pd product} {ergonomic}
    uintx ReservedCodeCacheSize                    = 251658240                              {pd product} {ergonomic}
     bool SegmentedCodeCache                       = true                                      {product} {ergonomic}
     bool UseCompressedClassPointers               = true                                 {lp64_product} {ergonomic}
     bool UseCompressedOops                        = true                                 {lp64_product} {ergonomic}
     bool UseG1GC                                  = true                                      {product} {ergonomic}
     bool UseLargePagesIndividualAllocation        = false                                  {pd product} {ergonomic}

Logging:
Log output configuration:
 #0: stdout all=warning uptime,level,tags
 #1: stderr all=off uptime,level,tags

Environment Variables:
JAVA_HOME=C:\Program Files\Zulu\zulu-8
PATH=C:\Program Files\Zulu\zulu-8\bin\;C:\Program Files\Common Files\Oracle\Java\javapath;C:\Program Files (x86)\Common Files\Intel\Shared Files\cpp\bin\Intel64;C:\Windows\system32;C:\Windows;C:\Windows\System32\Wbem;C:\Windows\System32\WindowsPowerShell\v1.0\;C:\Windows\System32\OpenSSH\;C:\xampp\mysql\bin;C:\gradle\bin;D:\xampp\php;C:\ProgramData\ComposerSetup\bin;D:\asus\;C:\Program Files\Git\cmd;C:\Program Files\MySQL\MySQL Shell 8.0\bin\;C:\Users\asus\AppData\Local\Microsoft\WindowsApps;C:\Users\asus\AppData\Local\Programs\Microsoft VS Code\bin;C:\Users\asus\AppData\Roaming\Composer\vendor\bin;D:\asus\heroku\bin;C:\Users\asus\AppData\Roaming\npm;D:\asus\miktex\miktex\bin\x64\
USERNAME=asus
OS=Windows_NT
PROCESSOR_IDENTIFIER=AMD64 Family 23 Model 104 Stepping 1, AuthenticAMD



---------------  S Y S T E M  ---------------

OS: Windows 10 , 64 bit Build 19041 (10.0.19041.2546)
OS uptime: 1 days 5:06 hours

CPU:total 12 (initial active 12) (12 cores per cpu, 2 threads per core) family 23 model 104 stepping 1 microcode 0x0, cmov, cx8, fxsr, mmx, sse, sse2, sse3, ssse3, sse4.1, sse4.2, popcnt, avx, avx2, aes, clmul, mmxext, 3dnowpref, lzcnt, sse4a, ht, tsc, tscinvbit, tscinv, bmi1, bmi2, adx, sha, fma

Memory: 4k page, system-wide physical 7580M (754M free)
TotalPageFile size 9580M (AvailPageFile size 6M)
current process WorkingSet (physical memory assigned to process): 356M, peak: 359M
current process commit charge ("private bytes"): 403M, peak: 407M

vm_info: OpenJDK 64-Bit Server VM (11.0.12+7-b1504.28-7817840) for windows-amd64 JRE (11.0.12+7-b1504.28-7817840), built on Oct 13 2021 22:12:33 by "builder" with MS VC++ 14.0 (VS2015)

END.
