#
# There is insufficient memory for the Java Runtime Environment to continue.
# Native memory allocation (malloc) failed to allocate 981536 bytes for Chunk::new
# Possible reasons:
#   The system is out of physical RAM or swap space
#   The process is running with CompressedOops enabled, and the Java Heap may be blocking the growth of the native heap
# Possible solutions:
#   Reduce memory load on the system
#   Increase physical memory or swap space
#   Check if swap backing store is full
#   Decrease Java heap size (-Xmx/-Xms)
#   Decrease number of Java threads
#   Decrease Java thread stack sizes (-Xss)
#   Set larger code cache with -XX:ReservedCodeCacheSize=
#   JVM is running with Unscaled Compressed Oops mode in which the Java heap is
#     placed in the first 4GB address space. The Java Heap base address is the
#     maximum limit for the native heap growth. Please use -XX:HeapBaseMinAddress
#     to set the Java Heap base and to place the Java Heap above 4GB virtual address.
# This output file may be truncated or incomplete.
#
#  Out of Memory Error (./src/hotspot/share/memory/arena.cpp:197), pid=9028, tid=11624
#
# JRE version: OpenJDK Runtime Environment (11.0.12+7) (build 11.0.12+7-b1504.28-7817840)
# Java VM: OpenJDK 64-Bit Server VM (11.0.12+7-b1504.28-7817840, mixed mode, tiered, compressed oops, g1 gc, windows-amd64)
# No core dump will be written. Minidumps are not enabled by default on client versions of Windows
#

---------------  S U M M A R Y ------------

Command Line: --add-opens=java.base/java.util=ALL-UNNAMED --add-opens=java.base/java.lang=ALL-UNNAMED --add-opens=java.base/java.lang.invoke=ALL-UNNAMED --add-opens=java.base/java.util=ALL-UNNAMED --add-opens=java.prefs/java.util.prefs=ALL-UNNAMED --add-opens=java.prefs/java.util.prefs=ALL-UNNAMED --add-opens=java.base/java.nio.charset=ALL-UNNAMED --add-opens=java.base/java.net=ALL-UNNAMED --add-opens=java.base/java.util.concurrent.atomic=ALL-UNNAMED -Xmx2048m -Dfile.encoding=UTF-8 -Duser.country=US -Duser.language=en -Duser.variant org.gradle.launcher.daemon.bootstrap.GradleDaemon 7.3.3

Host: AMD Ryzen 5 5500U with Radeon Graphics         , 12 cores, 7G,  Windows 10 , 64 bit Build 19041 (10.0.19041.2546)
Time: Tue Apr 11 21:09:53 2023 SE Asia Standard Time elapsed time: 65.231350 seconds (0d 0h 1m 5s)

---------------  T H R E A D  ---------------

Current thread (0x0000026cd0802800):  JavaThread "C2 CompilerThread2" daemon [_thread_in_native, id=11624, stack(0x00000086d6a00000,0x00000086d6b00000)]


Current CompileTask:
C2:  65231 11291   !   4       org.gradle.internal.instantiation.generator.DependencyInjectingInstantiator::doCreate (64 bytes)

Stack: [0x00000086d6a00000,0x00000086d6b00000]
Native frames: (J=compiled Java code, j=interpreted, Vv=VM code, C=native code)
V  [jvm.dll+0x5fbcea]
V  [jvm.dll+0x731905]
V  [jvm.dll+0x732f1d]
V  [jvm.dll+0x7335d3]
V  [jvm.dll+0x247bf8]
V  [jvm.dll+0xc018c]
V  [jvm.dll+0xc06cc]
V  [jvm.dll+0x2bcc04]
V  [jvm.dll+0x5113a8]
V  [jvm.dll+0x201d61]
V  [jvm.dll+0x1ff71f]
V  [jvm.dll+0x18868c]
V  [jvm.dll+0x20e0d7]
V  [jvm.dll+0x20c901]
V  [jvm.dll+0x6f9b7f]
V  [jvm.dll+0x6f26a5]
V  [jvm.dll+0x5fabf6]
C  [ucrtbase.dll+0x21bb2]
C  [KERNEL32.DLL+0x17614]
C  [ntdll.dll+0x526a1]


---------------  P R O C E S S  ---------------

Threads class SMR info:
_java_thread_list=0x0000026cd42086e0, length=168, elements={
0x0000026cb41fc000, 0x0000026cceac5000, 0x0000026cceaca800, 0x0000026ccf453800,
0x0000026cceae3800, 0x0000026cceae4800, 0x0000026cceaf2800, 0x0000026cceaf8000,
0x0000026ccf474000, 0x0000026ccf5c8000, 0x0000026cd0581800, 0x0000026ccf792000,
0x0000026ccf8e0800, 0x0000026cd1429000, 0x0000026cd18f7000, 0x0000026cd01a8000,
0x0000026cd01a6000, 0x0000026cd01a9000, 0x0000026cd01aa000, 0x0000026cd01a4000,
0x0000026ccf9c2800, 0x0000026ccf9c1000, 0x0000026ccf9bd000, 0x0000026ccf9ca000,
0x0000026ccf9c8800, 0x0000026cd4318800, 0x0000026cd431a000, 0x0000026cd4319000,
0x0000026cd431a800, 0x0000026cd431b800, 0x0000026cd4316800, 0x0000026cd4322000,
0x0000026cd4323000, 0x0000026cd431f800, 0x0000026cd431e000, 0x0000026cd07fa000,
0x0000026cd07f8000, 0x0000026cd07fc000, 0x0000026cd07fa800, 0x0000026cd07fb800,
0x0000026cd07fd000, 0x0000026cd07f9000, 0x0000026cd0802800, 0x0000026cd0803800,
0x0000026cd0800800, 0x0000026cd0801000, 0x0000026cd0802000, 0x0000026cd07fe000,
0x0000026cd0804800, 0x0000026cd07fe800, 0x0000026cd0806000, 0x0000026cd0805000,
0x0000026cd0807000, 0x0000026ccf9bf800, 0x0000026ccf9c2000, 0x0000026ccf9bc000,
0x0000026ccf9cb000, 0x0000026ccf9c9000, 0x0000026ccf9c5000, 0x0000026ccf9c6000,
0x0000026ccf9c7000, 0x0000026ccf9c7800, 0x0000026cd431c800, 0x0000026cd4317800,
0x0000026cd4320800, 0x0000026cd4323800, 0x0000026cd4321800, 0x0000026cd4324800,
0x0000026cd4325800, 0x0000026cd01a6800, 0x0000026cd01a5000, 0x0000026cd01a7800,
0x0000026cd01a3800, 0x0000026cd3dcb800, 0x0000026cd3dcc800, 0x0000026cd3dc9000,
0x0000026cd3dcd000, 0x0000026cd3dca000, 0x0000026cd3dca800, 0x0000026cd3dce000,
0x0000026cd3dc8800, 0x0000026cd3dd1800, 0x0000026cd3dd3800, 0x0000026cd3dcf800,
0x0000026cd3dd4800, 0x0000026cd3dcf000, 0x0000026cd3dd3000, 0x0000026cd3dd5800,
0x0000026cd3dd6000, 0x0000026cd3dd0800, 0x0000026cd3dd7000, 0x0000026cd3dd2000,
0x0000026cd6091800, 0x0000026cd6094800, 0x0000026cd6095800, 0x0000026cd6096800,
0x0000026cd6097000, 0x0000026cd6094000, 0x0000026cd6092800, 0x0000026cd6098000,
0x0000026cd6093000, 0x0000026cd3e80800, 0x0000026cd3e81000, 0x0000026cd3e85800,
0x0000026cd3e82000, 0x0000026cd3e83000, 0x0000026cd3e7f800, 0x0000026cd3e83800,
0x0000026cd3e88000, 0x0000026cd3e86000, 0x0000026cd3e87000, 0x0000026cd3e88800,
0x0000026cd3e8a000, 0x0000026cd3e89800, 0x0000026cd3e84800, 0x0000026cd3e8e800,
0x0000026cd3e8b000, 0x0000026cd3e8c000, 0x0000026cd3e8c800, 0x0000026cd3e8d800,
0x0000026cd8068800, 0x0000026cd8065000, 0x0000026cd8064800, 0x0000026cd8069800,
0x0000026cd8067800, 0x0000026cd8066000, 0x0000026cd8067000, 0x0000026cd8070000,
0x0000026cd806a000, 0x0000026cd806f000, 0x0000026cd806e000, 0x0000026cd806b000,
0x0000026cd806c800, 0x0000026cd8070800, 0x0000026cd806d800, 0x0000026cd8071800,
0x0000026cd806b800, 0x0000026cd8072000, 0x0000026cd8073000, 0x0000026cd7e14800,
0x0000026cd7e0e800, 0x0000026cd7e11000, 0x0000026cd7e15000, 0x0000026cd7e12000,
0x0000026cd7e0f800, 0x0000026cd7e16000, 0x0000026cd7e12800, 0x0000026cd7e13800,
0x0000026cd7e10800, 0x0000026cd7e17800, 0x0000026cd7e1a000, 0x0000026cd7e1b000,
0x0000026cd7e1b800, 0x0000026cd7e19800, 0x0000026cd7e1c800, 0x0000026cd7e18800,
0x0000026cd7e17000, 0x0000026cd7e1d800, 0x0000026cd83ef800, 0x0000026cd83ed800,
0x0000026cd83f1000, 0x0000026cd83ed000, 0x0000026cd83f2000, 0x0000026cd83f2800,
0x0000026cd83f3800, 0x0000026cd83f4000, 0x0000026cd83ee800, 0x0000026cd83f0000
}

Java Threads: ( => current thread )
  0x0000026cb41fc000 JavaThread "main" [_thread_blocked, id=2164, stack(0x00000086d3f00000,0x00000086d4000000)]
  0x0000026cceac5000 JavaThread "Reference Handler" daemon [_thread_blocked, id=1496, stack(0x00000086d4600000,0x00000086d4700000)]
  0x0000026cceaca800 JavaThread "Finalizer" daemon [_thread_blocked, id=6932, stack(0x00000086d4700000,0x00000086d4800000)]
  0x0000026ccf453800 JavaThread "Signal Dispatcher" daemon [_thread_blocked, id=4776, stack(0x00000086d4800000,0x00000086d4900000)]
  0x0000026cceae3800 JavaThread "Attach Listener" daemon [_thread_blocked, id=4396, stack(0x00000086d4900000,0x00000086d4a00000)]
  0x0000026cceae4800 JavaThread "Service Thread" daemon [_thread_blocked, id=18360, stack(0x00000086d4a00000,0x00000086d4b00000)]
  0x0000026cceaf2800 JavaThread "C2 CompilerThread0" daemon [_thread_in_native, id=18868, stack(0x00000086d4b00000,0x00000086d4c00000)]
  0x0000026cceaf8000 JavaThread "C1 CompilerThread0" daemon [_thread_blocked, id=18948, stack(0x00000086d4c00000,0x00000086d4d00000)]
  0x0000026ccf474000 JavaThread "Sweeper thread" daemon [_thread_blocked, id=17332, stack(0x00000086d4d00000,0x00000086d4e00000)]
  0x0000026ccf5c8000 JavaThread "Common-Cleaner" daemon [_thread_blocked, id=17156, stack(0x00000086d4e00000,0x00000086d4f00000)]
  0x0000026cd0581800 JavaThread "Daemon health stats" [_thread_blocked, id=12852, stack(0x00000086d5300000,0x00000086d5400000)]
  0x0000026ccf792000 JavaThread "Incoming local TCP Connector on port 54605" [_thread_in_native, id=17364, stack(0x00000086d5000000,0x00000086d5100000)]
  0x0000026ccf8e0800 JavaThread "Daemon periodic checks" [_thread_blocked, id=17520, stack(0x00000086d5100000,0x00000086d5200000)]
  0x0000026cd1429000 JavaThread "Daemon" [_thread_blocked, id=9736, stack(0x00000086d5400000,0x00000086d5500000)]
  0x0000026cd18f7000 JavaThread "Daemon worker" [_thread_in_native, id=19280, stack(0x00000086d5700000,0x00000086d5800000)]
  0x0000026cd01a8000 JavaThread "Cache worker for journal cache (C:\Users\asus\.gradle\caches\journal-1)" [_thread_blocked, id=13152, stack(0x00000086d6300000,0x00000086d6400000)]
  0x0000026cd01a6000 JavaThread "File lock request listener" [_thread_in_native, id=1892, stack(0x00000086d6400000,0x00000086d6500000)]
  0x0000026cd01a9000 JavaThread "Cache worker for file hash cache (C:\Users\asus\.gradle\caches\7.3.3\fileHashes)" [_thread_blocked, id=1728, stack(0x00000086d6500000,0x00000086d6600000)]
  0x0000026cd01aa000 JavaThread "File watcher server" daemon [_thread_in_native, id=17916, stack(0x00000086d6b00000,0x00000086d6c00000)]
  0x0000026cd01a4000 JavaThread "File watcher consumer" daemon [_thread_blocked, id=10116, stack(0x00000086d6c00000,0x00000086d6d00000)]
  0x0000026ccf9c2800 JavaThread "Cache worker for execution history cache (C:\Users\asus\.gradle\caches\7.3.3\executionHistory)" [_thread_blocked, id=4924, stack(0x00000086d7000000,0x00000086d7100000)]
  0x0000026ccf9c1000 JavaThread "jar transforms" [_thread_blocked, id=7288, stack(0x00000086d7100000,0x00000086d7200000)]
  0x0000026ccf9bd000 JavaThread "Cache worker for file content cache (C:\Users\asus\.gradle\caches\7.3.3\fileContent)" [_thread_blocked, id=9832, stack(0x00000086d7200000,0x00000086d7300000)]
  0x0000026ccf9ca000 JavaThread "jar transforms Thread 2" [_thread_blocked, id=8196, stack(0x00000086d7300000,0x00000086d7400000)]
  0x0000026ccf9c8800 JavaThread "jar transforms Thread 3" [_thread_blocked, id=4744, stack(0x00000086d7500000,0x00000086d7600000)]
  0x0000026cd4318800 JavaThread "jar transforms Thread 4" [_thread_blocked, id=2332, stack(0x00000086def00000,0x00000086df000000)]
  0x0000026cd431a000 JavaThread "jar transforms Thread 5" [_thread_blocked, id=400, stack(0x00000086df000000,0x00000086df100000)]
  0x0000026cd4319000 JavaThread "jar transforms Thread 6" [_thread_blocked, id=16652, stack(0x00000086df100000,0x00000086df200000)]
  0x0000026cd431a800 JavaThread "jar transforms Thread 7" [_thread_blocked, id=4288, stack(0x00000086df200000,0x00000086df300000)]
  0x0000026cd431b800 JavaThread "jar transforms Thread 8" [_thread_blocked, id=13012, stack(0x00000086df300000,0x00000086df400000)]
  0x0000026cd4316800 JavaThread "jar transforms Thread 9" [_thread_blocked, id=4808, stack(0x00000086df400000,0x00000086df500000)]
  0x0000026cd4322000 JavaThread "jar transforms Thread 10" [_thread_blocked, id=7888, stack(0x00000086df500000,0x00000086df600000)]
  0x0000026cd4323000 JavaThread "jar transforms Thread 11" [_thread_blocked, id=13520, stack(0x00000086df600000,0x00000086df700000)]
  0x0000026cd431f800 JavaThread "jar transforms Thread 12" [_thread_blocked, id=4132, stack(0x00000086df700000,0x00000086df800000)]
  0x0000026cd431e000 JavaThread "Memory manager" [_thread_blocked, id=15540, stack(0x00000086df800000,0x00000086df900000)]
  0x0000026cd07fa000 JavaThread "Handler for socket connection from /127.0.0.1:54605 to /127.0.0.1:54631" [_thread_in_native, id=10856, stack(0x00000086d3c00000,0x00000086d3d00000)]
  0x0000026cd07f8000 JavaThread "Cancel handler" [_thread_blocked, id=10852, stack(0x00000086d3d00000,0x00000086d3e00000)]
  0x0000026cd07fc000 JavaThread "Asynchronous log dispatcher for DefaultDaemonConnection: socket connection from /127.0.0.1:54605 to /127.0.0.1:54631" [_thread_blocked, id=17800, stack(0x00000086d3e00000,0x00000086d3f00000)]
  0x0000026cd07fa800 JavaThread "Stdin handler" [_thread_blocked, id=12172, stack(0x00000086d5800000,0x00000086d5900000)]
  0x0000026cd07fb800 JavaThread "Daemon client event forwarder" [_thread_blocked, id=17132, stack(0x00000086d5900000,0x00000086d5a00000)]
  0x0000026cd07fd000 JavaThread "Cache worker for file hash cache (D:\kuliah\Semester 4\PAPB\UTS_PAPB2\.gradle\7.3.3\fileHashes)" [_thread_blocked, id=8772, stack(0x00000086d5a00000,0x00000086d5b00000)]
  0x0000026cd07f9000 JavaThread "C2 CompilerThread1" daemon [_thread_in_native, id=2068, stack(0x00000086d6800000,0x00000086d6900000)]
=>0x0000026cd0802800 JavaThread "C2 CompilerThread2" daemon [_thread_in_native, id=11624, stack(0x00000086d6a00000,0x00000086d6b00000)]
  0x0000026cd0803800 JavaThread "Cache worker for checksums cache (D:\kuliah\Semester 4\PAPB\UTS_PAPB2\.gradle\7.3.3\checksums)" [_thread_blocked, id=14800, stack(0x00000086d6f00000,0x00000086d7000000)]
  0x0000026cd0800800 JavaThread "Cache worker for cache directory md-supplier (C:\Users\asus\.gradle\caches\7.3.3\md-supplier)" [_thread_blocked, id=9512, stack(0x00000086d7400000,0x00000086d7500000)]
  0x0000026cd0801000 JavaThread "Cache worker for cache directory md-rule (C:\Users\asus\.gradle\caches\7.3.3\md-rule)" [_thread_blocked, id=14600, stack(0x00000086d7600000,0x00000086d7700000)]
  0x0000026cd0802000 JavaThread "Cache worker for dependencies-accessors (D:\kuliah\Semester 4\PAPB\UTS_PAPB2\.gradle\7.3.3\dependencies-accessors)" [_thread_blocked, id=13568, stack(0x00000086d7700000,0x00000086d7800000)]
  0x0000026cd07fe000 JavaThread "Cache worker for Build Output Cleanup Cache (D:\kuliah\Semester 4\PAPB\UTS_PAPB2\.gradle\buildOutputCleanup)" [_thread_blocked, id=2192, stack(0x00000086d7800000,0x00000086d7900000)]
  0x0000026cd0804800 JavaThread "Unconstrained build operations" [_thread_blocked, id=14380, stack(0x00000086d7900000,0x00000086d7a00000)]
  0x0000026cd07fe800 JavaThread "Unconstrained build operations Thread 2" [_thread_blocked, id=17356, stack(0x00000086d7a00000,0x00000086d7b00000)]
  0x0000026cd0806000 JavaThread "Unconstrained build operations Thread 3" [_thread_blocked, id=2824, stack(0x00000086d7b00000,0x00000086d7c00000)]
  0x0000026cd0805000 JavaThread "Unconstrained build operations Thread 4" [_thread_blocked, id=13704, stack(0x00000086d7c00000,0x00000086d7d00000)]
  0x0000026cd0807000 JavaThread "Unconstrained build operations Thread 5" [_thread_blocked, id=14264, stack(0x00000086d7d00000,0x00000086d7e00000)]
  0x0000026ccf9bf800 JavaThread "Unconstrained build operations Thread 6" [_thread_blocked, id=16876, stack(0x00000086d7e00000,0x00000086d7f00000)]
  0x0000026ccf9c2000 JavaThread "Unconstrained build operations Thread 7" [_thread_blocked, id=1132, stack(0x00000086d7f00000,0x00000086d8000000)]
  0x0000026ccf9bc000 JavaThread "Unconstrained build operations Thread 8" [_thread_blocked, id=13220, stack(0x00000086d8000000,0x00000086d8100000)]
  0x0000026ccf9cb000 JavaThread "Unconstrained build operations Thread 9" [_thread_blocked, id=11804, stack(0x00000086d8100000,0x00000086d8200000)]
  0x0000026ccf9c9000 JavaThread "Unconstrained build operations Thread 10" [_thread_blocked, id=11620, stack(0x00000086d8200000,0x00000086d8300000)]
  0x0000026ccf9c5000 JavaThread "Unconstrained build operations Thread 11" [_thread_blocked, id=8448, stack(0x00000086d8300000,0x00000086d8400000)]
  0x0000026ccf9c6000 JavaThread "Unconstrained build operations Thread 12" [_thread_blocked, id=16144, stack(0x00000086d8400000,0x00000086d8500000)]
  0x0000026ccf9c7000 JavaThread "Unconstrained build operations Thread 13" [_thread_blocked, id=15628, stack(0x00000086d8500000,0x00000086d8600000)]
  0x0000026ccf9c7800 JavaThread "Unconstrained build operations Thread 14" [_thread_blocked, id=17420, stack(0x00000086d8600000,0x00000086d8700000)]
  0x0000026cd431c800 JavaThread "Unconstrained build operations Thread 15" [_thread_blocked, id=15860, stack(0x00000086d8700000,0x00000086d8800000)]
  0x0000026cd4317800 JavaThread "Unconstrained build operations Thread 16" [_thread_blocked, id=3852, stack(0x00000086d8800000,0x00000086d8900000)]
  0x0000026cd4320800 JavaThread "Unconstrained build operations Thread 17" [_thread_blocked, id=7360, stack(0x00000086d8900000,0x00000086d8a00000)]
  0x0000026cd4323800 JavaThread "Unconstrained build operations Thread 18" [_thread_blocked, id=704, stack(0x00000086d8a00000,0x00000086d8b00000)]
  0x0000026cd4321800 JavaThread "Unconstrained build operations Thread 19" [_thread_blocked, id=9288, stack(0x00000086d8b00000,0x00000086d8c00000)]
  0x0000026cd4324800 JavaThread "Unconstrained build operations Thread 20" [_thread_blocked, id=7056, stack(0x00000086d8c00000,0x00000086d8d00000)]
  0x0000026cd4325800 JavaThread "Unconstrained build operations Thread 21" [_thread_blocked, id=11480, stack(0x00000086d8d00000,0x00000086d8e00000)]
  0x0000026cd01a6800 JavaThread "Unconstrained build operations Thread 22" [_thread_blocked, id=17636, stack(0x00000086d8e00000,0x00000086d8f00000)]
  0x0000026cd01a5000 JavaThread "Unconstrained build operations Thread 23" [_thread_blocked, id=5976, stack(0x00000086d8f00000,0x00000086d9000000)]
  0x0000026cd01a7800 JavaThread "Unconstrained build operations Thread 24" [_thread_blocked, id=16060, stack(0x00000086d9000000,0x00000086d9100000)]
  0x0000026cd01a3800 JavaThread "Unconstrained build operations Thread 25" [_thread_blocked, id=3312, stack(0x00000086d9100000,0x00000086d9200000)]
  0x0000026cd3dcb800 JavaThread "Unconstrained build operations Thread 26" [_thread_blocked, id=2188, stack(0x00000086d9200000,0x00000086d9300000)]
  0x0000026cd3dcc800 JavaThread "Unconstrained build operations Thread 27" [_thread_blocked, id=15148, stack(0x00000086d9300000,0x00000086d9400000)]
  0x0000026cd3dc9000 JavaThread "Unconstrained build operations Thread 28" [_thread_blocked, id=11124, stack(0x00000086d9400000,0x00000086d9500000)]
  0x0000026cd3dcd000 JavaThread "Unconstrained build operations Thread 29" [_thread_blocked, id=16344, stack(0x00000086d9500000,0x00000086d9600000)]
  0x0000026cd3dca000 JavaThread "Unconstrained build operations Thread 30" [_thread_blocked, id=11652, stack(0x00000086d9600000,0x00000086d9700000)]
  0x0000026cd3dca800 JavaThread "Unconstrained build operations Thread 31" [_thread_blocked, id=3660, stack(0x00000086d9700000,0x00000086d9800000)]
  0x0000026cd3dce000 JavaThread "Unconstrained build operations Thread 32" [_thread_blocked, id=9376, stack(0x00000086d9800000,0x00000086d9900000)]
  0x0000026cd3dc8800 JavaThread "Unconstrained build operations Thread 33" [_thread_blocked, id=12656, stack(0x00000086d9900000,0x00000086d9a00000)]
  0x0000026cd3dd1800 JavaThread "Unconstrained build operations Thread 34" [_thread_blocked, id=17704, stack(0x00000086d9a00000,0x00000086d9b00000)]
  0x0000026cd3dd3800 JavaThread "Unconstrained build operations Thread 35" [_thread_blocked, id=11736, stack(0x00000086d9b00000,0x00000086d9c00000)]
  0x0000026cd3dcf800 JavaThread "Unconstrained build operations Thread 36" [_thread_blocked, id=18732, stack(0x00000086d9c00000,0x00000086d9d00000)]
  0x0000026cd3dd4800 JavaThread "Unconstrained build operations Thread 37" [_thread_blocked, id=11320, stack(0x00000086d9d00000,0x00000086d9e00000)]
  0x0000026cd3dcf000 JavaThread "Unconstrained build operations Thread 38" [_thread_blocked, id=9168, stack(0x00000086d9e00000,0x00000086d9f00000)]
  0x0000026cd3dd3000 JavaThread "Unconstrained build operations Thread 39" [_thread_blocked, id=14532, stack(0x00000086d9f00000,0x00000086da000000)]
  0x0000026cd3dd5800 JavaThread "Unconstrained build operations Thread 40" [_thread_blocked, id=17992, stack(0x00000086da000000,0x00000086da100000)]
  0x0000026cd3dd6000 JavaThread "Unconstrained build operations Thread 41" [_thread_blocked, id=10320, stack(0x00000086da100000,0x00000086da200000)]
  0x0000026cd3dd0800 JavaThread "Unconstrained build operations Thread 42" [_thread_blocked, id=17384, stack(0x00000086da200000,0x00000086da300000)]
  0x0000026cd3dd7000 JavaThread "Unconstrained build operations Thread 43" [_thread_blocked, id=12492, stack(0x00000086da300000,0x00000086da400000)]
  0x0000026cd3dd2000 JavaThread "Unconstrained build operations Thread 44" [_thread_blocked, id=12480, stack(0x00000086da400000,0x00000086da500000)]
  0x0000026cd6091800 JavaThread "Unconstrained build operations Thread 45" [_thread_blocked, id=16576, stack(0x00000086da500000,0x00000086da600000)]
  0x0000026cd6094800 JavaThread "Unconstrained build operations Thread 46" [_thread_blocked, id=9080, stack(0x00000086da600000,0x00000086da700000)]
  0x0000026cd6095800 JavaThread "Unconstrained build operations Thread 47" [_thread_blocked, id=12336, stack(0x00000086da700000,0x00000086da800000)]
  0x0000026cd6096800 JavaThread "Unconstrained build operations Thread 48" [_thread_blocked, id=2544, stack(0x00000086da800000,0x00000086da900000)]
  0x0000026cd6097000 JavaThread "Unconstrained build operations Thread 49" [_thread_blocked, id=5832, stack(0x00000086da900000,0x00000086daa00000)]
  0x0000026cd6094000 JavaThread "Unconstrained build operations Thread 50" [_thread_blocked, id=13216, stack(0x00000086daa00000,0x00000086dab00000)]
  0x0000026cd6092800 JavaThread "Unconstrained build operations Thread 51" [_thread_blocked, id=5252, stack(0x00000086dab00000,0x00000086dac00000)]
  0x0000026cd6098000 JavaThread "Unconstrained build operations Thread 52" [_thread_blocked, id=17828, stack(0x00000086dac00000,0x00000086dad00000)]
  0x0000026cd6093000 JavaThread "Unconstrained build operations Thread 53" [_thread_blocked, id=18252, stack(0x00000086dad00000,0x00000086dae00000)]
  0x0000026cd3e80800 JavaThread "Unconstrained build operations Thread 54" [_thread_blocked, id=14232, stack(0x00000086dae00000,0x00000086daf00000)]
  0x0000026cd3e81000 JavaThread "Unconstrained build operations Thread 55" [_thread_blocked, id=17348, stack(0x00000086daf00000,0x00000086db000000)]
  0x0000026cd3e85800 JavaThread "Unconstrained build operations Thread 56" [_thread_blocked, id=12592, stack(0x00000086db000000,0x00000086db100000)]
  0x0000026cd3e82000 JavaThread "Unconstrained build operations Thread 57" [_thread_blocked, id=1160, stack(0x00000086db100000,0x00000086db200000)]
  0x0000026cd3e83000 JavaThread "Unconstrained build operations Thread 58" [_thread_blocked, id=11584, stack(0x00000086db200000,0x00000086db300000)]
  0x0000026cd3e7f800 JavaThread "Unconstrained build operations Thread 59" [_thread_blocked, id=5588, stack(0x00000086db300000,0x00000086db400000)]
  0x0000026cd3e83800 JavaThread "Unconstrained build operations Thread 60" [_thread_blocked, id=15992, stack(0x00000086db400000,0x00000086db500000)]
  0x0000026cd3e88000 JavaThread "Unconstrained build operations Thread 61" [_thread_blocked, id=13632, stack(0x00000086db500000,0x00000086db600000)]
  0x0000026cd3e86000 JavaThread "Unconstrained build operations Thread 62" [_thread_blocked, id=6696, stack(0x00000086db600000,0x00000086db700000)]
  0x0000026cd3e87000 JavaThread "Unconstrained build operations Thread 63" [_thread_blocked, id=9580, stack(0x00000086db700000,0x00000086db800000)]
  0x0000026cd3e88800 JavaThread "Unconstrained build operations Thread 64" [_thread_blocked, id=9900, stack(0x00000086db800000,0x00000086db900000)]
  0x0000026cd3e8a000 JavaThread "Unconstrained build operations Thread 65" [_thread_blocked, id=17888, stack(0x00000086db900000,0x00000086dba00000)]
  0x0000026cd3e89800 JavaThread "Unconstrained build operations Thread 66" [_thread_blocked, id=3732, stack(0x00000086dba00000,0x00000086dbb00000)]
  0x0000026cd3e84800 JavaThread "Unconstrained build operations Thread 67" [_thread_blocked, id=10680, stack(0x00000086dbb00000,0x00000086dbc00000)]
  0x0000026cd3e8e800 JavaThread "Unconstrained build operations Thread 68" [_thread_blocked, id=15536, stack(0x00000086dbc00000,0x00000086dbd00000)]
  0x0000026cd3e8b000 JavaThread "Unconstrained build operations Thread 69" [_thread_blocked, id=3288, stack(0x00000086dbd00000,0x00000086dbe00000)]
  0x0000026cd3e8c000 JavaThread "Unconstrained build operations Thread 70" [_thread_blocked, id=17508, stack(0x00000086dbe00000,0x00000086dbf00000)]
  0x0000026cd3e8c800 JavaThread "Unconstrained build operations Thread 71" [_thread_blocked, id=16428, stack(0x00000086dbf00000,0x00000086dc000000)]
  0x0000026cd3e8d800 JavaThread "Unconstrained build operations Thread 72" [_thread_blocked, id=16024, stack(0x00000086dc000000,0x00000086dc100000)]
  0x0000026cd8068800 JavaThread "Unconstrained build operations Thread 73" [_thread_blocked, id=18892, stack(0x00000086dc100000,0x00000086dc200000)]
  0x0000026cd8065000 JavaThread "Unconstrained build operations Thread 74" [_thread_blocked, id=1704, stack(0x00000086dc200000,0x00000086dc300000)]
  0x0000026cd8064800 JavaThread "Unconstrained build operations Thread 75" [_thread_blocked, id=10332, stack(0x00000086dc300000,0x00000086dc400000)]
  0x0000026cd8069800 JavaThread "Unconstrained build operations Thread 76" [_thread_blocked, id=4540, stack(0x00000086dc400000,0x00000086dc500000)]
  0x0000026cd8067800 JavaThread "Unconstrained build operations Thread 77" [_thread_blocked, id=19256, stack(0x00000086dc500000,0x00000086dc600000)]
  0x0000026cd8066000 JavaThread "Unconstrained build operations Thread 78" [_thread_blocked, id=5888, stack(0x00000086dc600000,0x00000086dc700000)]
  0x0000026cd8067000 JavaThread "Unconstrained build operations Thread 79" [_thread_blocked, id=14912, stack(0x00000086dc700000,0x00000086dc800000)]
  0x0000026cd8070000 JavaThread "Unconstrained build operations Thread 80" [_thread_blocked, id=19044, stack(0x00000086dc800000,0x00000086dc900000)]
  0x0000026cd806a000 JavaThread "Unconstrained build operations Thread 81" [_thread_blocked, id=6084, stack(0x00000086dc900000,0x00000086dca00000)]
  0x0000026cd806f000 JavaThread "Unconstrained build operations Thread 82" [_thread_blocked, id=7628, stack(0x00000086dca00000,0x00000086dcb00000)]
  0x0000026cd806e000 JavaThread "Unconstrained build operations Thread 83" [_thread_blocked, id=18200, stack(0x00000086dcb00000,0x00000086dcc00000)]
  0x0000026cd806b000 JavaThread "Unconstrained build operations Thread 84" [_thread_blocked, id=17400, stack(0x00000086dcc00000,0x00000086dcd00000)]
  0x0000026cd806c800 JavaThread "Unconstrained build operations Thread 85" [_thread_blocked, id=2560, stack(0x00000086dcd00000,0x00000086dce00000)]
  0x0000026cd8070800 JavaThread "Unconstrained build operations Thread 86" [_thread_blocked, id=12112, stack(0x00000086dce00000,0x00000086dcf00000)]
  0x0000026cd806d800 JavaThread "Unconstrained build operations Thread 87" [_thread_blocked, id=16324, stack(0x00000086dcf00000,0x00000086dd000000)]
  0x0000026cd8071800 JavaThread "Unconstrained build operations Thread 88" [_thread_blocked, id=7124, stack(0x00000086dd000000,0x00000086dd100000)]
  0x0000026cd806b800 JavaThread "Unconstrained build operations Thread 89" [_thread_blocked, id=16888, stack(0x00000086dd100000,0x00000086dd200000)]
  0x0000026cd8072000 JavaThread "Unconstrained build operations Thread 90" [_thread_blocked, id=6824, stack(0x00000086dd200000,0x00000086dd300000)]
  0x0000026cd8073000 JavaThread "Unconstrained build operations Thread 91" [_thread_blocked, id=4172, stack(0x00000086dd300000,0x00000086dd400000)]
  0x0000026cd7e14800 JavaThread "Unconstrained build operations Thread 92" [_thread_blocked, id=8400, stack(0x00000086dd400000,0x00000086dd500000)]
  0x0000026cd7e0e800 JavaThread "Unconstrained build operations Thread 93" [_thread_blocked, id=11488, stack(0x00000086dd500000,0x00000086dd600000)]
  0x0000026cd7e11000 JavaThread "Unconstrained build operations Thread 94" [_thread_blocked, id=15508, stack(0x00000086dd600000,0x00000086dd700000)]
  0x0000026cd7e15000 JavaThread "Unconstrained build operations Thread 95" [_thread_blocked, id=7156, stack(0x00000086dd700000,0x00000086dd800000)]
  0x0000026cd7e12000 JavaThread "Unconstrained build operations Thread 96" [_thread_blocked, id=664, stack(0x00000086dd800000,0x00000086dd900000)]
  0x0000026cd7e0f800 JavaThread "Unconstrained build operations Thread 97" [_thread_blocked, id=17892, stack(0x00000086dd900000,0x00000086dda00000)]
  0x0000026cd7e16000 JavaThread "Unconstrained build operations Thread 98" [_thread_blocked, id=6832, stack(0x00000086dda00000,0x00000086ddb00000)]
  0x0000026cd7e12800 JavaThread "Unconstrained build operations Thread 99" [_thread_blocked, id=7300, stack(0x00000086ddb00000,0x00000086ddc00000)]
  0x0000026cd7e13800 JavaThread "Unconstrained build operations Thread 100" [_thread_blocked, id=14808, stack(0x00000086ddc00000,0x00000086ddd00000)]
  0x0000026cd7e10800 JavaThread "Unconstrained build operations Thread 101" [_thread_blocked, id=10712, stack(0x00000086ddd00000,0x00000086dde00000)]
  0x0000026cd7e17800 JavaThread "Unconstrained build operations Thread 102" [_thread_blocked, id=6528, stack(0x00000086dde00000,0x00000086ddf00000)]
  0x0000026cd7e1a000 JavaThread "Unconstrained build operations Thread 103" [_thread_blocked, id=9264, stack(0x00000086ddf00000,0x00000086de000000)]
  0x0000026cd7e1b000 JavaThread "Unconstrained build operations Thread 104" [_thread_blocked, id=656, stack(0x00000086de000000,0x00000086de100000)]
  0x0000026cd7e1b800 JavaThread "Unconstrained build operations Thread 105" [_thread_blocked, id=15648, stack(0x00000086de100000,0x00000086de200000)]
  0x0000026cd7e19800 JavaThread "Unconstrained build operations Thread 106" [_thread_blocked, id=13028, stack(0x00000086de200000,0x00000086de300000)]
  0x0000026cd7e1c800 JavaThread "Unconstrained build operations Thread 107" [_thread_blocked, id=9796, stack(0x00000086de300000,0x00000086de400000)]
  0x0000026cd7e18800 JavaThread "Unconstrained build operations Thread 108" [_thread_blocked, id=16036, stack(0x00000086de400000,0x00000086de500000)]
  0x0000026cd7e17000 JavaThread "Unconstrained build operations Thread 109" [_thread_blocked, id=8464, stack(0x00000086de500000,0x00000086de600000)]
  0x0000026cd7e1d800 JavaThread "Unconstrained build operations Thread 110" [_thread_blocked, id=18712, stack(0x00000086de600000,0x00000086de700000)]
  0x0000026cd83ef800 JavaThread "Unconstrained build operations Thread 111" [_thread_blocked, id=10784, stack(0x00000086de700000,0x00000086de800000)]
  0x0000026cd83ed800 JavaThread "Unconstrained build operations Thread 112" [_thread_blocked, id=11116, stack(0x00000086de800000,0x00000086de900000)]
  0x0000026cd83f1000 JavaThread "Unconstrained build operations Thread 113" [_thread_blocked, id=968, stack(0x00000086de900000,0x00000086dea00000)]
  0x0000026cd83ed000 JavaThread "Unconstrained build operations Thread 114" [_thread_blocked, id=18916, stack(0x00000086dea00000,0x00000086deb00000)]
  0x0000026cd83f2000 JavaThread "Unconstrained build operations Thread 115" [_thread_blocked, id=11868, stack(0x00000086deb00000,0x00000086dec00000)]
  0x0000026cd83f2800 JavaThread "Unconstrained build operations Thread 116" [_thread_blocked, id=1308, stack(0x00000086dec00000,0x00000086ded00000)]
  0x0000026cd83f3800 JavaThread "Unconstrained build operations Thread 117" [_thread_blocked, id=9528, stack(0x00000086ded00000,0x00000086dee00000)]
  0x0000026cd83f4000 JavaThread "Unconstrained build operations Thread 118" [_thread_blocked, id=19144, stack(0x00000086dee00000,0x00000086def00000)]
  0x0000026cd83ee800 JavaThread "Unconstrained build operations Thread 119" [_thread_blocked, id=12952, stack(0x00000086df900000,0x00000086dfa00000)]
  0x0000026cd83f0000 JavaThread "Unconstrained build operations Thread 120" [_thread_blocked, id=11592, stack(0x00000086dfa00000,0x00000086dfb00000)]

Other Threads:
  0x0000026cceac1000 VMThread "VM Thread" [stack: 0x00000086d4500000,0x00000086d4600000] [id=1120]
  0x0000026ccf5d1800 WatcherThread [stack: 0x00000086d4f00000,0x00000086d5000000] [id=16892]
  0x0000026cb4217000 GCTaskThread "GC Thread#0" [stack: 0x00000086d4000000,0x00000086d4100000] [id=17880]
  0x0000026cd0203000 GCTaskThread "GC Thread#1" [stack: 0x00000086d5200000,0x00000086d5300000] [id=17028]
  0x0000026cd0662800 GCTaskThread "GC Thread#2" [stack: 0x00000086d5b00000,0x00000086d5c00000] [id=10356]
  0x0000026cd16ae000 GCTaskThread "GC Thread#3" [stack: 0x00000086d5c00000,0x00000086d5d00000] [id=8440]
  0x0000026cd16ae800 GCTaskThread "GC Thread#4" [stack: 0x00000086d5d00000,0x00000086d5e00000] [id=13540]
  0x0000026cd048c000 GCTaskThread "GC Thread#5" [stack: 0x00000086d5e00000,0x00000086d5f00000] [id=1488]
  0x0000026cd0420000 GCTaskThread "GC Thread#6" [stack: 0x00000086d5f00000,0x00000086d6000000] [id=11200]
  0x0000026cd0420800 GCTaskThread "GC Thread#7" [stack: 0x00000086d6000000,0x00000086d6100000] [id=16664]
  0x0000026cd031c000 GCTaskThread "GC Thread#8" [stack: 0x00000086d6100000,0x00000086d6200000] [id=1964]
  0x0000026cd031c800 GCTaskThread "GC Thread#9" [stack: 0x00000086d6200000,0x00000086d6300000] [id=18288]
  0x0000026cb424b000 ConcurrentGCThread "G1 Main Marker" [stack: 0x00000086d4100000,0x00000086d4200000] [id=8752]
  0x0000026cb424c000 ConcurrentGCThread "G1 Conc#0" [stack: 0x00000086d4200000,0x00000086d4300000] [id=17600]
  0x0000026cd166d000 ConcurrentGCThread "G1 Conc#1" [stack: 0x00000086d6600000,0x00000086d6700000] [id=15408]
  0x0000026cd1671800 ConcurrentGCThread "G1 Conc#2" [stack: 0x00000086d6700000,0x00000086d6800000] [id=7480]
  0x0000026cce914800 ConcurrentGCThread "G1 Refine#0" [stack: 0x00000086d4300000,0x00000086d4400000] [id=18504]
  0x0000026ccff64000 ConcurrentGCThread "G1 Refine#1" [stack: 0x00000086d6900000,0x00000086d6a00000] [id=16416]
  0x0000026cd4b75800 ConcurrentGCThread "G1 Refine#2" [stack: 0x00000086d6d00000,0x00000086d6e00000] [id=18324]
  0x0000026cd4e54000 ConcurrentGCThread "G1 Refine#3" [stack: 0x00000086d6e00000,0x00000086d6f00000] [id=10044]
  0x0000026cce915000 ConcurrentGCThread "G1 Young RemSet Sampling" [stack: 0x00000086d4400000,0x00000086d4500000] [id=15400]

Threads with active compile tasks:
C2 CompilerThread0  65277 11293   !   4       org.gradle.internal.instantiation.generator.AsmBackedClassGenerator$InvokeConstructorStrategy::newInstance (66 bytes)
C2 CompilerThread1  65277 11292       4       org.gradle.internal.instantiation.generator.DependencyInjectingInstantiator::convertParameters (126 bytes)
C2 CompilerThread2  65277 11291   !   4       org.gradle.internal.instantiation.generator.DependencyInjectingInstantiator::doCreate (64 bytes)

VM state:not at safepoint (normal execution)

VM Mutex/Monitor currently owned by a thread: None

Heap address: 0x0000000080000000, size: 2048 MB, Compressed Oops mode: 32-bit
Narrow klass base: 0x0000000000000000, Narrow klass shift: 3
Compressed class space size: 1073741824 Address: 0x0000000100000000

Heap:
 garbage-first heap   total 177152K, used 142976K [0x0000000080000000, 0x0000000100000000)
  region size 1024K, 70 young (71680K), 5 survivors (5120K)
 Metaspace       used 85364K, capacity 87983K, committed 88236K, reserved 1126400K
  class space    used 11214K, capacity 12193K, committed 12288K, reserved 1048576K
Heap Regions: E=young(eden), S=young(survivor), O=old, HS=humongous(starts), HC=humongous(continues), CS=collection set, F=free, A=archive, TAMS=top-at-mark-start (previous, next)
|   0|0x0000000080000000, 0x0000000080100000, 0x0000000080100000|100%| O|  |TAMS 0x0000000080100000, 0x0000000080000000| Untracked 
|   1|0x0000000080100000, 0x0000000080200000, 0x0000000080200000|100%| O|  |TAMS 0x0000000080200000, 0x0000000080100000| Untracked 
|   2|0x0000000080200000, 0x0000000080300000, 0x0000000080300000|100%| O|  |TAMS 0x0000000080300000, 0x0000000080200000| Untracked 
|   3|0x0000000080300000, 0x0000000080400000, 0x0000000080400000|100%|HS|  |TAMS 0x0000000080400000, 0x0000000080300000| Complete 
|   4|0x0000000080400000, 0x0000000080500000, 0x0000000080500000|100%|HC|  |TAMS 0x0000000080500000, 0x0000000080400000| Complete 
|   5|0x0000000080500000, 0x0000000080600000, 0x0000000080600000|100%|HC|  |TAMS 0x0000000080600000, 0x0000000080500000| Complete 
|   6|0x0000000080600000, 0x0000000080700000, 0x0000000080700000|100%| O|  |TAMS 0x0000000080700000, 0x0000000080600000| Untracked 
|   7|0x0000000080700000, 0x0000000080800000, 0x0000000080800000|100%| O|  |TAMS 0x0000000080800000, 0x0000000080700000| Untracked 
|   8|0x0000000080800000, 0x0000000080900000, 0x0000000080900000|100%| O|  |TAMS 0x0000000080900000, 0x0000000080800000| Untracked 
|   9|0x0000000080900000, 0x0000000080a00000, 0x0000000080a00000|100%| O|  |TAMS 0x0000000080a00000, 0x0000000080900000| Untracked 
|  10|0x0000000080a00000, 0x0000000080b00000, 0x0000000080b00000|100%| O|  |TAMS 0x0000000080b00000, 0x0000000080a00000| Untracked 
|  11|0x0000000080b00000, 0x0000000080c00000, 0x0000000080c00000|100%| O|  |TAMS 0x0000000080c00000, 0x0000000080b00000| Untracked 
|  12|0x0000000080c00000, 0x0000000080d00000, 0x0000000080d00000|100%| O|  |TAMS 0x0000000080d00000, 0x0000000080c00000| Untracked 
|  13|0x0000000080d00000, 0x0000000080e00000, 0x0000000080e00000|100%| O|  |TAMS 0x0000000080e00000, 0x0000000080d00000| Untracked 
|  14|0x0000000080e00000, 0x0000000080f00000, 0x0000000080f00000|100%| O|  |TAMS 0x0000000080f00000, 0x0000000080e00000| Untracked 
|  15|0x0000000080f00000, 0x0000000081000000, 0x0000000081000000|100%| O|  |TAMS 0x0000000081000000, 0x0000000080f00000| Untracked 
|  16|0x0000000081000000, 0x0000000081100000, 0x0000000081100000|100%| O|  |TAMS 0x0000000081100000, 0x0000000081000000| Untracked 
|  17|0x0000000081100000, 0x0000000081200000, 0x0000000081200000|100%| O|  |TAMS 0x0000000081200000, 0x0000000081100000| Untracked 
|  18|0x0000000081200000, 0x0000000081300000, 0x0000000081300000|100%| O|  |TAMS 0x0000000081300000, 0x0000000081200000| Untracked 
|  19|0x0000000081300000, 0x0000000081400000, 0x0000000081400000|100%| O|  |TAMS 0x0000000081400000, 0x0000000081300000| Untracked 
|  20|0x0000000081400000, 0x0000000081500000, 0x0000000081500000|100%| O|  |TAMS 0x0000000081500000, 0x0000000081400000| Untracked 
|  21|0x0000000081500000, 0x0000000081600000, 0x0000000081600000|100%| O|  |TAMS 0x0000000081600000, 0x0000000081500000| Untracked 
|  22|0x0000000081600000, 0x0000000081700000, 0x0000000081700000|100%| O|  |TAMS 0x0000000081700000, 0x0000000081600000| Untracked 
|  23|0x0000000081700000, 0x0000000081800000, 0x0000000081800000|100%| O|  |TAMS 0x0000000081800000, 0x0000000081700000| Untracked 
|  24|0x0000000081800000, 0x0000000081900000, 0x0000000081900000|100%| O|  |TAMS 0x0000000081900000, 0x0000000081800000| Untracked 
|  25|0x0000000081900000, 0x0000000081a00000, 0x0000000081a00000|100%|HS|  |TAMS 0x0000000081a00000, 0x0000000081900000| Complete 
|  26|0x0000000081a00000, 0x0000000081b00000, 0x0000000081b00000|100%|HS|  |TAMS 0x0000000081b00000, 0x0000000081a00000| Complete 
|  27|0x0000000081b00000, 0x0000000081c00000, 0x0000000081c00000|100%| O|  |TAMS 0x0000000081c00000, 0x0000000081b00000| Untracked 
|  28|0x0000000081c00000, 0x0000000081d00000, 0x0000000081d00000|100%| O|  |TAMS 0x0000000081d00000, 0x0000000081c00000| Untracked 
|  29|0x0000000081d00000, 0x0000000081e00000, 0x0000000081e00000|100%| O|  |TAMS 0x0000000081e00000, 0x0000000081d00000| Untracked 
|  30|0x0000000081e00000, 0x0000000081f00000, 0x0000000081f00000|100%|HS|  |TAMS 0x0000000081f00000, 0x0000000081e00000| Complete 
|  31|0x0000000081f00000, 0x0000000082000000, 0x0000000082000000|100%|HC|  |TAMS 0x0000000082000000, 0x0000000081f00000| Complete 
|  32|0x0000000082000000, 0x0000000082100000, 0x0000000082100000|100%| O|  |TAMS 0x0000000082100000, 0x0000000082000000| Untracked 
|  33|0x0000000082100000, 0x0000000082200000, 0x0000000082200000|100%| O|  |TAMS 0x0000000082200000, 0x0000000082100000| Untracked 
|  34|0x0000000082200000, 0x0000000082300000, 0x0000000082300000|100%| O|  |TAMS 0x0000000082300000, 0x0000000082200000| Untracked 
|  35|0x0000000082300000, 0x0000000082400000, 0x0000000082400000|100%| O|  |TAMS 0x0000000082400000, 0x0000000082300000| Untracked 
|  36|0x0000000082400000, 0x0000000082500000, 0x0000000082500000|100%| O|  |TAMS 0x0000000082500000, 0x0000000082400000| Untracked 
|  37|0x0000000082500000, 0x0000000082600000, 0x0000000082600000|100%| O|  |TAMS 0x0000000082600000, 0x0000000082500000| Untracked 
|  38|0x0000000082600000, 0x0000000082700000, 0x0000000082700000|100%| O|  |TAMS 0x0000000082700000, 0x0000000082600000| Untracked 
|  39|0x0000000082700000, 0x0000000082800000, 0x0000000082800000|100%| O|  |TAMS 0x0000000082800000, 0x0000000082700000| Untracked 
|  40|0x0000000082800000, 0x0000000082900000, 0x0000000082900000|100%| O|  |TAMS 0x0000000082826c00, 0x0000000082800000| Untracked 
|  41|0x0000000082900000, 0x0000000082a00000, 0x0000000082a00000|100%| O|  |TAMS 0x0000000082900000, 0x0000000082900000| Untracked 
|  42|0x0000000082a00000, 0x0000000082b00000, 0x0000000082b00000|100%| O|  |TAMS 0x0000000082a00000, 0x0000000082a00000| Untracked 
|  43|0x0000000082b00000, 0x0000000082c00000, 0x0000000082c00000|100%| O|  |TAMS 0x0000000082b00000, 0x0000000082b00000| Untracked 
|  44|0x0000000082c00000, 0x0000000082d00000, 0x0000000082d00000|100%| O|  |TAMS 0x0000000082c00000, 0x0000000082c00000| Untracked 
|  45|0x0000000082d00000, 0x0000000082e00000, 0x0000000082e00000|100%| O|  |TAMS 0x0000000082d00000, 0x0000000082d00000| Untracked 
|  46|0x0000000082e00000, 0x0000000082f00000, 0x0000000082f00000|100%| O|  |TAMS 0x0000000082e00000, 0x0000000082e00000| Untracked 
|  47|0x0000000082f00000, 0x0000000083000000, 0x0000000083000000|100%| O|  |TAMS 0x0000000082f00000, 0x0000000082f00000| Untracked 
|  48|0x0000000083000000, 0x0000000083100000, 0x0000000083100000|100%| O|  |TAMS 0x0000000083000000, 0x0000000083000000| Untracked 
|  49|0x0000000083100000, 0x0000000083200000, 0x0000000083200000|100%| O|  |TAMS 0x0000000083100000, 0x0000000083100000| Untracked 
|  50|0x0000000083200000, 0x0000000083300000, 0x0000000083300000|100%| O|  |TAMS 0x0000000083200000, 0x0000000083200000| Untracked 
|  51|0x0000000083300000, 0x0000000083400000, 0x0000000083400000|100%| O|  |TAMS 0x0000000083300000, 0x0000000083300000| Untracked 
|  52|0x0000000083400000, 0x0000000083500000, 0x0000000083500000|100%| O|  |TAMS 0x0000000083400000, 0x0000000083400000| Untracked 
|  53|0x0000000083500000, 0x0000000083600000, 0x0000000083600000|100%| O|  |TAMS 0x0000000083500000, 0x0000000083500000| Untracked 
|  54|0x0000000083600000, 0x0000000083700000, 0x0000000083700000|100%| O|  |TAMS 0x0000000083600000, 0x0000000083600000| Untracked 
|  55|0x0000000083700000, 0x0000000083800000, 0x0000000083800000|100%| O|  |TAMS 0x0000000083700000, 0x0000000083700000| Untracked 
|  56|0x0000000083800000, 0x0000000083900000, 0x0000000083900000|100%| O|  |TAMS 0x0000000083800000, 0x0000000083800000| Untracked 
|  57|0x0000000083900000, 0x0000000083a00000, 0x0000000083a00000|100%| O|  |TAMS 0x0000000083900000, 0x0000000083900000| Untracked 
|  58|0x0000000083a00000, 0x0000000083b00000, 0x0000000083b00000|100%| O|  |TAMS 0x0000000083a00000, 0x0000000083a00000| Untracked 
|  59|0x0000000083b00000, 0x0000000083c00000, 0x0000000083c00000|100%| O|  |TAMS 0x0000000083b00000, 0x0000000083b00000| Untracked 
|  60|0x0000000083c00000, 0x0000000083d00000, 0x0000000083d00000|100%| O|  |TAMS 0x0000000083c00000, 0x0000000083c00000| Untracked 
|  61|0x0000000083d00000, 0x0000000083e00000, 0x0000000083e00000|100%| O|  |TAMS 0x0000000083d00000, 0x0000000083d00000| Untracked 
|  62|0x0000000083e00000, 0x0000000083f00000, 0x0000000083f00000|100%| O|  |TAMS 0x0000000083e00000, 0x0000000083e00000| Untracked 
|  63|0x0000000083f00000, 0x0000000084000000, 0x0000000084000000|100%| O|  |TAMS 0x0000000083f00000, 0x0000000083f00000| Untracked 
|  64|0x0000000084000000, 0x0000000084100000, 0x0000000084100000|100%| O|  |TAMS 0x0000000084000000, 0x0000000084000000| Untracked 
|  65|0x0000000084100000, 0x0000000084200000, 0x0000000084200000|100%| O|  |TAMS 0x0000000084100000, 0x0000000084100000| Untracked 
|  66|0x0000000084200000, 0x0000000084300000, 0x0000000084300000|100%| O|  |TAMS 0x0000000084200000, 0x0000000084200000| Untracked 
|  67|0x0000000084300000, 0x0000000084400000, 0x0000000084400000|100%| O|  |TAMS 0x0000000084300000, 0x0000000084300000| Untracked 
|  68|0x0000000084400000, 0x0000000084500000, 0x0000000084500000|100%| O|  |TAMS 0x0000000084400000, 0x0000000084400000| Untracked 
|  69|0x0000000084500000, 0x0000000084600000, 0x0000000084600000|100%| O|  |TAMS 0x0000000084500000, 0x0000000084500000| Untracked 
|  70|0x0000000084600000, 0x0000000084700000, 0x0000000084700000|100%| O|  |TAMS 0x0000000084600000, 0x0000000084600000| Untracked 
|  71|0x0000000084700000, 0x00000000847a0000, 0x0000000084800000| 62%| O|  |TAMS 0x0000000084700000, 0x0000000084700000| Untracked 
|  72|0x0000000084800000, 0x0000000084800000, 0x0000000084900000|  0%| F|  |TAMS 0x0000000084800000, 0x0000000084800000| Untracked 
|  73|0x0000000084900000, 0x0000000084900000, 0x0000000084a00000|  0%| F|  |TAMS 0x0000000084900000, 0x0000000084900000| Untracked 
|  74|0x0000000084a00000, 0x0000000084a00000, 0x0000000084b00000|  0%| F|  |TAMS 0x0000000084a00000, 0x0000000084a00000| Untracked 
|  75|0x0000000084b00000, 0x0000000084b00000, 0x0000000084c00000|  0%| F|  |TAMS 0x0000000084b00000, 0x0000000084b00000| Untracked 
|  76|0x0000000084c00000, 0x0000000084c00000, 0x0000000084d00000|  0%| F|  |TAMS 0x0000000084c00000, 0x0000000084c00000| Untracked 
|  77|0x0000000084d00000, 0x0000000084d00000, 0x0000000084e00000|  0%| F|  |TAMS 0x0000000084d00000, 0x0000000084d00000| Untracked 
|  78|0x0000000084e00000, 0x0000000084e00000, 0x0000000084f00000|  0%| F|  |TAMS 0x0000000084e00000, 0x0000000084e00000| Untracked 
|  79|0x0000000084f00000, 0x0000000084f00000, 0x0000000085000000|  0%| F|  |TAMS 0x0000000084f00000, 0x0000000084f00000| Untracked 
|  80|0x0000000085000000, 0x0000000085000000, 0x0000000085100000|  0%| F|  |TAMS 0x0000000085000000, 0x0000000085000000| Untracked 
|  81|0x0000000085100000, 0x0000000085100000, 0x0000000085200000|  0%| F|  |TAMS 0x0000000085100000, 0x0000000085100000| Untracked 
|  82|0x0000000085200000, 0x0000000085200000, 0x0000000085300000|  0%| F|  |TAMS 0x0000000085200000, 0x0000000085200000| Untracked 
|  83|0x0000000085300000, 0x0000000085300000, 0x0000000085400000|  0%| F|  |TAMS 0x0000000085300000, 0x0000000085300000| Untracked 
|  84|0x0000000085400000, 0x0000000085400000, 0x0000000085500000|  0%| F|  |TAMS 0x0000000085400000, 0x0000000085400000| Untracked 
|  85|0x0000000085500000, 0x0000000085500000, 0x0000000085600000|  0%| F|  |TAMS 0x0000000085500000, 0x0000000085500000| Untracked 
|  86|0x0000000085600000, 0x0000000085600000, 0x0000000085700000|  0%| F|  |TAMS 0x0000000085600000, 0x0000000085600000| Untracked 
|  87|0x0000000085700000, 0x0000000085700000, 0x0000000085800000|  0%| F|  |TAMS 0x0000000085700000, 0x0000000085700000| Untracked 
|  88|0x0000000085800000, 0x0000000085800000, 0x0000000085900000|  0%| F|  |TAMS 0x0000000085800000, 0x0000000085800000| Untracked 
|  89|0x0000000085900000, 0x0000000085900000, 0x0000000085a00000|  0%| F|  |TAMS 0x0000000085900000, 0x0000000085900000| Untracked 
|  90|0x0000000085a00000, 0x0000000085a00000, 0x0000000085b00000|  0%| F|  |TAMS 0x0000000085a00000, 0x0000000085a00000| Untracked 
|  91|0x0000000085b00000, 0x0000000085b00000, 0x0000000085c00000|  0%| F|  |TAMS 0x0000000085b00000, 0x0000000085b00000| Untracked 
|  92|0x0000000085c00000, 0x0000000085c00000, 0x0000000085d00000|  0%| F|  |TAMS 0x0000000085c00000, 0x0000000085c00000| Untracked 
|  93|0x0000000085d00000, 0x0000000085d00000, 0x0000000085e00000|  0%| F|  |TAMS 0x0000000085d00000, 0x0000000085d00000| Untracked 
|  94|0x0000000085e00000, 0x0000000085e00000, 0x0000000085f00000|  0%| F|  |TAMS 0x0000000085e00000, 0x0000000085e00000| Untracked 
|  95|0x0000000085f00000, 0x0000000085f00000, 0x0000000086000000|  0%| F|  |TAMS 0x0000000085f00000, 0x0000000085f00000| Untracked 
|  96|0x0000000086000000, 0x0000000086000000, 0x0000000086100000|  0%| F|  |TAMS 0x0000000086000000, 0x0000000086000000| Untracked 
|  97|0x0000000086100000, 0x0000000086200000, 0x0000000086200000|100%| S|CS|TAMS 0x0000000086100000, 0x0000000086100000| Complete 
|  98|0x0000000086200000, 0x0000000086300000, 0x0000000086300000|100%| S|CS|TAMS 0x0000000086200000, 0x0000000086200000| Complete 
|  99|0x0000000086300000, 0x0000000086400000, 0x0000000086400000|100%| S|CS|TAMS 0x0000000086300000, 0x0000000086300000| Complete 
| 100|0x0000000086400000, 0x0000000086500000, 0x0000000086500000|100%| S|CS|TAMS 0x0000000086400000, 0x0000000086400000| Complete 
| 101|0x0000000086500000, 0x0000000086600000, 0x0000000086600000|100%| S|CS|TAMS 0x0000000086500000, 0x0000000086500000| Complete 
| 102|0x0000000086600000, 0x0000000086600000, 0x0000000086700000|  0%| F|  |TAMS 0x0000000086600000, 0x0000000086600000| Untracked 
| 103|0x0000000086700000, 0x0000000086700000, 0x0000000086800000|  0%| F|  |TAMS 0x0000000086700000, 0x0000000086700000| Untracked 
| 104|0x0000000086800000, 0x0000000086800000, 0x0000000086900000|  0%| F|  |TAMS 0x0000000086800000, 0x0000000086800000| Untracked 
| 105|0x0000000086900000, 0x0000000086900000, 0x0000000086a00000|  0%| F|  |TAMS 0x0000000086900000, 0x0000000086900000| Untracked 
| 106|0x0000000086a00000, 0x0000000086a00000, 0x0000000086b00000|  0%| F|  |TAMS 0x0000000086a00000, 0x0000000086a00000| Untracked 
| 107|0x0000000086b00000, 0x0000000086b00000, 0x0000000086c00000|  0%| F|  |TAMS 0x0000000086b00000, 0x0000000086b00000| Untracked 
| 108|0x0000000086c00000, 0x0000000086cc1ca0, 0x0000000086d00000| 75%| E|  |TAMS 0x0000000086c00000, 0x0000000086c00000| Complete 
| 109|0x0000000086d00000, 0x0000000086e00000, 0x0000000086e00000|100%| E|CS|TAMS 0x0000000086d00000, 0x0000000086d00000| Complete 
| 110|0x0000000086e00000, 0x0000000086f00000, 0x0000000086f00000|100%| E|CS|TAMS 0x0000000086e00000, 0x0000000086e00000| Complete 
| 111|0x0000000086f00000, 0x0000000087000000, 0x0000000087000000|100%| E|CS|TAMS 0x0000000086f00000, 0x0000000086f00000| Complete 
| 112|0x0000000087000000, 0x0000000087100000, 0x0000000087100000|100%| E|CS|TAMS 0x0000000087000000, 0x0000000087000000| Complete 
| 113|0x0000000087100000, 0x0000000087200000, 0x0000000087200000|100%| E|CS|TAMS 0x0000000087100000, 0x0000000087100000| Complete 
| 114|0x0000000087200000, 0x0000000087300000, 0x0000000087300000|100%| E|CS|TAMS 0x0000000087200000, 0x0000000087200000| Complete 
| 115|0x0000000087300000, 0x0000000087400000, 0x0000000087400000|100%| E|CS|TAMS 0x0000000087300000, 0x0000000087300000| Complete 
| 116|0x0000000087400000, 0x0000000087500000, 0x0000000087500000|100%| E|CS|TAMS 0x0000000087400000, 0x0000000087400000| Complete 
| 117|0x0000000087500000, 0x0000000087600000, 0x0000000087600000|100%| E|CS|TAMS 0x0000000087500000, 0x0000000087500000| Complete 
| 118|0x0000000087600000, 0x0000000087700000, 0x0000000087700000|100%| E|CS|TAMS 0x0000000087600000, 0x0000000087600000| Complete 
| 119|0x0000000087700000, 0x0000000087800000, 0x0000000087800000|100%| E|CS|TAMS 0x0000000087700000, 0x0000000087700000| Complete 
| 120|0x0000000087800000, 0x0000000087900000, 0x0000000087900000|100%| E|CS|TAMS 0x0000000087800000, 0x0000000087800000| Complete 
| 121|0x0000000087900000, 0x0000000087a00000, 0x0000000087a00000|100%| E|CS|TAMS 0x0000000087900000, 0x0000000087900000| Complete 
| 122|0x0000000087a00000, 0x0000000087b00000, 0x0000000087b00000|100%| E|  |TAMS 0x0000000087a00000, 0x0000000087a00000| Complete 
| 123|0x0000000087b00000, 0x0000000087c00000, 0x0000000087c00000|100%| E|CS|TAMS 0x0000000087b00000, 0x0000000087b00000| Complete 
| 124|0x0000000087c00000, 0x0000000087d00000, 0x0000000087d00000|100%| E|CS|TAMS 0x0000000087c00000, 0x0000000087c00000| Complete 
| 125|0x0000000087d00000, 0x0000000087e00000, 0x0000000087e00000|100%| E|CS|TAMS 0x0000000087d00000, 0x0000000087d00000| Complete 
| 126|0x0000000087e00000, 0x0000000087f00000, 0x0000000087f00000|100%| E|CS|TAMS 0x0000000087e00000, 0x0000000087e00000| Complete 
| 127|0x0000000087f00000, 0x0000000088000000, 0x0000000088000000|100%| E|CS|TAMS 0x0000000087f00000, 0x0000000087f00000| Complete 
| 128|0x0000000088000000, 0x0000000088100000, 0x0000000088100000|100%| E|CS|TAMS 0x0000000088000000, 0x0000000088000000| Complete 
| 129|0x0000000088100000, 0x0000000088200000, 0x0000000088200000|100%| E|CS|TAMS 0x0000000088100000, 0x0000000088100000| Complete 
| 130|0x0000000088200000, 0x0000000088300000, 0x0000000088300000|100%| E|CS|TAMS 0x0000000088200000, 0x0000000088200000| Complete 
| 131|0x0000000088300000, 0x0000000088400000, 0x0000000088400000|100%| E|CS|TAMS 0x0000000088300000, 0x0000000088300000| Complete 
| 132|0x0000000088400000, 0x0000000088500000, 0x0000000088500000|100%| E|CS|TAMS 0x0000000088400000, 0x0000000088400000| Complete 
| 133|0x0000000088500000, 0x0000000088600000, 0x0000000088600000|100%| E|CS|TAMS 0x0000000088500000, 0x0000000088500000| Complete 
| 134|0x0000000088600000, 0x0000000088700000, 0x0000000088700000|100%| E|CS|TAMS 0x0000000088600000, 0x0000000088600000| Complete 
| 135|0x0000000088700000, 0x0000000088800000, 0x0000000088800000|100%| E|CS|TAMS 0x0000000088700000, 0x0000000088700000| Complete 
| 136|0x0000000088800000, 0x0000000088900000, 0x0000000088900000|100%| E|CS|TAMS 0x0000000088800000, 0x0000000088800000| Complete 
| 137|0x0000000088900000, 0x0000000088a00000, 0x0000000088a00000|100%| E|CS|TAMS 0x0000000088900000, 0x0000000088900000| Complete 
| 138|0x0000000088a00000, 0x0000000088b00000, 0x0000000088b00000|100%| E|CS|TAMS 0x0000000088a00000, 0x0000000088a00000| Complete 
| 139|0x0000000088b00000, 0x0000000088c00000, 0x0000000088c00000|100%| E|CS|TAMS 0x0000000088b00000, 0x0000000088b00000| Complete 
| 140|0x0000000088c00000, 0x0000000088d00000, 0x0000000088d00000|100%| E|CS|TAMS 0x0000000088c00000, 0x0000000088c00000| Complete 
| 141|0x0000000088d00000, 0x0000000088e00000, 0x0000000088e00000|100%| E|CS|TAMS 0x0000000088d00000, 0x0000000088d00000| Complete 
| 142|0x0000000088e00000, 0x0000000088f00000, 0x0000000088f00000|100%| E|CS|TAMS 0x0000000088e00000, 0x0000000088e00000| Complete 
| 143|0x0000000088f00000, 0x0000000089000000, 0x0000000089000000|100%| E|CS|TAMS 0x0000000088f00000, 0x0000000088f00000| Complete 
| 144|0x0000000089000000, 0x0000000089100000, 0x0000000089100000|100%| E|CS|TAMS 0x0000000089000000, 0x0000000089000000| Complete 
| 145|0x0000000089100000, 0x0000000089200000, 0x0000000089200000|100%| E|CS|TAMS 0x0000000089100000, 0x0000000089100000| Complete 
| 146|0x0000000089200000, 0x0000000089300000, 0x0000000089300000|100%| E|CS|TAMS 0x0000000089200000, 0x0000000089200000| Complete 
| 147|0x0000000089300000, 0x0000000089400000, 0x0000000089400000|100%| E|CS|TAMS 0x0000000089300000, 0x0000000089300000| Complete 
| 148|0x0000000089400000, 0x0000000089500000, 0x0000000089500000|100%| E|CS|TAMS 0x0000000089400000, 0x0000000089400000| Complete 
| 149|0x0000000089500000, 0x0000000089600000, 0x0000000089600000|100%| E|CS|TAMS 0x0000000089500000, 0x0000000089500000| Complete 
| 150|0x0000000089600000, 0x0000000089700000, 0x0000000089700000|100%| E|CS|TAMS 0x0000000089600000, 0x0000000089600000| Complete 
| 151|0x0000000089700000, 0x0000000089800000, 0x0000000089800000|100%| E|CS|TAMS 0x0000000089700000, 0x0000000089700000| Complete 
| 152|0x0000000089800000, 0x0000000089900000, 0x0000000089900000|100%| E|CS|TAMS 0x0000000089800000, 0x0000000089800000| Complete 
| 153|0x0000000089900000, 0x0000000089a00000, 0x0000000089a00000|100%| E|CS|TAMS 0x0000000089900000, 0x0000000089900000| Complete 
| 154|0x0000000089a00000, 0x0000000089b00000, 0x0000000089b00000|100%| E|CS|TAMS 0x0000000089a00000, 0x0000000089a00000| Complete 
| 155|0x0000000089b00000, 0x0000000089c00000, 0x0000000089c00000|100%| E|CS|TAMS 0x0000000089b00000, 0x0000000089b00000| Complete 
| 156|0x0000000089c00000, 0x0000000089d00000, 0x0000000089d00000|100%| E|CS|TAMS 0x0000000089c00000, 0x0000000089c00000| Complete 
| 157|0x0000000089d00000, 0x0000000089e00000, 0x0000000089e00000|100%| E|CS|TAMS 0x0000000089d00000, 0x0000000089d00000| Complete 
| 158|0x0000000089e00000, 0x0000000089f00000, 0x0000000089f00000|100%| E|CS|TAMS 0x0000000089e00000, 0x0000000089e00000| Complete 
| 159|0x0000000089f00000, 0x000000008a000000, 0x000000008a000000|100%| E|CS|TAMS 0x0000000089f00000, 0x0000000089f00000| Complete 
| 160|0x000000008a000000, 0x000000008a100000, 0x000000008a100000|100%| E|CS|TAMS 0x000000008a000000, 0x000000008a000000| Complete 
| 161|0x000000008a100000, 0x000000008a200000, 0x000000008a200000|100%| E|CS|TAMS 0x000000008a100000, 0x000000008a100000| Complete 
| 162|0x000000008a200000, 0x000000008a300000, 0x000000008a300000|100%| E|CS|TAMS 0x000000008a200000, 0x000000008a200000| Complete 
| 163|0x000000008a300000, 0x000000008a400000, 0x000000008a400000|100%| E|CS|TAMS 0x000000008a300000, 0x000000008a300000| Complete 
| 164|0x000000008a400000, 0x000000008a500000, 0x000000008a500000|100%| E|CS|TAMS 0x000000008a400000, 0x000000008a400000| Complete 
| 165|0x000000008a500000, 0x000000008a600000, 0x000000008a600000|100%| E|CS|TAMS 0x000000008a500000, 0x000000008a500000| Complete 
| 166|0x000000008a600000, 0x000000008a700000, 0x000000008a700000|100%| E|CS|TAMS 0x000000008a600000, 0x000000008a600000| Complete 
| 167|0x000000008a700000, 0x000000008a800000, 0x000000008a800000|100%| E|CS|TAMS 0x000000008a700000, 0x000000008a700000| Complete 
| 168|0x000000008a800000, 0x000000008a900000, 0x000000008a900000|100%| E|CS|TAMS 0x000000008a800000, 0x000000008a800000| Complete 
| 169|0x000000008a900000, 0x000000008aa00000, 0x000000008aa00000|100%| E|CS|TAMS 0x000000008a900000, 0x000000008a900000| Complete 
| 170|0x000000008aa00000, 0x000000008ab00000, 0x000000008ab00000|100%| E|CS|TAMS 0x000000008aa00000, 0x000000008aa00000| Complete 
| 171|0x000000008ab00000, 0x000000008ac00000, 0x000000008ac00000|100%| E|CS|TAMS 0x000000008ab00000, 0x000000008ab00000| Complete 
| 172|0x000000008ac00000, 0x000000008ad00000, 0x000000008ad00000|100%| E|CS|TAMS 0x000000008ac00000, 0x000000008ac00000| Complete 

Card table byte_map: [0x0000026cc7660000,0x0000026cc7a60000] _byte_map_base: 0x0000026cc7260000

Marking Bits (Prev, Next): (CMBitMap*) 0x0000026cb4241f60, (CMBitMap*) 0x0000026cb4241f28
 Prev Bits: [0x0000026cc9e60000, 0x0000026ccbe60000)
 Next Bits: [0x0000026cc7e60000, 0x0000026cc9e60000)

Polling page: 0x0000026cb2040000

Metaspace:

Usage:
  Non-class:     74.01 MB capacity,    72.41 MB ( 98%) used,     1.31 MB (  2%) free+waste,   298.94 KB ( <1%) overhead. 
      Class:     11.91 MB capacity,    10.95 MB ( 92%) used,   841.77 KB (  7%) free+waste,   136.38 KB (  1%) overhead. 
       Both:     85.92 MB capacity,    83.36 MB ( 97%) used,     2.13 MB (  2%) free+waste,   435.31 KB ( <1%) overhead. 

Virtual space:
  Non-class space:       76.00 MB reserved,      74.17 MB ( 98%) committed 
      Class space:        1.00 GB reserved,      12.00 MB (  1%) committed 
             Both:        1.07 GB reserved,      86.17 MB (  8%) committed 

Chunk freelists:
   Non-Class:  30.00 KB
       Class:  0 bytes
        Both:  30.00 KB

MaxMetaspaceSize: 17179869184.00 GB
CompressedClassSpaceSize: 1.00 GB
Initial GC threshold: 20.80 MB
Current GC threshold: 97.99 MB
CDS: off

CodeHeap 'non-profiled nmethods': size=120000Kb used=6977Kb max_used=6977Kb free=113023Kb
 bounds [0x0000026cbf7e0000, 0x0000026cbfec0000, 0x0000026cc6d10000]
CodeHeap 'profiled nmethods': size=120000Kb used=24677Kb max_used=24677Kb free=95322Kb
 bounds [0x0000026cb82b0000, 0x0000026cb9ad0000, 0x0000026cbf7e0000]
CodeHeap 'non-nmethods': size=5760Kb used=2368Kb max_used=2445Kb free=3392Kb
 bounds [0x0000026cb7d10000, 0x0000026cb7f90000, 0x0000026cb82b0000]
 total_blobs=12189 nmethods=11309 adapters=792
 compilation: enabled
              stopped_count=0, restarted_count=0
 full_count=0

Compilation events (20 events):
Event: 65.119 Thread 0x0000026cceaf8000 11350       3       java.lang.CompoundEnumeration::next (58 bytes)
Event: 65.120 Thread 0x0000026cceaf8000 nmethod 11350 0x0000026cb9ac1890 code [0x0000026cb9ac1a60, 0x0000026cb9ac1d88]
Event: 65.120 Thread 0x0000026cceaf8000 11352       3       com.sun.org.apache.xerces.internal.impl.XMLDocumentScannerImpl::getPropertyDefault (40 bytes)
Event: 65.121 Thread 0x0000026cceaf8000 nmethod 11352 0x0000026cb9ac1e90 code [0x0000026cb9ac2080, 0x0000026cb9ac2358]
Event: 65.121 Thread 0x0000026cceaf8000 11351       3       com.sun.org.apache.xerces.internal.util.ParserConfigurationSettings::addRecognizedProperties (15 bytes)
Event: 65.122 Thread 0x0000026cceaf8000 nmethod 11351 0x0000026cb9ac2510 code [0x0000026cb9ac2720, 0x0000026cb9ac2cd8]
Event: 65.122 Thread 0x0000026cceaf8000 11353       3       com.sun.org.apache.xerces.internal.util.ParserConfigurationSettings::getProperty (20 bytes)
Event: 65.122 Thread 0x0000026cceaf8000 nmethod 11353 0x0000026cb9ac2f10 code [0x0000026cb9ac30e0, 0x0000026cb9ac3388]
Event: 65.128 Thread 0x0000026cceaf8000 11354       3       com.sun.org.apache.xerces.internal.impl.XMLDocumentFragmentScannerImpl$FragmentContentDriver::startOfMarkup (280 bytes)
Event: 65.130 Thread 0x0000026cceaf8000 nmethod 11354 0x0000026cb9ac3510 code [0x0000026cb9ac3840, 0x0000026cb9ac4828]
Event: 65.130 Thread 0x0000026cceaf8000 11356       3       org.xml.sax.helpers.AttributesImpl::<init> (10 bytes)
Event: 65.131 Thread 0x0000026cceaf8000 nmethod 11356 0x0000026cb9ac4e10 code [0x0000026cb9ac4fe0, 0x0000026cb9ac5168]
Event: 65.131 Thread 0x0000026cceaf8000 11355       3       com.android.repository.impl.meta.SchemaModuleUtil$NamespaceFallbackFilter::startElement (59 bytes)
Event: 65.131 Thread 0x0000026cceaf8000 nmethod 11355 0x0000026cb9ac5210 code [0x0000026cb9ac5420, 0x0000026cb9ac5b38]
Event: 65.149 Thread 0x0000026cceaf8000 11357       2       java.util.Iterator::forEachRemaining (30 bytes)
Event: 65.150 Thread 0x0000026cceaf8000 nmethod 11357 0x0000026cb9ac5d90 code [0x0000026cb9ac5f80, 0x0000026cb9ac6218]
Event: 65.168 Thread 0x0000026cceaf8000 11358       2       java.util.Spliterators$IteratorSpliterator::forEachRemaining (58 bytes)
Event: 65.169 Thread 0x0000026cceaf8000 nmethod 11358 0x0000026cb9ac6390 code [0x0000026cb9ac6580, 0x0000026cb9ac6838]
Event: 65.171 Thread 0x0000026cceaf8000 11359   !   3       sun.nio.fs.WindowsChannelFactory::open (447 bytes)
Event: 65.175 Thread 0x0000026cceaf8000 nmethod 11359 0x0000026cb9ac6990 code [0x0000026cb9ac6d80, 0x0000026cb9ac8bf8]

GC Heap History (20 events):
Event: 17.393 GC heap before
{Heap before GC invocations=19 (full 0):
 garbage-first heap   total 177152K, used 128631K [0x0000000080000000, 0x0000000100000000)
  region size 1024K, 74 young (75776K), 7 survivors (7168K)
 Metaspace       used 77176K, capacity 78907K, committed 79148K, reserved 1118208K
  class space    used 10134K, capacity 10774K, committed 10880K, reserved 1048576K
}
Event: 17.404 GC heap after
{Heap after GC invocations=20 (full 0):
 garbage-first heap   total 177152K, used 59689K [0x0000000080000000, 0x0000000100000000)
  region size 1024K, 2 young (2048K), 2 survivors (2048K)
 Metaspace       used 77176K, capacity 78907K, committed 79148K, reserved 1118208K
  class space    used 10134K, capacity 10774K, committed 10880K, reserved 1048576K
}
Event: 19.079 GC heap before
{Heap before GC invocations=20 (full 0):
 garbage-first heap   total 177152K, used 132393K [0x0000000080000000, 0x0000000100000000)
  region size 1024K, 73 young (74752K), 2 survivors (2048K)
 Metaspace       used 77178K, capacity 78907K, committed 79148K, reserved 1118208K
  class space    used 10134K, capacity 10774K, committed 10880K, reserved 1048576K
}
Event: 19.084 GC heap after
{Heap after GC invocations=21 (full 0):
 garbage-first heap   total 177152K, used 59546K [0x0000000080000000, 0x0000000100000000)
  region size 1024K, 2 young (2048K), 2 survivors (2048K)
 Metaspace       used 77178K, capacity 78907K, committed 79148K, reserved 1118208K
  class space    used 10134K, capacity 10774K, committed 10880K, reserved 1048576K
}
Event: 20.753 GC heap before
{Heap before GC invocations=21 (full 0):
 garbage-first heap   total 177152K, used 133274K [0x0000000080000000, 0x0000000100000000)
  region size 1024K, 74 young (75776K), 2 survivors (2048K)
 Metaspace       used 77178K, capacity 78907K, committed 79148K, reserved 1118208K
  class space    used 10134K, capacity 10774K, committed 10880K, reserved 1048576K
}
Event: 20.756 GC heap after
{Heap after GC invocations=22 (full 0):
 garbage-first heap   total 177152K, used 59528K [0x0000000080000000, 0x0000000100000000)
  region size 1024K, 2 young (2048K), 2 survivors (2048K)
 Metaspace       used 77178K, capacity 78907K, committed 79148K, reserved 1118208K
  class space    used 10134K, capacity 10774K, committed 10880K, reserved 1048576K
}
Event: 22.314 GC heap before
{Heap before GC invocations=22 (full 0):
 garbage-first heap   total 177152K, used 134280K [0x0000000080000000, 0x0000000100000000)
  region size 1024K, 75 young (76800K), 2 survivors (2048K)
 Metaspace       used 77583K, capacity 79315K, committed 79660K, reserved 1118208K
  class space    used 10159K, capacity 10788K, committed 10880K, reserved 1048576K
}
Event: 22.320 GC heap after
{Heap after GC invocations=23 (full 0):
 garbage-first heap   total 177152K, used 59866K [0x0000000080000000, 0x0000000100000000)
  region size 1024K, 3 young (3072K), 3 survivors (3072K)
 Metaspace       used 77583K, capacity 79315K, committed 79660K, reserved 1118208K
  class space    used 10159K, capacity 10788K, committed 10880K, reserved 1048576K
}
Event: 23.907 GC heap before
{Heap before GC invocations=23 (full 0):
 garbage-first heap   total 177152K, used 135642K [0x0000000080000000, 0x0000000100000000)
  region size 1024K, 77 young (78848K), 3 survivors (3072K)
 Metaspace       used 77584K, capacity 79315K, committed 79660K, reserved 1118208K
  class space    used 10159K, capacity 10788K, committed 10880K, reserved 1048576K
}
Event: 23.913 GC heap after
{Heap after GC invocations=24 (full 0):
 garbage-first heap   total 177152K, used 59770K [0x0000000080000000, 0x0000000100000000)
  region size 1024K, 3 young (3072K), 3 survivors (3072K)
 Metaspace       used 77584K, capacity 79315K, committed 79660K, reserved 1118208K
  class space    used 10159K, capacity 10788K, committed 10880K, reserved 1048576K
}
Event: 25.703 GC heap before
{Heap before GC invocations=24 (full 0):
 garbage-first heap   total 177152K, used 143738K [0x0000000080000000, 0x0000000100000000)
  region size 1024K, 85 young (87040K), 3 survivors (3072K)
 Metaspace       used 77584K, capacity 79315K, committed 79660K, reserved 1118208K
  class space    used 10159K, capacity 10788K, committed 10880K, reserved 1048576K
}
Event: 25.709 GC heap after
{Heap after GC invocations=25 (full 0):
 garbage-first heap   total 177152K, used 59810K [0x0000000080000000, 0x0000000100000000)
  region size 1024K, 3 young (3072K), 3 survivors (3072K)
 Metaspace       used 77584K, capacity 79315K, committed 79660K, reserved 1118208K
  class space    used 10159K, capacity 10788K, committed 10880K, reserved 1048576K
}
Event: 27.488 GC heap before
{Heap before GC invocations=25 (full 0):
 garbage-first heap   total 177152K, used 146850K [0x0000000080000000, 0x0000000100000000)
  region size 1024K, 88 young (90112K), 3 survivors (3072K)
 Metaspace       used 79589K, capacity 81408K, committed 81708K, reserved 1120256K
  class space    used 10403K, capacity 11088K, committed 11136K, reserved 1048576K
}
Event: 27.494 GC heap after
{Heap after GC invocations=26 (full 0):
 garbage-first heap   total 177152K, used 62091K [0x0000000080000000, 0x0000000100000000)
  region size 1024K, 5 young (5120K), 5 survivors (5120K)
 Metaspace       used 79589K, capacity 81408K, committed 81708K, reserved 1120256K
  class space    used 10403K, capacity 11088K, committed 11136K, reserved 1048576K
}
Event: 28.575 GC heap before
{Heap before GC invocations=26 (full 0):
 garbage-first heap   total 177152K, used 146059K [0x0000000080000000, 0x0000000100000000)
  region size 1024K, 88 young (90112K), 5 survivors (5120K)
 Metaspace       used 82982K, capacity 85399K, committed 85676K, reserved 1122304K
  class space    used 11020K, capacity 11953K, committed 12032K, reserved 1048576K
}
Event: 28.587 GC heap after
{Heap after GC invocations=27 (full 0):
 garbage-first heap   total 177152K, used 67670K [0x0000000080000000, 0x0000000100000000)
  region size 1024K, 10 young (10240K), 10 survivors (10240K)
 Metaspace       used 82982K, capacity 85399K, committed 85676K, reserved 1122304K
  class space    used 11020K, capacity 11953K, committed 12032K, reserved 1048576K
}
Event: 29.348 GC heap before
{Heap before GC invocations=27 (full 0):
 garbage-first heap   total 177152K, used 145494K [0x0000000080000000, 0x0000000100000000)
  region size 1024K, 87 young (89088K), 10 survivors (10240K)
 Metaspace       used 83795K, capacity 86333K, committed 86444K, reserved 1124352K
  class space    used 11084K, capacity 12025K, committed 12032K, reserved 1048576K
}
Event: 29.364 GC heap after
{Heap after GC invocations=28 (full 0):
 garbage-first heap   total 177152K, used 73407K [0x0000000080000000, 0x0000000100000000)
  region size 1024K, 11 young (11264K), 11 survivors (11264K)
 Metaspace       used 83795K, capacity 86333K, committed 86444K, reserved 1124352K
  class space    used 11084K, capacity 12025K, committed 12032K, reserved 1048576K
}
Event: 29.871 GC heap before
{Heap before GC invocations=28 (full 0):
 garbage-first heap   total 177152K, used 145087K [0x0000000080000000, 0x0000000100000000)
  region size 1024K, 82 young (83968K), 11 survivors (11264K)
 Metaspace       used 84214K, capacity 86685K, committed 86828K, reserved 1124352K
  class space    used 11115K, capacity 12104K, committed 12160K, reserved 1048576K
}
Event: 29.887 GC heap after
{Heap after GC invocations=29 (full 0):
 garbage-first heap   total 177152K, used 78464K [0x0000000080000000, 0x0000000100000000)
  region size 1024K, 5 young (5120K), 5 survivors (5120K)
 Metaspace       used 84214K, capacity 86685K, committed 86828K, reserved 1124352K
  class space    used 11115K, capacity 12104K, committed 12160K, reserved 1048576K
}

Deoptimization events (20 events):
Event: 64.699 Thread 0x0000026cd18f7000 DEOPT PACKING pc=0x0000026cbfda20e8 sp=0x00000086d57f9210
Event: 64.699 Thread 0x0000026cd18f7000 DEOPT UNPACKING pc=0x0000026cb7d5a1af sp=0x00000086d57f9148 mode 2
Event: 64.868 Thread 0x0000026cd18f7000 Uncommon trap: trap_request=0xffffff4d fr.pc=0x0000026cbfda2960 relative=0x00000000000001a0
Event: 64.868 Thread 0x0000026cd18f7000 Uncommon trap: reason=unstable_if action=reinterpret pc=0x0000026cbfda2960 method=org.gradle.internal.hash.HashCode.equals(Ljava/lang/Object;)Z @ 66 c2
Event: 64.868 Thread 0x0000026cd18f7000 DEOPT PACKING pc=0x0000026cbfda2960 sp=0x00000086d57f9a90
Event: 64.868 Thread 0x0000026cd18f7000 DEOPT UNPACKING pc=0x0000026cb7d5a1af sp=0x00000086d57f9a18 mode 2
Event: 65.099 Thread 0x0000026cd18f7000 DEOPT PACKING pc=0x0000026cb8755070 sp=0x00000086d57f9990
Event: 65.099 Thread 0x0000026cd18f7000 DEOPT UNPACKING pc=0x0000026cb7d5a95e sp=0x00000086d57f8e68 mode 0
Event: 65.109 Thread 0x0000026cd18f7000 DEOPT PACKING pc=0x0000026cb9673699 sp=0x00000086d57f94e0
Event: 65.109 Thread 0x0000026cd18f7000 DEOPT UNPACKING pc=0x0000026cb7d5a95e sp=0x00000086d57f8998 mode 0
Event: 65.109 Thread 0x0000026cd18f7000 DEOPT PACKING pc=0x0000026cb9673699 sp=0x00000086d57f9410
Event: 65.109 Thread 0x0000026cd18f7000 DEOPT UNPACKING pc=0x0000026cb7d5a95e sp=0x00000086d57f88c8 mode 0
Event: 65.123 Thread 0x0000026cd18f7000 DEOPT PACKING pc=0x0000026cb9673699 sp=0x00000086d57f9420
Event: 65.123 Thread 0x0000026cd18f7000 DEOPT UNPACKING pc=0x0000026cb7d5a95e sp=0x00000086d57f88d8 mode 0
Event: 65.123 Thread 0x0000026cd18f7000 DEOPT PACKING pc=0x0000026cb9673699 sp=0x00000086d57f9420
Event: 65.123 Thread 0x0000026cd18f7000 DEOPT UNPACKING pc=0x0000026cb7d5a95e sp=0x00000086d57f88d8 mode 0
Event: 65.132 Thread 0x0000026cd18f7000 Uncommon trap: trap_request=0xffffffde fr.pc=0x0000026cbfcc1248 relative=0x0000000000000548
Event: 65.132 Thread 0x0000026cd18f7000 Uncommon trap: reason=class_check action=maybe_recompile pc=0x0000026cbfcc1248 method=com.android.sdklib.repository.legacy.LegacyLocalRepoLoader.shouldParse(Ljava/nio/file/Path;)Z @ 3 c2
Event: 65.132 Thread 0x0000026cd18f7000 DEOPT PACKING pc=0x0000026cbfcc1248 sp=0x00000086d57f9bd0
Event: 65.132 Thread 0x0000026cd18f7000 DEOPT UNPACKING pc=0x0000026cb7d5a1af sp=0x00000086d57f9b88 mode 2

Classes redefined (0 events):
No events

Internal exceptions (20 events):
Event: 65.226 Thread 0x0000026cd18f7000 Exception <a 'sun/nio/fs/WindowsException'{0x0000000086e3cda0}> (0x0000000086e3cda0) thrown at [./src/hotspot/share/prims/jni.cpp, line 615]
Event: 65.226 Thread 0x0000026cd18f7000 Exception <a 'sun/nio/fs/WindowsException'{0x0000000086e3ce20}> (0x0000000086e3ce20) thrown at [./src/hotspot/share/prims/jni.cpp, line 615]
Event: 65.226 Thread 0x0000026cd18f7000 Exception <a 'sun/nio/fs/WindowsException'{0x0000000086e3fb90}> (0x0000000086e3fb90) thrown at [./src/hotspot/share/prims/jni.cpp, line 615]
Event: 65.226 Thread 0x0000026cd18f7000 Exception <a 'sun/nio/fs/WindowsException'{0x0000000086e3fc10}> (0x0000000086e3fc10) thrown at [./src/hotspot/share/prims/jni.cpp, line 615]
Event: 65.226 Thread 0x0000026cd18f7000 Exception <a 'sun/nio/fs/WindowsException'{0x0000000086e43348}> (0x0000000086e43348) thrown at [./src/hotspot/share/prims/jni.cpp, line 615]
Event: 65.226 Thread 0x0000026cd18f7000 Exception <a 'sun/nio/fs/WindowsException'{0x0000000086e433c8}> (0x0000000086e433c8) thrown at [./src/hotspot/share/prims/jni.cpp, line 615]
Event: 65.227 Thread 0x0000026cd18f7000 Exception <a 'sun/nio/fs/WindowsException'{0x0000000086e46108}> (0x0000000086e46108) thrown at [./src/hotspot/share/prims/jni.cpp, line 615]
Event: 65.227 Thread 0x0000026cd18f7000 Exception <a 'sun/nio/fs/WindowsException'{0x0000000086e46188}> (0x0000000086e46188) thrown at [./src/hotspot/share/prims/jni.cpp, line 615]
Event: 65.227 Thread 0x0000026cd18f7000 Exception <a 'sun/nio/fs/WindowsException'{0x0000000086e49858}> (0x0000000086e49858) thrown at [./src/hotspot/share/prims/jni.cpp, line 615]
Event: 65.227 Thread 0x0000026cd18f7000 Exception <a 'sun/nio/fs/WindowsException'{0x0000000086e498d8}> (0x0000000086e498d8) thrown at [./src/hotspot/share/prims/jni.cpp, line 615]
Event: 65.227 Thread 0x0000026cd18f7000 Exception <a 'sun/nio/fs/WindowsException'{0x0000000086e4c630}> (0x0000000086e4c630) thrown at [./src/hotspot/share/prims/jni.cpp, line 615]
Event: 65.227 Thread 0x0000026cd18f7000 Exception <a 'sun/nio/fs/WindowsException'{0x0000000086e4c6b0}> (0x0000000086e4c6b0) thrown at [./src/hotspot/share/prims/jni.cpp, line 615]
Event: 65.228 Thread 0x0000026cd18f7000 Exception <a 'sun/nio/fs/WindowsException'{0x0000000086e4fde8}> (0x0000000086e4fde8) thrown at [./src/hotspot/share/prims/jni.cpp, line 615]
Event: 65.228 Thread 0x0000026cd18f7000 Exception <a 'sun/nio/fs/WindowsException'{0x0000000086e4fe68}> (0x0000000086e4fe68) thrown at [./src/hotspot/share/prims/jni.cpp, line 615]
Event: 65.228 Thread 0x0000026cd18f7000 Exception <a 'sun/nio/fs/WindowsException'{0x0000000086e52bc0}> (0x0000000086e52bc0) thrown at [./src/hotspot/share/prims/jni.cpp, line 615]
Event: 65.228 Thread 0x0000026cd18f7000 Exception <a 'sun/nio/fs/WindowsException'{0x0000000086e52c40}> (0x0000000086e52c40) thrown at [./src/hotspot/share/prims/jni.cpp, line 615]
Event: 65.228 Thread 0x0000026cd18f7000 Exception <a 'sun/nio/fs/WindowsException'{0x0000000086e56338}> (0x0000000086e56338) thrown at [./src/hotspot/share/prims/jni.cpp, line 615]
Event: 65.228 Thread 0x0000026cd18f7000 Exception <a 'sun/nio/fs/WindowsException'{0x0000000086e563b8}> (0x0000000086e563b8) thrown at [./src/hotspot/share/prims/jni.cpp, line 615]
Event: 65.228 Thread 0x0000026cd18f7000 Exception <a 'sun/nio/fs/WindowsException'{0x0000000086e59108}> (0x0000000086e59108) thrown at [./src/hotspot/share/prims/jni.cpp, line 615]
Event: 65.228 Thread 0x0000026cd18f7000 Exception <a 'sun/nio/fs/WindowsException'{0x0000000086e59188}> (0x0000000086e59188) thrown at [./src/hotspot/share/prims/jni.cpp, line 615]

Events (20 events):
Event: 64.821 Thread 0x0000026cd7e10800 Thread added: 0x0000026cd7e10800
Event: 64.821 Thread 0x0000026cd7e17800 Thread added: 0x0000026cd7e17800
Event: 64.821 Thread 0x0000026cd7e1a000 Thread added: 0x0000026cd7e1a000
Event: 64.821 Thread 0x0000026cd7e1b000 Thread added: 0x0000026cd7e1b000
Event: 64.821 Thread 0x0000026cd7e1b800 Thread added: 0x0000026cd7e1b800
Event: 64.822 Thread 0x0000026cd7e19800 Thread added: 0x0000026cd7e19800
Event: 64.822 Thread 0x0000026cd7e1c800 Thread added: 0x0000026cd7e1c800
Event: 64.822 Thread 0x0000026cd7e18800 Thread added: 0x0000026cd7e18800
Event: 64.822 Thread 0x0000026cd7e17000 Thread added: 0x0000026cd7e17000
Event: 64.824 Thread 0x0000026cd7e1d800 Thread added: 0x0000026cd7e1d800
Event: 64.824 Thread 0x0000026cd83ef800 Thread added: 0x0000026cd83ef800
Event: 64.824 Thread 0x0000026cd83ed800 Thread added: 0x0000026cd83ed800
Event: 64.825 Thread 0x0000026cd83f1000 Thread added: 0x0000026cd83f1000
Event: 64.825 Thread 0x0000026cd83ed000 Thread added: 0x0000026cd83ed000
Event: 64.825 Thread 0x0000026cd83f2000 Thread added: 0x0000026cd83f2000
Event: 64.825 Thread 0x0000026cd83f2800 Thread added: 0x0000026cd83f2800
Event: 64.825 Thread 0x0000026cd83f3800 Thread added: 0x0000026cd83f3800
Event: 64.826 Thread 0x0000026cd83f4000 Thread added: 0x0000026cd83f4000
Event: 64.826 Thread 0x0000026cd83ee800 Thread added: 0x0000026cd83ee800
Event: 64.826 Thread 0x0000026cd83f0000 Thread added: 0x0000026cd83f0000


Dynamic libraries:
0x00007ff73fdb0000 - 0x00007ff73fdba000 	D:\asus\Android Studio\jre\bin\java.exe
0x00007fffbcf10000 - 0x00007fffbd108000 	C:\Windows\SYSTEM32\ntdll.dll
0x00007fffbbf10000 - 0x00007fffbbfcf000 	C:\Windows\System32\KERNEL32.DLL
0x00007fffba9a0000 - 0x00007fffbac72000 	C:\Windows\System32\KERNELBASE.dll
0x00007fffba760000 - 0x00007fffba860000 	C:\Windows\System32\ucrtbase.dll
0x00007fffadd10000 - 0x00007fffadd29000 	D:\asus\Android Studio\jre\bin\jli.dll
0x00007fffab5c0000 - 0x00007fffab5d7000 	D:\asus\Android Studio\jre\bin\VCRUNTIME140.dll
0x00007fffbbcf0000 - 0x00007fffbbe91000 	C:\Windows\System32\USER32.dll
0x00007fffba970000 - 0x00007fffba992000 	C:\Windows\System32\win32u.dll
0x00007fffab2d0000 - 0x00007fffab56a000 	C:\Windows\WinSxS\amd64_microsoft.windows.common-controls_6595b64144ccf1df_6.0.19041.1110_none_60b5254171f9507e\COMCTL32.dll
0x00007fffbcd10000 - 0x00007fffbcd3b000 	C:\Windows\System32\GDI32.dll
0x00007fffbc110000 - 0x00007fffbc1ae000 	C:\Windows\System32\msvcrt.dll
0x00007fffba860000 - 0x00007fffba96f000 	C:\Windows\System32\gdi32full.dll
0x00007fffbaec0000 - 0x00007fffbaf5d000 	C:\Windows\System32\msvcp_win.dll
0x00007fffbb770000 - 0x00007fffbb7a0000 	C:\Windows\System32\IMM32.DLL
0x00007fff94f10000 - 0x00007fff94fad000 	D:\asus\Android Studio\jre\bin\msvcp140.dll
0x00007fff84dc0000 - 0x00007fff858a5000 	D:\asus\Android Studio\jre\bin\server\jvm.dll
0x00007fffbc900000 - 0x00007fffbc9ae000 	C:\Windows\System32\ADVAPI32.dll
0x00007fffbc720000 - 0x00007fffbc7bc000 	C:\Windows\System32\sechost.dll
0x00007fffbc2d0000 - 0x00007fffbc3f4000 	C:\Windows\System32\RPCRT4.dll
0x00007fffbb010000 - 0x00007fffbb018000 	C:\Windows\System32\PSAPI.DLL
0x00007fffb55e0000 - 0x00007fffb55e9000 	C:\Windows\SYSTEM32\WSOCK32.dll
0x00007fffb00c0000 - 0x00007fffb00e7000 	C:\Windows\SYSTEM32\WINMM.dll
0x00007fffbbea0000 - 0x00007fffbbf0b000 	C:\Windows\System32\WS2_32.dll
0x00007fffb0de0000 - 0x00007fffb0dea000 	C:\Windows\SYSTEM32\VERSION.dll
0x00007fffb8e60000 - 0x00007fffb8e72000 	C:\Windows\SYSTEM32\kernel.appcore.dll
0x00007fffb3ff0000 - 0x00007fffb4001000 	D:\asus\Android Studio\jre\bin\verify.dll
0x00007fffb8a40000 - 0x00007fffb8c24000 	C:\Windows\SYSTEM32\DBGHELP.DLL
0x00007fffa5a00000 - 0x00007fffa5a35000 	C:\Windows\SYSTEM32\dbgcore.DLL
0x00007fffbacd0000 - 0x00007fffbad52000 	C:\Windows\System32\bcryptPrimitives.dll
0x00007fffaead0000 - 0x00007fffaeaf9000 	D:\asus\Android Studio\jre\bin\java.dll
0x00007fffb53d0000 - 0x00007fffb53db000 	D:\asus\Android Studio\jre\bin\jimage.dll
0x00007fffb3d60000 - 0x00007fffb3d78000 	D:\asus\Android Studio\jre\bin\zip.dll
0x00007fffbb020000 - 0x00007fffbb765000 	C:\Windows\System32\SHELL32.dll
0x00007fffb82a0000 - 0x00007fffb8a32000 	C:\Windows\SYSTEM32\windows.storage.dll
0x00007fffbc9b0000 - 0x00007fffbcd05000 	C:\Windows\System32\combase.dll
0x00007fffba070000 - 0x00007fffba0a0000 	C:\Windows\SYSTEM32\Wldp.dll
0x00007fffbaf60000 - 0x00007fffbb00d000 	C:\Windows\System32\SHCORE.dll
0x00007fffbc620000 - 0x00007fffbc675000 	C:\Windows\System32\shlwapi.dll
0x00007fffba550000 - 0x00007fffba56f000 	C:\Windows\SYSTEM32\profapi.dll
0x00007fffb3bf0000 - 0x00007fffb3c0a000 	D:\asus\Android Studio\jre\bin\net.dll
0x00007fffb1880000 - 0x00007fffb198a000 	C:\Windows\SYSTEM32\WINHTTP.dll
0x00007fffb9dd0000 - 0x00007fffb9e3a000 	C:\Windows\system32\mswsock.dll
0x00007fffb0dc0000 - 0x00007fffb0dd4000 	D:\asus\Android Studio\jre\bin\nio.dll
0x00007fffa1300000 - 0x00007fffa1327000 	C:\Users\asus\.gradle\native\e1d6ef7f7dcc3fd88c89a11ec53ec762bb8ba0a96d01ffa2cd45eb1d1d8dd5c5\windows-amd64\native-platform.dll
0x00007fff8aaf0000 - 0x00007fff8ac34000 	C:\Users\asus\.gradle\native\5664cfc778a61ccfe75a443a1ab52a65af34e5dc3c78e0209fed803814484fcb\windows-amd64\native-platform-file-events.dll
0x00007fffb4260000 - 0x00007fffb426a000 	D:\asus\Android Studio\jre\bin\management.dll
0x00007fffb3d20000 - 0x00007fffb3d2d000 	D:\asus\Android Studio\jre\bin\management_ext.dll
0x00007fffb9fc0000 - 0x00007fffb9fd8000 	C:\Windows\SYSTEM32\CRYPTSP.dll
0x00007fffb9680000 - 0x00007fffb96b4000 	C:\Windows\system32\rsaenh.dll
0x00007fffba610000 - 0x00007fffba637000 	C:\Windows\System32\bcrypt.dll
0x00007fffba510000 - 0x00007fffba53e000 	C:\Windows\SYSTEM32\USERENV.dll
0x00007fffb9fe0000 - 0x00007fffb9fec000 	C:\Windows\SYSTEM32\CRYPTBASE.dll
0x00007fffb9a70000 - 0x00007fffb9aab000 	C:\Windows\SYSTEM32\IPHLPAPI.DLL
0x00007fffbbc10000 - 0x00007fffbbc18000 	C:\Windows\System32\NSI.dll
0x00007fffb2c60000 - 0x00007fffb2c77000 	C:\Windows\SYSTEM32\dhcpcsvc6.DLL
0x00007fffb2d60000 - 0x00007fffb2d7d000 	C:\Windows\SYSTEM32\dhcpcsvc.DLL
0x00007fffb9ac0000 - 0x00007fffb9b8b000 	C:\Windows\SYSTEM32\DNSAPI.dll

dbghelp: loaded successfully - version: 4.0.5 - missing functions: none
symbol engine: initialized successfully - sym options: 0x614 - pdb path: .;D:\asus\Android Studio\jre\bin;C:\Windows\SYSTEM32;C:\Windows\WinSxS\amd64_microsoft.windows.common-controls_6595b64144ccf1df_6.0.19041.1110_none_60b5254171f9507e;D:\asus\Android Studio\jre\bin\server;C:\Users\asus\.gradle\native\e1d6ef7f7dcc3fd88c89a11ec53ec762bb8ba0a96d01ffa2cd45eb1d1d8dd5c5\windows-amd64;C:\Users\asus\.gradle\native\5664cfc778a61ccfe75a443a1ab52a65af34e5dc3c78e0209fed803814484fcb\windows-amd64

VM Arguments:
jvm_args: --add-opens=java.base/java.util=ALL-UNNAMED --add-opens=java.base/java.lang=ALL-UNNAMED --add-opens=java.base/java.lang.invoke=ALL-UNNAMED --add-opens=java.base/java.util=ALL-UNNAMED --add-opens=java.prefs/java.util.prefs=ALL-UNNAMED --add-opens=java.prefs/java.util.prefs=ALL-UNNAMED --add-opens=java.base/java.nio.charset=ALL-UNNAMED --add-opens=java.base/java.net=ALL-UNNAMED --add-opens=java.base/java.util.concurrent.atomic=ALL-UNNAMED -Xmx2048m -Dfile.encoding=UTF-8 -Duser.country=US -Duser.language=en -Duser.variant 
java_command: org.gradle.launcher.daemon.bootstrap.GradleDaemon 7.3.3
java_class_path (initial): C:\Users\asus\.gradle\wrapper\dists\gradle-7.3.3-bin\6a41zxkdtcxs8rphpq6y0069z\gradle-7.3.3\lib\gradle-launcher-7.3.3.jar
Launcher Type: SUN_STANDARD

[Global flags]
     intx CICompilerCount                          = 4                                         {product} {ergonomic}
     uint ConcGCThreads                            = 3                                         {product} {ergonomic}
     uint G1ConcRefinementThreads                  = 10                                        {product} {ergonomic}
   size_t G1HeapRegionSize                         = 1048576                                   {product} {ergonomic}
    uintx GCDrainStackTargetSize                   = 64                                        {product} {ergonomic}
   size_t InitialHeapSize                          = 125829120                                 {product} {ergonomic}
   size_t MarkStackSize                            = 4194304                                   {product} {ergonomic}
   size_t MaxHeapSize                              = 2147483648                                {product} {command line}
   size_t MaxNewSize                               = 1287651328                                {product} {ergonomic}
   size_t MinHeapDeltaBytes                        = 1048576                                   {product} {ergonomic}
    uintx NonNMethodCodeHeapSize                   = 5836300                                {pd product} {ergonomic}
    uintx NonProfiledCodeHeapSize                  = 122910970                              {pd product} {ergonomic}
    uintx ProfiledCodeHeapSize                     = 122910970                              {pd product} {ergonomic}
    uintx ReservedCodeCacheSize                    = 251658240                              {pd product} {ergonomic}
     bool SegmentedCodeCache                       = true                                      {product} {ergonomic}
     bool UseCompressedClassPointers               = true                                 {lp64_product} {ergonomic}
     bool UseCompressedOops                        = true                                 {lp64_product} {ergonomic}
     bool UseG1GC                                  = true                                      {product} {ergonomic}
     bool UseLargePagesIndividualAllocation        = false                                  {pd product} {ergonomic}

Logging:
Log output configuration:
 #0: stdout all=warning uptime,level,tags
 #1: stderr all=off uptime,level,tags

Environment Variables:
JAVA_HOME=C:\Program Files\Zulu\zulu-8
PATH=C:\Program Files\Zulu\zulu-8\bin\;C:\Program Files\Common Files\Oracle\Java\javapath;C:\Program Files (x86)\Common Files\Intel\Shared Files\cpp\bin\Intel64;C:\Windows\system32;C:\Windows;C:\Windows\System32\Wbem;C:\Windows\System32\WindowsPowerShell\v1.0\;C:\Windows\System32\OpenSSH\;C:\xampp\mysql\bin;C:\gradle\bin;D:\xampp\php;C:\ProgramData\ComposerSetup\bin;D:\asus\;C:\Program Files\Git\cmd;C:\Program Files\MySQL\MySQL Shell 8.0\bin\;C:\Users\asus\AppData\Local\Microsoft\WindowsApps;C:\Users\asus\AppData\Local\Programs\Microsoft VS Code\bin;C:\Users\asus\AppData\Roaming\Composer\vendor\bin;D:\asus\heroku\bin;C:\Users\asus\AppData\Roaming\npm;D:\asus\miktex\miktex\bin\x64\
USERNAME=asus
OS=Windows_NT
PROCESSOR_IDENTIFIER=AMD64 Family 23 Model 104 Stepping 1, AuthenticAMD



---------------  S Y S T E M  ---------------

OS: Windows 10 , 64 bit Build 19041 (10.0.19041.2546)
OS uptime: 1 days 5:05 hours

CPU:total 12 (initial active 12) (12 cores per cpu, 2 threads per core) family 23 model 104 stepping 1 microcode 0x0, cmov, cx8, fxsr, mmx, sse, sse2, sse3, ssse3, sse4.1, sse4.2, popcnt, avx, avx2, aes, clmul, mmxext, 3dnowpref, lzcnt, sse4a, ht, tsc, tscinvbit, tscinv, bmi1, bmi2, adx, sha, fma

Memory: 4k page, system-wide physical 7580M (562M free)
TotalPageFile size 9580M (AvailPageFile size 8M)
current process WorkingSet (physical memory assigned to process): 452M, peak: 457M
current process commit charge ("private bytes"): 496M, peak: 503M

vm_info: OpenJDK 64-Bit Server VM (11.0.12+7-b1504.28-7817840) for windows-amd64 JRE (11.0.12+7-b1504.28-7817840), built on Oct 13 2021 22:12:33 by "builder" with MS VC++ 14.0 (VS2015)

END.
