#
# There is insufficient memory for the Java Runtime Environment to continue.
# Native memory allocation (malloc) failed to allocate 32744 bytes for ChunkPool::allocate
# Possible reasons:
#   The system is out of physical RAM or swap space
#   The process is running with CompressedOops enabled, and the Java Heap may be blocking the growth of the native heap
# Possible solutions:
#   Reduce memory load on the system
#   Increase physical memory or swap space
#   Check if swap backing store is full
#   Decrease Java heap size (-Xmx/-Xms)
#   Decrease number of Java threads
#   Decrease Java thread stack sizes (-Xss)
#   Set larger code cache with -XX:ReservedCodeCacheSize=
#   JVM is running with Unscaled Compressed Oops mode in which the Java heap is
#     placed in the first 4GB address space. The Java Heap base address is the
#     maximum limit for the native heap growth. Please use -XX:HeapBaseMinAddress
#     to set the Java Heap base and to place the Java Heap above 4GB virtual address.
# This output file may be truncated or incomplete.
#
#  Out of Memory Error (./src/hotspot/share/memory/arena.cpp:81), pid=2616, tid=7444
#
# JRE version: OpenJDK Runtime Environment (11.0.12+7) (build 11.0.12+7-b1504.28-7817840)
# Java VM: OpenJDK 64-Bit Server VM (11.0.12+7-b1504.28-7817840, mixed mode, tiered, compressed oops, g1 gc, windows-amd64)
# No core dump will be written. Minidumps are not enabled by default on client versions of Windows
#

---------------  S U M M A R Y ------------

Command Line: --add-opens=java.base/java.util=ALL-UNNAMED --add-opens=java.base/java.lang=ALL-UNNAMED --add-opens=java.base/java.lang.invoke=ALL-UNNAMED --add-opens=java.base/java.util=ALL-UNNAMED --add-opens=java.prefs/java.util.prefs=ALL-UNNAMED --add-opens=java.prefs/java.util.prefs=ALL-UNNAMED --add-opens=java.base/java.nio.charset=ALL-UNNAMED --add-opens=java.base/java.net=ALL-UNNAMED --add-opens=java.base/java.util.concurrent.atomic=ALL-UNNAMED -Xmx2048m -Dfile.encoding=UTF-8 -Duser.country=US -Duser.language=en -Duser.variant org.gradle.launcher.daemon.bootstrap.GradleDaemon 7.3.3

Host: AMD Ryzen 5 5500U with Radeon Graphics         , 12 cores, 7G,  Windows 10 , 64 bit Build 19041 (10.0.19041.2546)
Time: Tue Apr 11 21:10:47 2023 SE Asia Standard Time elapsed time: 20.749241 seconds (0d 0h 0m 20s)

---------------  T H R E A D  ---------------

Current thread (0x000001a216387800):  JavaThread "C1 CompilerThread0" daemon [_thread_in_native, id=7444, stack(0x0000000de6200000,0x0000000de6300000)]


Current CompileTask:
C1:  20749 7906       3       com.sun.org.apache.xerces.internal.impl.XMLNSDocumentScannerImpl::scanAttribute (824 bytes)

Stack: [0x0000000de6200000,0x0000000de6300000]
Native frames: (J=compiled Java code, j=interpreted, Vv=VM code, C=native code)
V  [jvm.dll+0x5fbcea]
V  [jvm.dll+0x731905]
V  [jvm.dll+0x732f1d]
V  [jvm.dll+0x7335d3]
V  [jvm.dll+0x247bf8]
V  [jvm.dll+0xc041b]
V  [jvm.dll+0xc06cc]
V  [jvm.dll+0x172827]
V  [jvm.dll+0x16e8ca]
V  [jvm.dll+0x128a5c]
V  [jvm.dll+0x128569]
V  [jvm.dll+0x1286d3]
V  [jvm.dll+0x1279e7]
V  [jvm.dll+0x1295b7]
V  [jvm.dll+0x20e0d7]
V  [jvm.dll+0x20c901]
V  [jvm.dll+0x6f9b7f]
V  [jvm.dll+0x6f26a5]
V  [jvm.dll+0x5fabf6]
C  [ucrtbase.dll+0x21bb2]
C  [KERNEL32.DLL+0x17614]
C  [ntdll.dll+0x526a1]


---------------  P R O C E S S  ---------------

Threads class SMR info:
_java_thread_list=0x000001a21c500ec0, length=167, elements={
0x000001a27ba6a000, 0x000001a216358000, 0x000001a216363800, 0x000001a216373000,
0x000001a216374800, 0x000001a216375800, 0x000001a21637a800, 0x000001a216387800,
0x000001a21638c000, 0x000001a216e43000, 0x000001a2191b7800, 0x000001a216f9f800,
0x000001a218fbe800, 0x000001a21a133800, 0x000001a218cf5000, 0x000001a21928c800,
0x000001a21886e800, 0x000001a21a228000, 0x000001a21a582800, 0x000001a21967a000,
0x000001a21967b000, 0x000001a219677000, 0x000001a219679800, 0x000001a21967c000,
0x000001a219677800, 0x000001a219676000, 0x000001a21967c800, 0x000001a219678800,
0x000001a21a486800, 0x000001a21a484000, 0x000001a21a483000, 0x000001a21a481800,
0x000001a21a488000, 0x000001a21a487800, 0x000001a21a482800, 0x000001a21a489000,
0x000001a21a48a000, 0x000001a21a48f800, 0x000001a21a490800, 0x000001a21a48e000,
0x000001a21a48e800, 0x000001a21a48c000, 0x000001a21a48a800, 0x000001a21a48b800,
0x000001a21a48d000, 0x000001a21a947000, 0x000001a21a944800, 0x000001a21a942800,
0x000001a21a945800, 0x000001a21a949000, 0x000001a21a944000, 0x000001a21a943000,
0x000001a21a94a800, 0x000001a21a94b800, 0x000001a21a94c000, 0x000001a21a949800,
0x000001a21a946800, 0x000001a21a94d000, 0x000001a21a94d800, 0x000001a21a948000,
0x000001a21a94e800, 0x000001a21a94f800, 0x000001a21a950000, 0x000001a21a951000,
0x000001a21c58d000, 0x000001a21c58c000, 0x000001a21c58b800, 0x000001a21c592800,
0x000001a21c58d800, 0x000001a21c58f800, 0x000001a21c593800, 0x000001a21c594800,
0x000001a21c591000, 0x000001a21c592000, 0x000001a21c58e800, 0x000001a21c595000,
0x000001a21c590000, 0x000001a21c59a000, 0x000001a21c598800, 0x000001a21c599000,
0x000001a21c596000, 0x000001a21c596800, 0x000001a21c597800, 0x000001a219c40800,
0x000001a219c41000, 0x000001a219c42800, 0x000001a219c42000, 0x000001a219c46000,
0x000001a219c43800, 0x000001a219c45000, 0x000001a219c47800, 0x000001a219c44800,
0x000001a219c47000, 0x000001a219c49800, 0x000001a219c48800, 0x000001a219c4b800,
0x000001a219c4a000, 0x000001a219c4e000, 0x000001a219c4b000, 0x000001a219c4c800,
0x000001a219c4d800, 0x000001a219c4f000, 0x000001a217f68000, 0x000001a217f67000,
0x000001a217f65800, 0x000001a217f62800, 0x000001a217f69000, 0x000001a217f63000,
0x000001a217f66800, 0x000001a217f69800, 0x000001a217f64000, 0x000001a217f64800,
0x000001a217f70000, 0x000001a217f6d000, 0x000001a217f6c000, 0x000001a217f6a800,
0x000001a217f71000, 0x000001a217f6b800, 0x000001a217f6d800, 0x000001a217f6e800,
0x000001a217f6f800, 0x000001a21d430800, 0x000001a21d433800, 0x000001a21d435800,
0x000001a21d433000, 0x000001a21d434800, 0x000001a21d431800, 0x000001a21d42f800,
0x000001a21d436000, 0x000001a21d432000, 0x000001a21d43b000, 0x000001a21d437000,
0x000001a21d43d800, 0x000001a21d439800, 0x000001a21d43c000, 0x000001a21d43a800,
0x000001a21d43c800, 0x000001a21d438800, 0x000001a21d438000, 0x000001a21d43e800,
0x000001a21c084800, 0x000001a21c083000, 0x000001a21c082000, 0x000001a21c085800,
0x000001a21c086000, 0x000001a21c087000, 0x000001a21c083800, 0x000001a21c081000,
0x000001a21c08b000, 0x000001a21c08c800, 0x000001a21c088800, 0x000001a21c08c000,
0x000001a21c088000, 0x000001a21c08d800, 0x000001a21c08e800, 0x000001a21c08f000,
0x000001a21c089800, 0x000001a21c090000, 0x000001a21c08a000, 0x000001a21d995800,
0x000001a21d994000, 0x000001a21d999000, 0x000001a21d993800, 0x000001a21d995000,
0x000001a21d99a000, 0x000001a21d998000, 0x000001a219272800
}

Java Threads: ( => current thread )
  0x000001a27ba6a000 JavaThread "main" [_thread_blocked, id=1744, stack(0x0000000de5500000,0x0000000de5600000)]
  0x000001a216358000 JavaThread "Reference Handler" daemon [_thread_blocked, id=16080, stack(0x0000000de5c00000,0x0000000de5d00000)]
  0x000001a216363800 JavaThread "Finalizer" daemon [_thread_blocked, id=16712, stack(0x0000000de5d00000,0x0000000de5e00000)]
  0x000001a216373000 JavaThread "Signal Dispatcher" daemon [_thread_blocked, id=15212, stack(0x0000000de5e00000,0x0000000de5f00000)]
  0x000001a216374800 JavaThread "Attach Listener" daemon [_thread_blocked, id=7100, stack(0x0000000de5f00000,0x0000000de6000000)]
  0x000001a216375800 JavaThread "Service Thread" daemon [_thread_blocked, id=11988, stack(0x0000000de6000000,0x0000000de6100000)]
  0x000001a21637a800 JavaThread "C2 CompilerThread0" daemon [_thread_in_native, id=10432, stack(0x0000000de6100000,0x0000000de6200000)]
=>0x000001a216387800 JavaThread "C1 CompilerThread0" daemon [_thread_in_native, id=7444, stack(0x0000000de6200000,0x0000000de6300000)]
  0x000001a21638c000 JavaThread "Sweeper thread" daemon [_thread_blocked, id=18920, stack(0x0000000de6300000,0x0000000de6400000)]
  0x000001a216e43000 JavaThread "Common-Cleaner" daemon [_thread_blocked, id=12516, stack(0x0000000de6400000,0x0000000de6500000)]
  0x000001a2191b7800 JavaThread "Daemon health stats" [_thread_blocked, id=16044, stack(0x0000000de6900000,0x0000000de6a00000)]
  0x000001a216f9f800 JavaThread "Incoming local TCP Connector on port 54643" [_thread_in_native, id=17176, stack(0x0000000de6600000,0x0000000de6700000)]
  0x000001a218fbe800 JavaThread "Daemon periodic checks" [_thread_blocked, id=708, stack(0x0000000de6800000,0x0000000de6900000)]
  0x000001a21a133800 JavaThread "Daemon" [_thread_blocked, id=19220, stack(0x0000000de6a00000,0x0000000de6b00000)]
  0x000001a218cf5000 JavaThread "Handler for socket connection from /127.0.0.1:54643 to /127.0.0.1:54644" [_thread_in_native, id=3976, stack(0x0000000de6b00000,0x0000000de6c00000)]
  0x000001a21928c800 JavaThread "Cancel handler" [_thread_blocked, id=6504, stack(0x0000000de6c00000,0x0000000de6d00000)]
  0x000001a21886e800 JavaThread "Daemon worker" [_thread_in_vm, id=16844, stack(0x0000000de6d00000,0x0000000de6e00000)]
  0x000001a21a228000 JavaThread "Asynchronous log dispatcher for DefaultDaemonConnection: socket connection from /127.0.0.1:54643 to /127.0.0.1:54644" [_thread_blocked, id=16616, stack(0x0000000de6e00000,0x0000000de6f00000)]
  0x000001a21a582800 JavaThread "Stdin handler" [_thread_blocked, id=17108, stack(0x0000000de6f00000,0x0000000de7000000)]
  0x000001a21967a000 JavaThread "Daemon client event forwarder" [_thread_blocked, id=3832, stack(0x0000000de7000000,0x0000000de7100000)]
  0x000001a21967b000 JavaThread "Cache worker for journal cache (C:\Users\asus\.gradle\caches\journal-1)" [_thread_blocked, id=18040, stack(0x0000000de7a00000,0x0000000de7b00000)]
  0x000001a219677000 JavaThread "File lock request listener" [_thread_in_native, id=17048, stack(0x0000000de7b00000,0x0000000de7c00000)]
  0x000001a219679800 JavaThread "Cache worker for file hash cache (C:\Users\asus\.gradle\caches\7.3.3\fileHashes)" [_thread_blocked, id=7160, stack(0x0000000de7c00000,0x0000000de7d00000)]
  0x000001a21967c000 JavaThread "Cache worker for file hash cache (D:\kuliah\Semester 4\PAPB\UTS_PAPB2\.gradle\7.3.3\fileHashes)" [_thread_blocked, id=17300, stack(0x0000000de8000000,0x0000000de8100000)]
  0x000001a219677800 JavaThread "File watcher server" daemon [_thread_in_native, id=17492, stack(0x0000000de8200000,0x0000000de8300000)]
  0x000001a219676000 JavaThread "File watcher consumer" daemon [_thread_blocked, id=1320, stack(0x0000000de8300000,0x0000000de8400000)]
  0x000001a21967c800 JavaThread "Cache worker for checksums cache (D:\kuliah\Semester 4\PAPB\UTS_PAPB2\.gradle\7.3.3\checksums)" [_thread_blocked, id=4364, stack(0x0000000de8400000,0x0000000de8500000)]
  0x000001a219678800 JavaThread "Cache worker for cache directory md-supplier (C:\Users\asus\.gradle\caches\7.3.3\md-supplier)" [_thread_blocked, id=8748, stack(0x0000000de8500000,0x0000000de8600000)]
  0x000001a21a486800 JavaThread "Cache worker for cache directory md-rule (C:\Users\asus\.gradle\caches\7.3.3\md-rule)" [_thread_blocked, id=19172, stack(0x0000000de8600000,0x0000000de8700000)]
  0x000001a21a484000 JavaThread "Cache worker for execution history cache (C:\Users\asus\.gradle\caches\7.3.3\executionHistory)" [_thread_blocked, id=8820, stack(0x0000000de8700000,0x0000000de8800000)]
  0x000001a21a483000 JavaThread "jar transforms" [_thread_blocked, id=18592, stack(0x0000000de8800000,0x0000000de8900000)]
  0x000001a21a481800 JavaThread "Cache worker for file content cache (C:\Users\asus\.gradle\caches\7.3.3\fileContent)" [_thread_blocked, id=18096, stack(0x0000000de8900000,0x0000000de8a00000)]
  0x000001a21a488000 JavaThread "jar transforms Thread 2" [_thread_blocked, id=3696, stack(0x0000000de8a00000,0x0000000de8b00000)]
  0x000001a21a487800 JavaThread "Cache worker for dependencies-accessors (D:\kuliah\Semester 4\PAPB\UTS_PAPB2\.gradle\7.3.3\dependencies-accessors)" [_thread_blocked, id=2680, stack(0x0000000de8b00000,0x0000000de8c00000)]
  0x000001a21a482800 JavaThread "jar transforms Thread 3" [_thread_blocked, id=18932, stack(0x0000000de8c00000,0x0000000de8d00000)]
  0x000001a21a489000 JavaThread "Cache worker for Build Output Cleanup Cache (D:\kuliah\Semester 4\PAPB\UTS_PAPB2\.gradle\buildOutputCleanup)" [_thread_blocked, id=18568, stack(0x0000000de8d00000,0x0000000de8e00000)]
  0x000001a21a48a000 JavaThread "Unconstrained build operations" [_thread_blocked, id=11888, stack(0x0000000de8e00000,0x0000000de8f00000)]
  0x000001a21a48f800 JavaThread "Unconstrained build operations Thread 2" [_thread_blocked, id=15740, stack(0x0000000de8f00000,0x0000000de9000000)]
  0x000001a21a490800 JavaThread "Unconstrained build operations Thread 3" [_thread_blocked, id=7536, stack(0x0000000de9000000,0x0000000de9100000)]
  0x000001a21a48e000 JavaThread "Unconstrained build operations Thread 4" [_thread_blocked, id=3068, stack(0x0000000de9100000,0x0000000de9200000)]
  0x000001a21a48e800 JavaThread "Unconstrained build operations Thread 5" [_thread_blocked, id=10516, stack(0x0000000de9200000,0x0000000de9300000)]
  0x000001a21a48c000 JavaThread "Unconstrained build operations Thread 6" [_thread_blocked, id=13076, stack(0x0000000de9300000,0x0000000de9400000)]
  0x000001a21a48a800 JavaThread "Unconstrained build operations Thread 7" [_thread_blocked, id=12356, stack(0x0000000de9400000,0x0000000de9500000)]
  0x000001a21a48b800 JavaThread "Unconstrained build operations Thread 8" [_thread_blocked, id=10656, stack(0x0000000de9500000,0x0000000de9600000)]
  0x000001a21a48d000 JavaThread "Unconstrained build operations Thread 9" [_thread_blocked, id=3204, stack(0x0000000de9600000,0x0000000de9700000)]
  0x000001a21a947000 JavaThread "Unconstrained build operations Thread 10" [_thread_blocked, id=7652, stack(0x0000000de9700000,0x0000000de9800000)]
  0x000001a21a944800 JavaThread "Unconstrained build operations Thread 11" [_thread_blocked, id=9640, stack(0x0000000de9800000,0x0000000de9900000)]
  0x000001a21a942800 JavaThread "Unconstrained build operations Thread 12" [_thread_blocked, id=17200, stack(0x0000000de9900000,0x0000000de9a00000)]
  0x000001a21a945800 JavaThread "Unconstrained build operations Thread 13" [_thread_blocked, id=6044, stack(0x0000000de9a00000,0x0000000de9b00000)]
  0x000001a21a949000 JavaThread "Unconstrained build operations Thread 14" [_thread_blocked, id=19008, stack(0x0000000de9b00000,0x0000000de9c00000)]
  0x000001a21a944000 JavaThread "Unconstrained build operations Thread 15" [_thread_blocked, id=19024, stack(0x0000000de9c00000,0x0000000de9d00000)]
  0x000001a21a943000 JavaThread "Unconstrained build operations Thread 16" [_thread_blocked, id=5244, stack(0x0000000de9d00000,0x0000000de9e00000)]
  0x000001a21a94a800 JavaThread "Unconstrained build operations Thread 17" [_thread_blocked, id=9292, stack(0x0000000de9e00000,0x0000000de9f00000)]
  0x000001a21a94b800 JavaThread "Unconstrained build operations Thread 18" [_thread_blocked, id=19096, stack(0x0000000de9f00000,0x0000000dea000000)]
  0x000001a21a94c000 JavaThread "Unconstrained build operations Thread 19" [_thread_blocked, id=16464, stack(0x0000000dea000000,0x0000000dea100000)]
  0x000001a21a949800 JavaThread "Unconstrained build operations Thread 20" [_thread_blocked, id=17504, stack(0x0000000dea100000,0x0000000dea200000)]
  0x000001a21a946800 JavaThread "Unconstrained build operations Thread 21" [_thread_blocked, id=19252, stack(0x0000000dea200000,0x0000000dea300000)]
  0x000001a21a94d000 JavaThread "Unconstrained build operations Thread 22" [_thread_blocked, id=17352, stack(0x0000000dea300000,0x0000000dea400000)]
  0x000001a21a94d800 JavaThread "Unconstrained build operations Thread 23" [_thread_blocked, id=7736, stack(0x0000000dea400000,0x0000000dea500000)]
  0x000001a21a948000 JavaThread "Unconstrained build operations Thread 24" [_thread_blocked, id=14100, stack(0x0000000dea500000,0x0000000dea600000)]
  0x000001a21a94e800 JavaThread "Unconstrained build operations Thread 25" [_thread_blocked, id=9756, stack(0x0000000dea600000,0x0000000dea700000)]
  0x000001a21a94f800 JavaThread "Unconstrained build operations Thread 26" [_thread_blocked, id=3928, stack(0x0000000dea700000,0x0000000dea800000)]
  0x000001a21a950000 JavaThread "Unconstrained build operations Thread 27" [_thread_blocked, id=11716, stack(0x0000000dea800000,0x0000000dea900000)]
  0x000001a21a951000 JavaThread "Unconstrained build operations Thread 28" [_thread_blocked, id=7332, stack(0x0000000dea900000,0x0000000deaa00000)]
  0x000001a21c58d000 JavaThread "Unconstrained build operations Thread 29" [_thread_blocked, id=2972, stack(0x0000000deaa00000,0x0000000deab00000)]
  0x000001a21c58c000 JavaThread "Unconstrained build operations Thread 30" [_thread_blocked, id=3520, stack(0x0000000deab00000,0x0000000deac00000)]
  0x000001a21c58b800 JavaThread "Unconstrained build operations Thread 31" [_thread_blocked, id=3540, stack(0x0000000deac00000,0x0000000dead00000)]
  0x000001a21c592800 JavaThread "Unconstrained build operations Thread 32" [_thread_blocked, id=18816, stack(0x0000000dead00000,0x0000000deae00000)]
  0x000001a21c58d800 JavaThread "Unconstrained build operations Thread 33" [_thread_blocked, id=18924, stack(0x0000000deae00000,0x0000000deaf00000)]
  0x000001a21c58f800 JavaThread "Unconstrained build operations Thread 34" [_thread_blocked, id=7060, stack(0x0000000deaf00000,0x0000000deb000000)]
  0x000001a21c593800 JavaThread "Unconstrained build operations Thread 35" [_thread_blocked, id=3972, stack(0x0000000deb000000,0x0000000deb100000)]
  0x000001a21c594800 JavaThread "Unconstrained build operations Thread 36" [_thread_blocked, id=18652, stack(0x0000000deb100000,0x0000000deb200000)]
  0x000001a21c591000 JavaThread "Unconstrained build operations Thread 37" [_thread_blocked, id=18900, stack(0x0000000deb200000,0x0000000deb300000)]
  0x000001a21c592000 JavaThread "Unconstrained build operations Thread 38" [_thread_blocked, id=11304, stack(0x0000000deb300000,0x0000000deb400000)]
  0x000001a21c58e800 JavaThread "Unconstrained build operations Thread 39" [_thread_blocked, id=10036, stack(0x0000000deb400000,0x0000000deb500000)]
  0x000001a21c595000 JavaThread "Unconstrained build operations Thread 40" [_thread_blocked, id=17496, stack(0x0000000deb500000,0x0000000deb600000)]
  0x000001a21c590000 JavaThread "Unconstrained build operations Thread 41" [_thread_blocked, id=17136, stack(0x0000000deb600000,0x0000000deb700000)]
  0x000001a21c59a000 JavaThread "Unconstrained build operations Thread 42" [_thread_blocked, id=11792, stack(0x0000000deb700000,0x0000000deb800000)]
  0x000001a21c598800 JavaThread "Unconstrained build operations Thread 43" [_thread_blocked, id=3560, stack(0x0000000deb800000,0x0000000deb900000)]
  0x000001a21c599000 JavaThread "Unconstrained build operations Thread 44" [_thread_blocked, id=9920, stack(0x0000000deb900000,0x0000000deba00000)]
  0x000001a21c596000 JavaThread "Unconstrained build operations Thread 45" [_thread_blocked, id=9660, stack(0x0000000deba00000,0x0000000debb00000)]
  0x000001a21c596800 JavaThread "Unconstrained build operations Thread 46" [_thread_blocked, id=12084, stack(0x0000000debb00000,0x0000000debc00000)]
  0x000001a21c597800 JavaThread "Unconstrained build operations Thread 47" [_thread_blocked, id=1124, stack(0x0000000debc00000,0x0000000debd00000)]
  0x000001a219c40800 JavaThread "Unconstrained build operations Thread 48" [_thread_blocked, id=15116, stack(0x0000000debd00000,0x0000000debe00000)]
  0x000001a219c41000 JavaThread "Unconstrained build operations Thread 49" [_thread_blocked, id=17380, stack(0x0000000debe00000,0x0000000debf00000)]
  0x000001a219c42800 JavaThread "Unconstrained build operations Thread 50" [_thread_blocked, id=8992, stack(0x0000000debf00000,0x0000000dec000000)]
  0x000001a219c42000 JavaThread "Unconstrained build operations Thread 51" [_thread_blocked, id=2856, stack(0x0000000dec000000,0x0000000dec100000)]
  0x000001a219c46000 JavaThread "Unconstrained build operations Thread 52" [_thread_blocked, id=18492, stack(0x0000000dec100000,0x0000000dec200000)]
  0x000001a219c43800 JavaThread "Unconstrained build operations Thread 53" [_thread_blocked, id=13260, stack(0x0000000dec200000,0x0000000dec300000)]
  0x000001a219c45000 JavaThread "Unconstrained build operations Thread 54" [_thread_blocked, id=17532, stack(0x0000000dec300000,0x0000000dec400000)]
  0x000001a219c47800 JavaThread "Unconstrained build operations Thread 55" [_thread_blocked, id=7492, stack(0x0000000dec400000,0x0000000dec500000)]
  0x000001a219c44800 JavaThread "Unconstrained build operations Thread 56" [_thread_blocked, id=16508, stack(0x0000000dec500000,0x0000000dec600000)]
  0x000001a219c47000 JavaThread "Unconstrained build operations Thread 57" [_thread_blocked, id=12648, stack(0x0000000dec600000,0x0000000dec700000)]
  0x000001a219c49800 JavaThread "Unconstrained build operations Thread 58" [_thread_blocked, id=2444, stack(0x0000000dec700000,0x0000000dec800000)]
  0x000001a219c48800 JavaThread "Unconstrained build operations Thread 59" [_thread_blocked, id=16164, stack(0x0000000dec800000,0x0000000dec900000)]
  0x000001a219c4b800 JavaThread "Unconstrained build operations Thread 60" [_thread_blocked, id=18444, stack(0x0000000dec900000,0x0000000deca00000)]
  0x000001a219c4a000 JavaThread "Unconstrained build operations Thread 61" [_thread_blocked, id=16208, stack(0x0000000deca00000,0x0000000decb00000)]
  0x000001a219c4e000 JavaThread "Unconstrained build operations Thread 62" [_thread_blocked, id=13072, stack(0x0000000decb00000,0x0000000decc00000)]
  0x000001a219c4b000 JavaThread "Unconstrained build operations Thread 63" [_thread_blocked, id=7012, stack(0x0000000decc00000,0x0000000decd00000)]
  0x000001a219c4c800 JavaThread "Unconstrained build operations Thread 64" [_thread_blocked, id=19000, stack(0x0000000decd00000,0x0000000dece00000)]
  0x000001a219c4d800 JavaThread "Unconstrained build operations Thread 65" [_thread_blocked, id=19092, stack(0x0000000dece00000,0x0000000decf00000)]
  0x000001a219c4f000 JavaThread "Unconstrained build operations Thread 66" [_thread_blocked, id=16372, stack(0x0000000decf00000,0x0000000ded000000)]
  0x000001a217f68000 JavaThread "Unconstrained build operations Thread 67" [_thread_blocked, id=9856, stack(0x0000000ded000000,0x0000000ded100000)]
  0x000001a217f67000 JavaThread "Unconstrained build operations Thread 68" [_thread_blocked, id=14580, stack(0x0000000ded100000,0x0000000ded200000)]
  0x000001a217f65800 JavaThread "Unconstrained build operations Thread 69" [_thread_blocked, id=852, stack(0x0000000ded200000,0x0000000ded300000)]
  0x000001a217f62800 JavaThread "Unconstrained build operations Thread 70" [_thread_blocked, id=6488, stack(0x0000000ded300000,0x0000000ded400000)]
  0x000001a217f69000 JavaThread "Unconstrained build operations Thread 71" [_thread_blocked, id=13140, stack(0x0000000ded400000,0x0000000ded500000)]
  0x000001a217f63000 JavaThread "Unconstrained build operations Thread 72" [_thread_blocked, id=16076, stack(0x0000000ded500000,0x0000000ded600000)]
  0x000001a217f66800 JavaThread "Unconstrained build operations Thread 73" [_thread_blocked, id=10936, stack(0x0000000ded600000,0x0000000ded700000)]
  0x000001a217f69800 JavaThread "Unconstrained build operations Thread 74" [_thread_blocked, id=9444, stack(0x0000000ded700000,0x0000000ded800000)]
  0x000001a217f64000 JavaThread "Unconstrained build operations Thread 75" [_thread_blocked, id=5648, stack(0x0000000ded800000,0x0000000ded900000)]
  0x000001a217f64800 JavaThread "Unconstrained build operations Thread 76" [_thread_blocked, id=17116, stack(0x0000000ded900000,0x0000000deda00000)]
  0x000001a217f70000 JavaThread "Unconstrained build operations Thread 77" [_thread_blocked, id=18976, stack(0x0000000deda00000,0x0000000dedb00000)]
  0x000001a217f6d000 JavaThread "Unconstrained build operations Thread 78" [_thread_blocked, id=7260, stack(0x0000000dedb00000,0x0000000dedc00000)]
  0x000001a217f6c000 JavaThread "Unconstrained build operations Thread 79" [_thread_blocked, id=18928, stack(0x0000000dedc00000,0x0000000dedd00000)]
  0x000001a217f6a800 JavaThread "Unconstrained build operations Thread 80" [_thread_blocked, id=4224, stack(0x0000000dedd00000,0x0000000dede00000)]
  0x000001a217f71000 JavaThread "Unconstrained build operations Thread 81" [_thread_blocked, id=15932, stack(0x0000000dede00000,0x0000000dedf00000)]
  0x000001a217f6b800 JavaThread "Unconstrained build operations Thread 82" [_thread_blocked, id=15120, stack(0x0000000dedf00000,0x0000000dee000000)]
  0x000001a217f6d800 JavaThread "Unconstrained build operations Thread 83" [_thread_blocked, id=3236, stack(0x0000000dee000000,0x0000000dee100000)]
  0x000001a217f6e800 JavaThread "Unconstrained build operations Thread 84" [_thread_blocked, id=3576, stack(0x0000000dee100000,0x0000000dee200000)]
  0x000001a217f6f800 JavaThread "Unconstrained build operations Thread 85" [_thread_blocked, id=14112, stack(0x0000000dee200000,0x0000000dee300000)]
  0x000001a21d430800 JavaThread "Unconstrained build operations Thread 86" [_thread_blocked, id=19204, stack(0x0000000dee300000,0x0000000dee400000)]
  0x000001a21d433800 JavaThread "Unconstrained build operations Thread 87" [_thread_blocked, id=17256, stack(0x0000000dee400000,0x0000000dee500000)]
  0x000001a21d435800 JavaThread "Unconstrained build operations Thread 88" [_thread_blocked, id=17032, stack(0x0000000dee500000,0x0000000dee600000)]
  0x000001a21d433000 JavaThread "Unconstrained build operations Thread 89" [_thread_blocked, id=6728, stack(0x0000000dee600000,0x0000000dee700000)]
  0x000001a21d434800 JavaThread "Unconstrained build operations Thread 90" [_thread_blocked, id=11288, stack(0x0000000dee700000,0x0000000dee800000)]
  0x000001a21d431800 JavaThread "Unconstrained build operations Thread 91" [_thread_blocked, id=14956, stack(0x0000000dee800000,0x0000000dee900000)]
  0x000001a21d42f800 JavaThread "Unconstrained build operations Thread 92" [_thread_blocked, id=8844, stack(0x0000000dee900000,0x0000000deea00000)]
  0x000001a21d436000 JavaThread "Unconstrained build operations Thread 93" [_thread_blocked, id=17660, stack(0x0000000deea00000,0x0000000deeb00000)]
  0x000001a21d432000 JavaThread "Unconstrained build operations Thread 94" [_thread_blocked, id=13148, stack(0x0000000deeb00000,0x0000000deec00000)]
  0x000001a21d43b000 JavaThread "Unconstrained build operations Thread 95" [_thread_blocked, id=532, stack(0x0000000deec00000,0x0000000deed00000)]
  0x000001a21d437000 JavaThread "Unconstrained build operations Thread 96" [_thread_blocked, id=18908, stack(0x0000000deed00000,0x0000000deee00000)]
  0x000001a21d43d800 JavaThread "Unconstrained build operations Thread 97" [_thread_blocked, id=7248, stack(0x0000000deee00000,0x0000000deef00000)]
  0x000001a21d439800 JavaThread "Unconstrained build operations Thread 98" [_thread_blocked, id=18248, stack(0x0000000deef00000,0x0000000def000000)]
  0x000001a21d43c000 JavaThread "Unconstrained build operations Thread 99" [_thread_blocked, id=18436, stack(0x0000000def000000,0x0000000def100000)]
  0x000001a21d43a800 JavaThread "Unconstrained build operations Thread 100" [_thread_blocked, id=292, stack(0x0000000def100000,0x0000000def200000)]
  0x000001a21d43c800 JavaThread "Unconstrained build operations Thread 101" [_thread_blocked, id=1824, stack(0x0000000def200000,0x0000000def300000)]
  0x000001a21d438800 JavaThread "Unconstrained build operations Thread 102" [_thread_blocked, id=2932, stack(0x0000000def300000,0x0000000def400000)]
  0x000001a21d438000 JavaThread "Unconstrained build operations Thread 103" [_thread_blocked, id=17152, stack(0x0000000def400000,0x0000000def500000)]
  0x000001a21d43e800 JavaThread "Unconstrained build operations Thread 104" [_thread_blocked, id=4804, stack(0x0000000def500000,0x0000000def600000)]
  0x000001a21c084800 JavaThread "Unconstrained build operations Thread 105" [_thread_blocked, id=16408, stack(0x0000000def600000,0x0000000def700000)]
  0x000001a21c083000 JavaThread "Unconstrained build operations Thread 106" [_thread_blocked, id=16296, stack(0x0000000def700000,0x0000000def800000)]
  0x000001a21c082000 JavaThread "Unconstrained build operations Thread 107" [_thread_blocked, id=2552, stack(0x0000000def800000,0x0000000def900000)]
  0x000001a21c085800 JavaThread "Unconstrained build operations Thread 108" [_thread_blocked, id=19080, stack(0x0000000def900000,0x0000000defa00000)]
  0x000001a21c086000 JavaThread "Unconstrained build operations Thread 109" [_thread_blocked, id=8868, stack(0x0000000defa00000,0x0000000defb00000)]
  0x000001a21c087000 JavaThread "Unconstrained build operations Thread 110" [_thread_blocked, id=17876, stack(0x0000000defb00000,0x0000000defc00000)]
  0x000001a21c083800 JavaThread "Unconstrained build operations Thread 111" [_thread_blocked, id=13392, stack(0x0000000defc00000,0x0000000defd00000)]
  0x000001a21c081000 JavaThread "Unconstrained build operations Thread 112" [_thread_blocked, id=9496, stack(0x0000000defd00000,0x0000000defe00000)]
  0x000001a21c08b000 JavaThread "Unconstrained build operations Thread 113" [_thread_blocked, id=13700, stack(0x0000000defe00000,0x0000000deff00000)]
  0x000001a21c08c800 JavaThread "Unconstrained build operations Thread 114" [_thread_blocked, id=4760, stack(0x0000000deff00000,0x0000000df0000000)]
  0x000001a21c088800 JavaThread "Unconstrained build operations Thread 115" [_thread_blocked, id=18176, stack(0x0000000df0000000,0x0000000df0100000)]
  0x000001a21c08c000 JavaThread "Unconstrained build operations Thread 116" [_thread_blocked, id=2344, stack(0x0000000df0100000,0x0000000df0200000)]
  0x000001a21c088000 JavaThread "Unconstrained build operations Thread 117" [_thread_blocked, id=9740, stack(0x0000000df0200000,0x0000000df0300000)]
  0x000001a21c08d800 JavaThread "Unconstrained build operations Thread 118" [_thread_blocked, id=7572, stack(0x0000000df0300000,0x0000000df0400000)]
  0x000001a21c08e800 JavaThread "Unconstrained build operations Thread 119" [_thread_blocked, id=18340, stack(0x0000000df0400000,0x0000000df0500000)]
  0x000001a21c08f000 JavaThread "Unconstrained build operations Thread 120" [_thread_blocked, id=12108, stack(0x0000000df0500000,0x0000000df0600000)]
  0x000001a21c089800 JavaThread "jar transforms Thread 4" [_thread_blocked, id=7140, stack(0x0000000df0600000,0x0000000df0700000)]
  0x000001a21c090000 JavaThread "jar transforms Thread 5" [_thread_blocked, id=960, stack(0x0000000df0700000,0x0000000df0800000)]
  0x000001a21c08a000 JavaThread "jar transforms Thread 6" [_thread_blocked, id=15924, stack(0x0000000df0800000,0x0000000df0900000)]
  0x000001a21d995800 JavaThread "jar transforms Thread 7" [_thread_blocked, id=13008, stack(0x0000000df0900000,0x0000000df0a00000)]
  0x000001a21d994000 JavaThread "jar transforms Thread 8" [_thread_blocked, id=16900, stack(0x0000000df0a00000,0x0000000df0b00000)]
  0x000001a21d999000 JavaThread "jar transforms Thread 9" [_thread_blocked, id=16488, stack(0x0000000df0b00000,0x0000000df0c00000)]
  0x000001a21d993800 JavaThread "jar transforms Thread 10" [_thread_blocked, id=2436, stack(0x0000000df0c00000,0x0000000df0d00000)]
  0x000001a21d995000 JavaThread "jar transforms Thread 11" [_thread_blocked, id=8016, stack(0x0000000df0d00000,0x0000000df0e00000)]
  0x000001a21d99a000 JavaThread "jar transforms Thread 12" [_thread_blocked, id=4896, stack(0x0000000df0e00000,0x0000000df0f00000)]
  0x000001a21d998000 JavaThread "Memory manager" [_thread_blocked, id=2632, stack(0x0000000df0f00000,0x0000000df1000000)]
  0x000001a219272800 JavaThread "C2 CompilerThread1" daemon [_thread_in_native, id=11580, stack(0x0000000de7f00000,0x0000000de8000000)]

Other Threads:
  0x000001a216354800 VMThread "VM Thread" [stack: 0x0000000de5b00000,0x0000000de5c00000] [id=11464]
  0x000001a216e46800 WatcherThread [stack: 0x0000000de6500000,0x0000000de6600000] [id=16448]
  0x000001a27ba85800 GCTaskThread "GC Thread#0" [stack: 0x0000000de5600000,0x0000000de5700000] [id=17592]
  0x000001a217d07800 GCTaskThread "GC Thread#1" [stack: 0x0000000de6700000,0x0000000de6800000] [id=15560]
  0x000001a2192a4000 GCTaskThread "GC Thread#2" [stack: 0x0000000de7100000,0x0000000de7200000] [id=11036]
  0x000001a219e6b000 GCTaskThread "GC Thread#3" [stack: 0x0000000de7200000,0x0000000de7300000] [id=2840]
  0x000001a2192bb800 GCTaskThread "GC Thread#4" [stack: 0x0000000de7300000,0x0000000de7400000] [id=8136]
  0x000001a2192bc800 GCTaskThread "GC Thread#5" [stack: 0x0000000de7400000,0x0000000de7500000] [id=2864]
  0x000001a219415800 GCTaskThread "GC Thread#6" [stack: 0x0000000de7500000,0x0000000de7600000] [id=11844]
  0x000001a219416000 GCTaskThread "GC Thread#7" [stack: 0x0000000de7600000,0x0000000de7700000] [id=16660]
  0x000001a217c37000 GCTaskThread "GC Thread#8" [stack: 0x0000000de7700000,0x0000000de7800000] [id=14928]
  0x000001a218b14000 GCTaskThread "GC Thread#9" [stack: 0x0000000de7800000,0x0000000de7900000] [id=17964]
  0x000001a27bab9800 ConcurrentGCThread "G1 Main Marker" [stack: 0x0000000de5700000,0x0000000de5800000] [id=3332]
  0x000001a27babb000 ConcurrentGCThread "G1 Conc#0" [stack: 0x0000000de5800000,0x0000000de5900000] [id=15404]
  0x000001a2181ef000 ConcurrentGCThread "G1 Conc#1" [stack: 0x0000000de7d00000,0x0000000de7e00000] [id=11180]
  0x000001a2178df000 ConcurrentGCThread "G1 Conc#2" [stack: 0x0000000de7e00000,0x0000000de7f00000] [id=19396]
  0x000001a2161a4800 ConcurrentGCThread "G1 Refine#0" [stack: 0x0000000de5900000,0x0000000de5a00000] [id=18540]
  0x000001a218fe4000 ConcurrentGCThread "G1 Refine#1" [stack: 0x0000000de7900000,0x0000000de7a00000] [id=5280]
  0x000001a2161a5000 ConcurrentGCThread "G1 Young RemSet Sampling" [stack: 0x0000000de5a00000,0x0000000de5b00000] [id=12940]

Threads with active compile tasks:
C2 CompilerThread0  20782 7739       4       java.lang.Class::getMethod (59 bytes)
C1 CompilerThread0  20782 7906       3       com.sun.org.apache.xerces.internal.impl.XMLNSDocumentScannerImpl::scanAttribute (824 bytes)
C2 CompilerThread1  20782 7762   !   4       java.lang.reflect.Field::declaredAnnotations (82 bytes)

VM state:not at safepoint (normal execution)

VM Mutex/Monitor currently owned by a thread: None

Heap address: 0x0000000080000000, size: 2048 MB, Compressed Oops mode: 32-bit
Narrow klass base: 0x0000000000000000, Narrow klass shift: 3
Compressed class space size: 1073741824 Address: 0x0000000100000000

Heap:
 garbage-first heap   total 177152K, used 63656K [0x0000000080000000, 0x0000000100000000)
  region size 1024K, 6 young (6144K), 4 survivors (4096K)
 Metaspace       used 78590K, capacity 80444K, committed 80556K, reserved 1118208K
  class space    used 10293K, capacity 10996K, committed 11008K, reserved 1048576K
Heap Regions: E=young(eden), S=young(survivor), O=old, HS=humongous(starts), HC=humongous(continues), CS=collection set, F=free, A=archive, TAMS=top-at-mark-start (previous, next)
|   0|0x0000000080000000, 0x0000000080100000, 0x0000000080100000|100%| O|  |TAMS 0x0000000080100000, 0x0000000080000000| Untracked 
|   1|0x0000000080100000, 0x0000000080200000, 0x0000000080200000|100%| O|  |TAMS 0x0000000080200000, 0x0000000080100000| Untracked 
|   2|0x0000000080200000, 0x0000000080300000, 0x0000000080300000|100%| O|  |TAMS 0x0000000080300000, 0x0000000080200000| Untracked 
|   3|0x0000000080300000, 0x0000000080400000, 0x0000000080400000|100%|HS|  |TAMS 0x0000000080400000, 0x0000000080300000| Complete 
|   4|0x0000000080400000, 0x0000000080500000, 0x0000000080500000|100%|HC|  |TAMS 0x0000000080500000, 0x0000000080400000| Complete 
|   5|0x0000000080500000, 0x0000000080600000, 0x0000000080600000|100%|HC|  |TAMS 0x0000000080600000, 0x0000000080500000| Complete 
|   6|0x0000000080600000, 0x0000000080700000, 0x0000000080700000|100%| O|  |TAMS 0x0000000080700000, 0x0000000080600000| Untracked 
|   7|0x0000000080700000, 0x0000000080800000, 0x0000000080800000|100%| O|  |TAMS 0x0000000080800000, 0x0000000080700000| Untracked 
|   8|0x0000000080800000, 0x0000000080900000, 0x0000000080900000|100%| O|  |TAMS 0x0000000080900000, 0x0000000080800000| Untracked 
|   9|0x0000000080900000, 0x0000000080a00000, 0x0000000080a00000|100%| O|  |TAMS 0x0000000080a00000, 0x0000000080900000| Untracked 
|  10|0x0000000080a00000, 0x0000000080b00000, 0x0000000080b00000|100%| O|  |TAMS 0x0000000080b00000, 0x0000000080a00000| Untracked 
|  11|0x0000000080b00000, 0x0000000080c00000, 0x0000000080c00000|100%| O|  |TAMS 0x0000000080c00000, 0x0000000080b00000| Untracked 
|  12|0x0000000080c00000, 0x0000000080d00000, 0x0000000080d00000|100%| O|  |TAMS 0x0000000080d00000, 0x0000000080c00000| Untracked 
|  13|0x0000000080d00000, 0x0000000080e00000, 0x0000000080e00000|100%| O|  |TAMS 0x0000000080e00000, 0x0000000080d00000| Untracked 
|  14|0x0000000080e00000, 0x0000000080f00000, 0x0000000080f00000|100%| O|  |TAMS 0x0000000080f00000, 0x0000000080e00000| Untracked 
|  15|0x0000000080f00000, 0x0000000081000000, 0x0000000081000000|100%| O|  |TAMS 0x0000000081000000, 0x0000000080f00000| Untracked 
|  16|0x0000000081000000, 0x0000000081100000, 0x0000000081100000|100%| O|  |TAMS 0x0000000081100000, 0x0000000081000000| Untracked 
|  17|0x0000000081100000, 0x0000000081200000, 0x0000000081200000|100%| O|  |TAMS 0x0000000081200000, 0x0000000081100000| Untracked 
|  18|0x0000000081200000, 0x0000000081300000, 0x0000000081300000|100%| O|  |TAMS 0x0000000081300000, 0x0000000081200000| Untracked 
|  19|0x0000000081300000, 0x0000000081400000, 0x0000000081400000|100%| O|  |TAMS 0x0000000081400000, 0x0000000081300000| Untracked 
|  20|0x0000000081400000, 0x0000000081500000, 0x0000000081500000|100%| O|  |TAMS 0x0000000081500000, 0x0000000081400000| Untracked 
|  21|0x0000000081500000, 0x0000000081600000, 0x0000000081600000|100%| O|  |TAMS 0x0000000081600000, 0x0000000081500000| Untracked 
|  22|0x0000000081600000, 0x0000000081700000, 0x0000000081700000|100%| O|  |TAMS 0x0000000081700000, 0x0000000081600000| Untracked 
|  23|0x0000000081700000, 0x0000000081800000, 0x0000000081800000|100%| O|  |TAMS 0x0000000081800000, 0x0000000081700000| Untracked 
|  24|0x0000000081800000, 0x0000000081900000, 0x0000000081900000|100%| O|  |TAMS 0x0000000081900000, 0x0000000081800000| Untracked 
|  25|0x0000000081900000, 0x0000000081a00000, 0x0000000081a00000|100%| O|  |TAMS 0x0000000081a00000, 0x0000000081900000| Untracked 
|  26|0x0000000081a00000, 0x0000000081b00000, 0x0000000081b00000|100%| O|  |TAMS 0x0000000081b00000, 0x0000000081a00000| Untracked 
|  27|0x0000000081b00000, 0x0000000081c00000, 0x0000000081c00000|100%|HS|  |TAMS 0x0000000081c00000, 0x0000000081b00000| Complete 
|  28|0x0000000081c00000, 0x0000000081d00000, 0x0000000081d00000|100%|HS|  |TAMS 0x0000000081d00000, 0x0000000081c00000| Complete 
|  29|0x0000000081d00000, 0x0000000081e00000, 0x0000000081e00000|100%|HS|  |TAMS 0x0000000081e00000, 0x0000000081d00000| Complete 
|  30|0x0000000081e00000, 0x0000000081f00000, 0x0000000081f00000|100%|HC|  |TAMS 0x0000000081f00000, 0x0000000081e00000| Complete 
|  31|0x0000000081f00000, 0x0000000082000000, 0x0000000082000000|100%| O|  |TAMS 0x0000000082000000, 0x0000000081f00000| Untracked 
|  32|0x0000000082000000, 0x0000000082100000, 0x0000000082100000|100%| O|  |TAMS 0x0000000082100000, 0x0000000082000000| Untracked 
|  33|0x0000000082100000, 0x0000000082200000, 0x0000000082200000|100%| O|  |TAMS 0x0000000082200000, 0x0000000082100000| Untracked 
|  34|0x0000000082200000, 0x0000000082300000, 0x0000000082300000|100%| O|  |TAMS 0x0000000082300000, 0x0000000082200000| Untracked 
|  35|0x0000000082300000, 0x0000000082400000, 0x0000000082400000|100%| O|  |TAMS 0x0000000082400000, 0x0000000082300000| Untracked 
|  36|0x0000000082400000, 0x0000000082500000, 0x0000000082500000|100%| O|  |TAMS 0x0000000082500000, 0x0000000082400000| Untracked 
|  37|0x0000000082500000, 0x0000000082600000, 0x0000000082600000|100%| O|  |TAMS 0x0000000082600000, 0x0000000082500000| Untracked 
|  38|0x0000000082600000, 0x0000000082700000, 0x0000000082700000|100%| O|  |TAMS 0x0000000082700000, 0x0000000082600000| Untracked 
|  39|0x0000000082700000, 0x0000000082800000, 0x0000000082800000|100%| O|  |TAMS 0x0000000082800000, 0x0000000082700000| Untracked 
|  40|0x0000000082800000, 0x0000000082900000, 0x0000000082900000|100%| O|  |TAMS 0x0000000082900000, 0x0000000082800000| Untracked 
|  41|0x0000000082900000, 0x0000000082a00000, 0x0000000082a00000|100%| O|  |TAMS 0x0000000082a00000, 0x0000000082900000| Untracked 
|  42|0x0000000082a00000, 0x0000000082b00000, 0x0000000082b00000|100%| O|  |TAMS 0x0000000082b00000, 0x0000000082a00000| Untracked 
|  43|0x0000000082b00000, 0x0000000082c00000, 0x0000000082c00000|100%| O|  |TAMS 0x0000000082c00000, 0x0000000082b00000| Untracked 
|  44|0x0000000082c00000, 0x0000000082d00000, 0x0000000082d00000|100%| O|  |TAMS 0x0000000082c82c00, 0x0000000082c00000| Untracked 
|  45|0x0000000082d00000, 0x0000000082e00000, 0x0000000082e00000|100%| O|  |TAMS 0x0000000082d00000, 0x0000000082d00000| Untracked 
|  46|0x0000000082e00000, 0x0000000082f00000, 0x0000000082f00000|100%| O|  |TAMS 0x0000000082e00000, 0x0000000082e00000| Untracked 
|  47|0x0000000082f00000, 0x0000000083000000, 0x0000000083000000|100%| O|  |TAMS 0x0000000082f00000, 0x0000000082f00000| Untracked 
|  48|0x0000000083000000, 0x0000000083100000, 0x0000000083100000|100%| O|  |TAMS 0x0000000083000000, 0x0000000083000000| Untracked 
|  49|0x0000000083100000, 0x0000000083200000, 0x0000000083200000|100%| O|  |TAMS 0x0000000083100000, 0x0000000083100000| Untracked 
|  50|0x0000000083200000, 0x0000000083300000, 0x0000000083300000|100%| O|  |TAMS 0x0000000083200000, 0x0000000083200000| Untracked 
|  51|0x0000000083300000, 0x0000000083400000, 0x0000000083400000|100%| O|  |TAMS 0x0000000083300000, 0x0000000083300000| Untracked 
|  52|0x0000000083400000, 0x0000000083500000, 0x0000000083500000|100%| O|  |TAMS 0x0000000083400000, 0x0000000083400000| Untracked 
|  53|0x0000000083500000, 0x0000000083600000, 0x0000000083600000|100%| O|  |TAMS 0x0000000083500000, 0x0000000083500000| Untracked 
|  54|0x0000000083600000, 0x0000000083700000, 0x0000000083700000|100%| O|  |TAMS 0x0000000083600000, 0x0000000083600000| Untracked 
|  55|0x0000000083700000, 0x0000000083800000, 0x0000000083800000|100%| O|  |TAMS 0x0000000083700000, 0x0000000083700000| Untracked 
|  56|0x0000000083800000, 0x0000000083900000, 0x0000000083900000|100%| O|  |TAMS 0x0000000083800000, 0x0000000083800000| Untracked 
|  57|0x0000000083900000, 0x000000008398fe00, 0x0000000083a00000| 56%| O|  |TAMS 0x0000000083900000, 0x0000000083900000| Untracked 
|  58|0x0000000083a00000, 0x0000000083a00000, 0x0000000083b00000|  0%| F|  |TAMS 0x0000000083a00000, 0x0000000083a00000| Untracked 
|  59|0x0000000083b00000, 0x0000000083b00000, 0x0000000083c00000|  0%| F|  |TAMS 0x0000000083b00000, 0x0000000083b00000| Untracked 
|  60|0x0000000083c00000, 0x0000000083c00000, 0x0000000083d00000|  0%| F|  |TAMS 0x0000000083c00000, 0x0000000083c00000| Untracked 
|  61|0x0000000083d00000, 0x0000000083d00000, 0x0000000083e00000|  0%| F|  |TAMS 0x0000000083d00000, 0x0000000083d00000| Untracked 
|  62|0x0000000083e00000, 0x0000000083e00000, 0x0000000083f00000|  0%| F|  |TAMS 0x0000000083e00000, 0x0000000083e00000| Untracked 
|  63|0x0000000083f00000, 0x0000000083f00000, 0x0000000084000000|  0%| F|  |TAMS 0x0000000083f00000, 0x0000000083f00000| Untracked 
|  64|0x0000000084000000, 0x0000000084000000, 0x0000000084100000|  0%| F|  |TAMS 0x0000000084000000, 0x0000000084000000| Untracked 
|  65|0x0000000084100000, 0x0000000084100000, 0x0000000084200000|  0%| F|  |TAMS 0x0000000084100000, 0x0000000084100000| Untracked 
|  66|0x0000000084200000, 0x0000000084200000, 0x0000000084300000|  0%| F|  |TAMS 0x0000000084200000, 0x0000000084200000| Untracked 
|  67|0x0000000084300000, 0x0000000084300000, 0x0000000084400000|  0%| F|  |TAMS 0x0000000084300000, 0x0000000084300000| Untracked 
|  68|0x0000000084400000, 0x0000000084400000, 0x0000000084500000|  0%| F|  |TAMS 0x0000000084400000, 0x0000000084400000| Untracked 
|  69|0x0000000084500000, 0x0000000084500000, 0x0000000084600000|  0%| F|  |TAMS 0x0000000084500000, 0x0000000084500000| Untracked 
|  70|0x0000000084600000, 0x0000000084600000, 0x0000000084700000|  0%| F|  |TAMS 0x0000000084600000, 0x0000000084600000| Untracked 
|  71|0x0000000084700000, 0x0000000084700000, 0x0000000084800000|  0%| F|  |TAMS 0x0000000084700000, 0x0000000084700000| Untracked 
|  72|0x0000000084800000, 0x0000000084800000, 0x0000000084900000|  0%| F|  |TAMS 0x0000000084800000, 0x0000000084800000| Untracked 
|  73|0x0000000084900000, 0x0000000084900000, 0x0000000084a00000|  0%| F|  |TAMS 0x0000000084900000, 0x0000000084900000| Untracked 
|  74|0x0000000084a00000, 0x0000000084a00000, 0x0000000084b00000|  0%| F|  |TAMS 0x0000000084a00000, 0x0000000084a00000| Untracked 
|  75|0x0000000084b00000, 0x0000000084b00000, 0x0000000084c00000|  0%| F|  |TAMS 0x0000000084b00000, 0x0000000084b00000| Untracked 
|  76|0x0000000084c00000, 0x0000000084c00000, 0x0000000084d00000|  0%| F|  |TAMS 0x0000000084c00000, 0x0000000084c00000| Untracked 
|  77|0x0000000084d00000, 0x0000000084d00000, 0x0000000084e00000|  0%| F|  |TAMS 0x0000000084d00000, 0x0000000084d00000| Untracked 
|  78|0x0000000084e00000, 0x0000000084e00000, 0x0000000084f00000|  0%| F|  |TAMS 0x0000000084e00000, 0x0000000084e00000| Untracked 
|  79|0x0000000084f00000, 0x0000000084f00000, 0x0000000085000000|  0%| F|  |TAMS 0x0000000084f00000, 0x0000000084f00000| Untracked 
|  80|0x0000000085000000, 0x0000000085000000, 0x0000000085100000|  0%| F|  |TAMS 0x0000000085000000, 0x0000000085000000| Untracked 
|  81|0x0000000085100000, 0x0000000085100000, 0x0000000085200000|  0%| F|  |TAMS 0x0000000085100000, 0x0000000085100000| Untracked 
|  82|0x0000000085200000, 0x0000000085200000, 0x0000000085300000|  0%| F|  |TAMS 0x0000000085200000, 0x0000000085200000| Untracked 
|  83|0x0000000085300000, 0x0000000085300000, 0x0000000085400000|  0%| F|  |TAMS 0x0000000085300000, 0x0000000085300000| Untracked 
|  84|0x0000000085400000, 0x0000000085400000, 0x0000000085500000|  0%| F|  |TAMS 0x0000000085400000, 0x0000000085400000| Untracked 
|  85|0x0000000085500000, 0x0000000085500000, 0x0000000085600000|  0%| F|  |TAMS 0x0000000085500000, 0x0000000085500000| Untracked 
|  86|0x0000000085600000, 0x0000000085600000, 0x0000000085700000|  0%| F|  |TAMS 0x0000000085600000, 0x0000000085600000| Untracked 
|  87|0x0000000085700000, 0x0000000085700000, 0x0000000085800000|  0%| F|  |TAMS 0x0000000085700000, 0x0000000085700000| Untracked 
|  88|0x0000000085800000, 0x0000000085800000, 0x0000000085900000|  0%| F|  |TAMS 0x0000000085800000, 0x0000000085800000| Untracked 
|  89|0x0000000085900000, 0x0000000085900000, 0x0000000085a00000|  0%| F|  |TAMS 0x0000000085900000, 0x0000000085900000| Untracked 
|  90|0x0000000085a00000, 0x0000000085a00000, 0x0000000085b00000|  0%| F|  |TAMS 0x0000000085a00000, 0x0000000085a00000| Untracked 
|  91|0x0000000085b00000, 0x0000000085b00000, 0x0000000085c00000|  0%| F|  |TAMS 0x0000000085b00000, 0x0000000085b00000| Untracked 
|  92|0x0000000085c00000, 0x0000000085c00000, 0x0000000085d00000|  0%| F|  |TAMS 0x0000000085c00000, 0x0000000085c00000| Untracked 
|  93|0x0000000085d00000, 0x0000000085d00000, 0x0000000085e00000|  0%| F|  |TAMS 0x0000000085d00000, 0x0000000085d00000| Untracked 
|  94|0x0000000085e00000, 0x0000000085e00000, 0x0000000085f00000|  0%| F|  |TAMS 0x0000000085e00000, 0x0000000085e00000| Untracked 
|  95|0x0000000085f00000, 0x0000000085f9a240, 0x0000000086000000| 60%| S|CS|TAMS 0x0000000085f00000, 0x0000000085f00000| Complete 
|  96|0x0000000086000000, 0x0000000086100000, 0x0000000086100000|100%| S|CS|TAMS 0x0000000086000000, 0x0000000086000000| Complete 
|  97|0x0000000086100000, 0x0000000086200000, 0x0000000086200000|100%| S|CS|TAMS 0x0000000086100000, 0x0000000086100000| Complete 
|  98|0x0000000086200000, 0x0000000086200000, 0x0000000086300000|  0%| F|  |TAMS 0x0000000086200000, 0x0000000086200000| Untracked 
|  99|0x0000000086300000, 0x0000000086300000, 0x0000000086400000|  0%| F|  |TAMS 0x0000000086300000, 0x0000000086300000| Untracked 
| 100|0x0000000086400000, 0x0000000086400000, 0x0000000086500000|  0%| F|  |TAMS 0x0000000086400000, 0x0000000086400000| Untracked 
| 101|0x0000000086500000, 0x0000000086500000, 0x0000000086600000|  0%| F|  |TAMS 0x0000000086500000, 0x0000000086500000| Untracked 
| 102|0x0000000086600000, 0x0000000086700000, 0x0000000086700000|100%| S|CS|TAMS 0x0000000086600000, 0x0000000086600000| Complete 
| 103|0x0000000086700000, 0x0000000086700000, 0x0000000086800000|  0%| F|  |TAMS 0x0000000086700000, 0x0000000086700000| Untracked 
| 104|0x0000000086800000, 0x0000000086800000, 0x0000000086900000|  0%| F|  |TAMS 0x0000000086800000, 0x0000000086800000| Untracked 
| 105|0x0000000086900000, 0x0000000086900000, 0x0000000086a00000|  0%| F|  |TAMS 0x0000000086900000, 0x0000000086900000| Untracked 
| 106|0x0000000086a00000, 0x0000000086a00000, 0x0000000086b00000|  0%| F|  |TAMS 0x0000000086a00000, 0x0000000086a00000| Untracked 
| 107|0x0000000086b00000, 0x0000000086b00000, 0x0000000086c00000|  0%| F|  |TAMS 0x0000000086b00000, 0x0000000086b00000| Untracked 
| 108|0x0000000086c00000, 0x0000000086c00000, 0x0000000086d00000|  0%| F|  |TAMS 0x0000000086c00000, 0x0000000086c00000| Untracked 
| 109|0x0000000086d00000, 0x0000000086d00000, 0x0000000086e00000|  0%| F|  |TAMS 0x0000000086d00000, 0x0000000086d00000| Untracked 
| 110|0x0000000086e00000, 0x0000000086e00000, 0x0000000086f00000|  0%| F|  |TAMS 0x0000000086e00000, 0x0000000086e00000| Untracked 
| 111|0x0000000086f00000, 0x0000000086f00000, 0x0000000087000000|  0%| F|  |TAMS 0x0000000086f00000, 0x0000000086f00000| Untracked 
| 112|0x0000000087000000, 0x0000000087000000, 0x0000000087100000|  0%| F|  |TAMS 0x0000000087000000, 0x0000000087000000| Untracked 
| 113|0x0000000087100000, 0x0000000087100000, 0x0000000087200000|  0%| F|  |TAMS 0x0000000087100000, 0x0000000087100000| Untracked 
| 114|0x0000000087200000, 0x0000000087200000, 0x0000000087300000|  0%| F|  |TAMS 0x0000000087200000, 0x0000000087200000| Untracked 
| 115|0x0000000087300000, 0x0000000087300000, 0x0000000087400000|  0%| F|  |TAMS 0x0000000087300000, 0x0000000087300000| Untracked 
| 116|0x0000000087400000, 0x0000000087400000, 0x0000000087500000|  0%| F|  |TAMS 0x0000000087400000, 0x0000000087400000| Untracked 
| 117|0x0000000087500000, 0x0000000087500000, 0x0000000087600000|  0%| F|  |TAMS 0x0000000087500000, 0x0000000087500000| Untracked 
| 118|0x0000000087600000, 0x0000000087600000, 0x0000000087700000|  0%| F|  |TAMS 0x0000000087600000, 0x0000000087600000| Untracked 
| 119|0x0000000087700000, 0x0000000087700000, 0x0000000087800000|  0%| F|  |TAMS 0x0000000087700000, 0x0000000087700000| Untracked 
| 120|0x0000000087800000, 0x0000000087800000, 0x0000000087900000|  0%| F|  |TAMS 0x0000000087800000, 0x0000000087800000| Untracked 
| 121|0x0000000087900000, 0x0000000087900000, 0x0000000087a00000|  0%| F|  |TAMS 0x0000000087900000, 0x0000000087900000| Untracked 
| 122|0x0000000087a00000, 0x0000000087a00000, 0x0000000087b00000|  0%| F|  |TAMS 0x0000000087a00000, 0x0000000087a00000| Untracked 
| 123|0x0000000087b00000, 0x0000000087b00000, 0x0000000087c00000|  0%| F|  |TAMS 0x0000000087b00000, 0x0000000087b00000| Untracked 
| 124|0x0000000087c00000, 0x0000000087c00000, 0x0000000087d00000|  0%| F|  |TAMS 0x0000000087c00000, 0x0000000087c00000| Untracked 
| 125|0x0000000087d00000, 0x0000000087d00000, 0x0000000087e00000|  0%| F|  |TAMS 0x0000000087d00000, 0x0000000087d00000| Untracked 
| 126|0x0000000087e00000, 0x0000000087e00000, 0x0000000087f00000|  0%| F|  |TAMS 0x0000000087e00000, 0x0000000087e00000| Untracked 
| 127|0x0000000087f00000, 0x0000000087f00000, 0x0000000088000000|  0%| F|  |TAMS 0x0000000087f00000, 0x0000000087f00000| Untracked 
| 128|0x0000000088000000, 0x0000000088000000, 0x0000000088100000|  0%| F|  |TAMS 0x0000000088000000, 0x0000000088000000| Untracked 
| 129|0x0000000088100000, 0x0000000088100000, 0x0000000088200000|  0%| F|  |TAMS 0x0000000088100000, 0x0000000088100000| Untracked 
| 130|0x0000000088200000, 0x0000000088200000, 0x0000000088300000|  0%| F|  |TAMS 0x0000000088200000, 0x0000000088200000| Untracked 
| 131|0x0000000088300000, 0x0000000088300000, 0x0000000088400000|  0%| F|  |TAMS 0x0000000088300000, 0x0000000088300000| Untracked 
| 132|0x0000000088400000, 0x0000000088400000, 0x0000000088500000|  0%| F|  |TAMS 0x0000000088400000, 0x0000000088400000| Untracked 
| 133|0x0000000088500000, 0x0000000088500000, 0x0000000088600000|  0%| F|  |TAMS 0x0000000088500000, 0x0000000088500000| Untracked 
| 134|0x0000000088600000, 0x0000000088600000, 0x0000000088700000|  0%| F|  |TAMS 0x0000000088600000, 0x0000000088600000| Untracked 
| 135|0x0000000088700000, 0x0000000088700000, 0x0000000088800000|  0%| F|  |TAMS 0x0000000088700000, 0x0000000088700000| Untracked 
| 136|0x0000000088800000, 0x0000000088800000, 0x0000000088900000|  0%| F|  |TAMS 0x0000000088800000, 0x0000000088800000| Untracked 
| 137|0x0000000088900000, 0x0000000088900000, 0x0000000088a00000|  0%| F|  |TAMS 0x0000000088900000, 0x0000000088900000| Untracked 
| 138|0x0000000088a00000, 0x0000000088a00000, 0x0000000088b00000|  0%| F|  |TAMS 0x0000000088a00000, 0x0000000088a00000| Untracked 
| 139|0x0000000088b00000, 0x0000000088b00000, 0x0000000088c00000|  0%| F|  |TAMS 0x0000000088b00000, 0x0000000088b00000| Untracked 
| 140|0x0000000088c00000, 0x0000000088c00000, 0x0000000088d00000|  0%| F|  |TAMS 0x0000000088c00000, 0x0000000088c00000| Untracked 
| 141|0x0000000088d00000, 0x0000000088d00000, 0x0000000088e00000|  0%| F|  |TAMS 0x0000000088d00000, 0x0000000088d00000| Untracked 
| 142|0x0000000088e00000, 0x0000000088e00000, 0x0000000088f00000|  0%| F|  |TAMS 0x0000000088e00000, 0x0000000088e00000| Untracked 
| 143|0x0000000088f00000, 0x0000000088f00000, 0x0000000089000000|  0%| F|  |TAMS 0x0000000088f00000, 0x0000000088f00000| Untracked 
| 144|0x0000000089000000, 0x0000000089000000, 0x0000000089100000|  0%| F|  |TAMS 0x0000000089000000, 0x0000000089000000| Untracked 
| 145|0x0000000089100000, 0x0000000089100000, 0x0000000089200000|  0%| F|  |TAMS 0x0000000089100000, 0x0000000089100000| Untracked 
| 146|0x0000000089200000, 0x0000000089200000, 0x0000000089300000|  0%| F|  |TAMS 0x0000000089200000, 0x0000000089200000| Untracked 
| 147|0x0000000089300000, 0x0000000089300000, 0x0000000089400000|  0%| F|  |TAMS 0x0000000089300000, 0x0000000089300000| Untracked 
| 148|0x0000000089400000, 0x0000000089400000, 0x0000000089500000|  0%| F|  |TAMS 0x0000000089400000, 0x0000000089400000| Untracked 
| 149|0x0000000089500000, 0x0000000089500000, 0x0000000089600000|  0%| F|  |TAMS 0x0000000089500000, 0x0000000089500000| Untracked 
| 150|0x0000000089600000, 0x0000000089600000, 0x0000000089700000|  0%| F|  |TAMS 0x0000000089600000, 0x0000000089600000| Untracked 
| 151|0x0000000089700000, 0x0000000089700000, 0x0000000089800000|  0%| F|  |TAMS 0x0000000089700000, 0x0000000089700000| Untracked 
| 152|0x0000000089800000, 0x0000000089800000, 0x0000000089900000|  0%| F|  |TAMS 0x0000000089800000, 0x0000000089800000| Untracked 
| 153|0x0000000089900000, 0x0000000089900000, 0x0000000089a00000|  0%| F|  |TAMS 0x0000000089900000, 0x0000000089900000| Untracked 
| 154|0x0000000089a00000, 0x0000000089a00000, 0x0000000089b00000|  0%| F|  |TAMS 0x0000000089a00000, 0x0000000089a00000| Untracked 
| 155|0x0000000089b00000, 0x0000000089b00000, 0x0000000089c00000|  0%| F|  |TAMS 0x0000000089b00000, 0x0000000089b00000| Untracked 
| 156|0x0000000089c00000, 0x0000000089c00000, 0x0000000089d00000|  0%| F|  |TAMS 0x0000000089c00000, 0x0000000089c00000| Untracked 
| 157|0x0000000089d00000, 0x0000000089d00000, 0x0000000089e00000|  0%| F|  |TAMS 0x0000000089d00000, 0x0000000089d00000| Untracked 
| 158|0x0000000089e00000, 0x0000000089e00000, 0x0000000089f00000|  0%| F|  |TAMS 0x0000000089e00000, 0x0000000089e00000| Untracked 
| 159|0x0000000089f00000, 0x0000000089f00000, 0x000000008a000000|  0%| F|  |TAMS 0x0000000089f00000, 0x0000000089f00000| Untracked 
| 160|0x000000008a000000, 0x000000008a000000, 0x000000008a100000|  0%| F|  |TAMS 0x000000008a000000, 0x000000008a000000| Untracked 
| 161|0x000000008a100000, 0x000000008a100000, 0x000000008a200000|  0%| F|  |TAMS 0x000000008a100000, 0x000000008a100000| Untracked 
| 162|0x000000008a200000, 0x000000008a200000, 0x000000008a300000|  0%| F|  |TAMS 0x000000008a200000, 0x000000008a200000| Untracked 
| 163|0x000000008a300000, 0x000000008a300000, 0x000000008a400000|  0%| F|  |TAMS 0x000000008a300000, 0x000000008a300000| Untracked 
| 164|0x000000008a400000, 0x000000008a400000, 0x000000008a500000|  0%| F|  |TAMS 0x000000008a400000, 0x000000008a400000| Untracked 
| 165|0x000000008a500000, 0x000000008a500000, 0x000000008a600000|  0%| F|  |TAMS 0x000000008a500000, 0x000000008a500000| Untracked 
| 166|0x000000008a600000, 0x000000008a600000, 0x000000008a700000|  0%| F|  |TAMS 0x000000008a600000, 0x000000008a600000| Untracked 
| 167|0x000000008a700000, 0x000000008a700000, 0x000000008a800000|  0%| F|  |TAMS 0x000000008a700000, 0x000000008a700000| Untracked 
| 168|0x000000008a800000, 0x000000008a800000, 0x000000008a900000|  0%| F|  |TAMS 0x000000008a800000, 0x000000008a800000| Untracked 
| 169|0x000000008a900000, 0x000000008a900000, 0x000000008aa00000|  0%| F|  |TAMS 0x000000008a900000, 0x000000008a900000| Untracked 
| 170|0x000000008aa00000, 0x000000008aa00000, 0x000000008ab00000|  0%| F|  |TAMS 0x000000008aa00000, 0x000000008aa00000| Untracked 
| 171|0x000000008ab00000, 0x000000008ab80800, 0x000000008ac00000| 50%| E|  |TAMS 0x000000008ab00000, 0x000000008ab00000| Complete 
| 172|0x000000008ac00000, 0x000000008ad00000, 0x000000008ad00000|100%| E|CS|TAMS 0x000000008ac00000, 0x000000008ac00000| Complete 

Card table byte_map: [0x000001a20f000000,0x000001a20f400000] _byte_map_base: 0x000001a20ec00000

Marking Bits (Prev, Next): (CMBitMap*) 0x000001a27bab0d60, (CMBitMap*) 0x000001a27bab0d28
 Prev Bits: [0x000001a211800000, 0x000001a213800000)
 Next Bits: [0x000001a20f800000, 0x000001a211800000)

Polling page: 0x000001a279a50000

Metaspace:

Usage:
  Non-class:     67.82 MB capacity,    66.70 MB ( 98%) used,   951.66 KB (  1%) free+waste,   199.75 KB ( <1%) overhead. 
      Class:     10.74 MB capacity,    10.05 MB ( 94%) used,   609.93 KB (  6%) free+waste,    92.56 KB ( <1%) overhead. 
       Both:     78.56 MB capacity,    76.75 MB ( 98%) used,     1.52 MB (  2%) free+waste,   292.31 KB ( <1%) overhead. 

Virtual space:
  Non-class space:       68.00 MB reserved,      67.92 MB (>99%) committed 
      Class space:        1.00 GB reserved,      10.75 MB (  1%) committed 
             Both:        1.07 GB reserved,      78.67 MB (  7%) committed 

Chunk freelists:
   Non-Class:  36.00 KB
       Class:  12.00 KB
        Both:  48.00 KB

MaxMetaspaceSize: 17179869184.00 GB
CompressedClassSpaceSize: 1.00 GB
Initial GC threshold: 20.80 MB
Current GC threshold: 97.99 MB
CDS: off

CodeHeap 'non-profiled nmethods': size=120000Kb used=5285Kb max_used=5285Kb free=114714Kb
 bounds [0x000001a207ad0000, 0x000001a208000000, 0x000001a20f000000]
CodeHeap 'profiled nmethods': size=120000Kb used=16649Kb max_used=16649Kb free=103350Kb
 bounds [0x000001a2005a0000, 0x000001a2015f0000, 0x000001a207ad0000]
CodeHeap 'non-nmethods': size=5760Kb used=2363Kb max_used=2421Kb free=3396Kb
 bounds [0x000001a200000000, 0x000001a200270000, 0x000001a2005a0000]
 total_blobs=8738 nmethods=7866 adapters=784
 compilation: enabled
              stopped_count=0, restarted_count=0
 full_count=0

Compilation events (20 events):
Event: 20.730 Thread 0x000001a216387800 nmethod 7896 0x000001a207ff8590 code [0x000001a207ff8740, 0x000001a207ff87d8]
Event: 20.730 Thread 0x000001a216387800 7897       1       com.sun.xml.bind.v2.runtime.unmarshaller.UnmarshallingContext$State::access$900 (5 bytes)
Event: 20.730 Thread 0x000001a216387800 nmethod 7897 0x000001a207ff8890 code [0x000001a207ff8a40, 0x000001a207ff8ad8]
Event: 20.730 Thread 0x000001a216387800 7898       1       com.sun.xml.bind.v2.runtime.unmarshaller.UnmarshallingContext$State::getPrev (5 bytes)
Event: 20.730 Thread 0x000001a216387800 nmethod 7898 0x000001a207ff8b90 code [0x000001a207ff8d40, 0x000001a207ff8df8]
Event: 20.730 Thread 0x000001a216387800 7900       3       com.sun.org.apache.xerces.internal.impl.XMLDocumentFragmentScannerImpl::seekCloseOfStartTag (136 bytes)
Event: 20.731 Thread 0x000001a216387800 nmethod 7900 0x000001a2015df910 code [0x000001a2015dfbc0, 0x000001a2015e0ac8]
Event: 20.731 Thread 0x000001a216387800 7899       1       com.sun.xml.bind.v2.runtime.unmarshaller.UnmarshallingContext$State::setReceiver (6 bytes)
Event: 20.731 Thread 0x000001a216387800 nmethod 7899 0x000001a207ff8e90 code [0x000001a207ff9040, 0x000001a207ff9138]
Event: 20.731 Thread 0x000001a216387800 7901       1       com.sun.xml.bind.v2.runtime.unmarshaller.UnmarshallingContext$State::setTarget (6 bytes)
Event: 20.732 Thread 0x000001a216387800 nmethod 7901 0x000001a207ff9190 code [0x000001a207ff9340, 0x000001a207ff9438]
Event: 20.732 Thread 0x000001a216387800 7902       3       com.sun.org.apache.xerces.internal.impl.XMLScanner::setFeature (32 bytes)
Event: 20.732 Thread 0x000001a216387800 nmethod 7902 0x000001a2015e0f90 code [0x000001a2015e1160, 0x000001a2015e1398]
Event: 20.733 Thread 0x000001a216387800 7903       3       java.nio.MappedByteBuffer::flip (7 bytes)
Event: 20.733 Thread 0x000001a216387800 nmethod 7903 0x000001a2015e1490 code [0x000001a2015e1640, 0x000001a2015e1818]
Event: 20.733 Thread 0x000001a216387800 7904       3       com.sun.org.apache.xerces.internal.util.AugmentationsImpl::<init> (17 bytes)
Event: 20.733 Thread 0x000001a216387800 nmethod 7904 0x000001a2015e1910 code [0x000001a2015e1b00, 0x000001a2015e1fd8]
Event: 20.733 Thread 0x000001a216387800 7905       3       com.sun.org.apache.xerces.internal.util.AugmentationsImpl$SmallContainer::<init> (25 bytes)
Event: 20.733 Thread 0x000001a216387800 nmethod 7905 0x000001a2015e2110 code [0x000001a2015e22e0, 0x000001a2015e2658]
Event: 20.733 Thread 0x000001a216387800 7906       3       com.sun.org.apache.xerces.internal.impl.XMLNSDocumentScannerImpl::scanAttribute (824 bytes)

GC Heap History (20 events):
Event: 8.933 GC heap before
{Heap before GC invocations=11 (full 0):
 garbage-first heap   total 147456K, used 96683K [0x0000000080000000, 0x0000000100000000)
  region size 1024K, 73 young (74752K), 8 survivors (8192K)
 Metaspace       used 48096K, capacity 49277K, committed 49408K, reserved 1091584K
  class space    used 6177K, capacity 6635K, committed 6656K, reserved 1048576K
}
Event: 8.942 GC heap after
{Heap after GC invocations=12 (full 0):
 garbage-first heap   total 147456K, used 33080K [0x0000000080000000, 0x0000000100000000)
  region size 1024K, 7 young (7168K), 7 survivors (7168K)
 Metaspace       used 48096K, capacity 49277K, committed 49408K, reserved 1091584K
  class space    used 6177K, capacity 6635K, committed 6656K, reserved 1048576K
}
Event: 10.060 GC heap before
{Heap before GC invocations=12 (full 0):
 garbage-first heap   total 147456K, used 103736K [0x0000000080000000, 0x0000000100000000)
  region size 1024K, 73 young (74752K), 7 survivors (7168K)
 Metaspace       used 54588K, capacity 56032K, committed 56192K, reserved 1097728K
  class space    used 7014K, capacity 7550K, committed 7552K, reserved 1048576K
}
Event: 10.074 GC heap after
{Heap after GC invocations=13 (full 0):
 garbage-first heap   total 147456K, used 45423K [0x0000000080000000, 0x0000000100000000)
  region size 1024K, 10 young (10240K), 10 survivors (10240K)
 Metaspace       used 54588K, capacity 56032K, committed 56192K, reserved 1097728K
  class space    used 7014K, capacity 7550K, committed 7552K, reserved 1048576K
}
Event: 10.506 GC heap before
{Heap before GC invocations=13 (full 0):
 garbage-first heap   total 147456K, used 68975K [0x0000000080000000, 0x0000000100000000)
  region size 1024K, 34 young (34816K), 10 survivors (10240K)
 Metaspace       used 58357K, capacity 59778K, committed 59948K, reserved 1101824K
  class space    used 7452K, capacity 7984K, committed 8064K, reserved 1048576K
}
Event: 10.522 GC heap after
{Heap after GC invocations=14 (full 0):
 garbage-first heap   total 147456K, used 46603K [0x0000000080000000, 0x0000000100000000)
  region size 1024K, 1 young (1024K), 1 survivors (1024K)
 Metaspace       used 58357K, capacity 59778K, committed 59948K, reserved 1101824K
  class space    used 7452K, capacity 7984K, committed 8064K, reserved 1048576K
}
Event: 11.391 GC heap before
{Heap before GC invocations=15 (full 0):
 garbage-first heap   total 147456K, used 93707K [0x0000000080000000, 0x0000000100000000)
  region size 1024K, 48 young (49152K), 1 survivors (1024K)
 Metaspace       used 63153K, capacity 64587K, committed 64940K, reserved 1105920K
  class space    used 8036K, capacity 8579K, committed 8704K, reserved 1048576K
}
Event: 11.398 GC heap after
{Heap after GC invocations=16 (full 0):
 garbage-first heap   total 177152K, used 50675K [0x0000000080000000, 0x0000000100000000)
  region size 1024K, 5 young (5120K), 5 survivors (5120K)
 Metaspace       used 63153K, capacity 64587K, committed 64940K, reserved 1105920K
  class space    used 8036K, capacity 8579K, committed 8704K, reserved 1048576K
}
Event: 12.170 GC heap before
{Heap before GC invocations=16 (full 0):
 garbage-first heap   total 177152K, used 111091K [0x0000000080000000, 0x0000000100000000)
  region size 1024K, 63 young (64512K), 5 survivors (5120K)
 Metaspace       used 65410K, capacity 67002K, committed 67116K, reserved 1107968K
  class space    used 8363K, capacity 8992K, committed 9088K, reserved 1048576K
}
Event: 12.180 GC heap after
{Heap after GC invocations=17 (full 0):
 garbage-first heap   total 177152K, used 55310K [0x0000000080000000, 0x0000000100000000)
  region size 1024K, 5 young (5120K), 5 survivors (5120K)
 Metaspace       used 65410K, capacity 67002K, committed 67116K, reserved 1107968K
  class space    used 8363K, capacity 8992K, committed 9088K, reserved 1048576K
}
Event: 13.597 GC heap before
{Heap before GC invocations=17 (full 0):
 garbage-first heap   total 177152K, used 115726K [0x0000000080000000, 0x0000000100000000)
  region size 1024K, 64 young (65536K), 5 survivors (5120K)
 Metaspace       used 72220K, capacity 73906K, committed 74028K, reserved 1114112K
  class space    used 9444K, capacity 10085K, committed 10112K, reserved 1048576K
}
Event: 13.610 GC heap after
{Heap after GC invocations=18 (full 0):
 garbage-first heap   total 177152K, used 59376K [0x0000000080000000, 0x0000000100000000)
  region size 1024K, 4 young (4096K), 4 survivors (4096K)
 Metaspace       used 72220K, capacity 73906K, committed 74028K, reserved 1114112K
  class space    used 9444K, capacity 10085K, committed 10112K, reserved 1048576K
}
Event: 14.913 GC heap before
{Heap before GC invocations=18 (full 0):
 garbage-first heap   total 177152K, used 121840K [0x0000000080000000, 0x0000000100000000)
  region size 1024K, 65 young (66560K), 4 survivors (4096K)
 Metaspace       used 78339K, capacity 80211K, committed 80300K, reserved 1118208K
  class space    used 10286K, capacity 10989K, committed 11008K, reserved 1048576K
}
Event: 14.921 GC heap after
{Heap after GC invocations=19 (full 0):
 garbage-first heap   total 177152K, used 62203K [0x0000000080000000, 0x0000000100000000)
  region size 1024K, 7 young (7168K), 7 survivors (7168K)
 Metaspace       used 78339K, capacity 80211K, committed 80300K, reserved 1118208K
  class space    used 10286K, capacity 10989K, committed 11008K, reserved 1048576K
}
Event: 16.334 GC heap before
{Heap before GC invocations=19 (full 0):
 garbage-first heap   total 177152K, used 125691K [0x0000000080000000, 0x0000000100000000)
  region size 1024K, 69 young (70656K), 7 survivors (7168K)
 Metaspace       used 78370K, capacity 80219K, committed 80300K, reserved 1118208K
  class space    used 10289K, capacity 10991K, committed 11008K, reserved 1048576K
}
Event: 16.343 GC heap after
{Heap after GC invocations=20 (full 0):
 garbage-first heap   total 177152K, used 62663K [0x0000000080000000, 0x0000000100000000)
  region size 1024K, 4 young (4096K), 4 survivors (4096K)
 Metaspace       used 78370K, capacity 80219K, committed 80300K, reserved 1118208K
  class space    used 10289K, capacity 10991K, committed 11008K, reserved 1048576K
}
Event: 17.780 GC heap before
{Heap before GC invocations=20 (full 0):
 garbage-first heap   total 177152K, used 128199K [0x0000000080000000, 0x0000000100000000)
  region size 1024K, 68 young (69632K), 4 survivors (4096K)
 Metaspace       used 78375K, capacity 80222K, committed 80300K, reserved 1118208K
  class space    used 10289K, capacity 10991K, committed 11008K, reserved 1048576K
}
Event: 17.787 GC heap after
{Heap after GC invocations=21 (full 0):
 garbage-first heap   total 177152K, used 62238K [0x0000000080000000, 0x0000000100000000)
  region size 1024K, 4 young (4096K), 4 survivors (4096K)
 Metaspace       used 78375K, capacity 80222K, committed 80300K, reserved 1118208K
  class space    used 10289K, capacity 10991K, committed 11008K, reserved 1048576K
}
Event: 19.269 GC heap before
{Heap before GC invocations=21 (full 0):
 garbage-first heap   total 177152K, used 130846K [0x0000000080000000, 0x0000000100000000)
  region size 1024K, 71 young (72704K), 4 survivors (4096K)
 Metaspace       used 78377K, capacity 80222K, committed 80300K, reserved 1118208K
  class space    used 10289K, capacity 10991K, committed 11008K, reserved 1048576K
}
Event: 19.277 GC heap after
{Heap after GC invocations=22 (full 0):
 garbage-first heap   total 177152K, used 62209K [0x0000000080000000, 0x0000000100000000)
  region size 1024K, 4 young (4096K), 4 survivors (4096K)
 Metaspace       used 78377K, capacity 80222K, committed 80300K, reserved 1118208K
  class space    used 10289K, capacity 10991K, committed 11008K, reserved 1048576K
}

Deoptimization events (20 events):
Event: 20.226 Thread 0x000001a21886e800 Uncommon trap: trap_request=0xffffff4d fr.pc=0x000001a207fe9f5c relative=0x00000000000005bc
Event: 20.226 Thread 0x000001a21886e800 Uncommon trap: reason=unstable_if action=reinterpret pc=0x000001a207fe9f5c method=com.android.repository.impl.manager.LocalRepoLoaderImpl.collectPackages(Ljava/util/Collection;Ljava/nio/file/Path;I)V @ 65 c2
Event: 20.226 Thread 0x000001a21886e800 DEOPT PACKING pc=0x000001a207fe9f5c sp=0x0000000de6df9400
Event: 20.226 Thread 0x000001a21886e800 DEOPT UNPACKING pc=0x000001a20004a1af sp=0x0000000de6df93c0 mode 2
Event: 20.651 Thread 0x000001a21886e800 Uncommon trap: trap_request=0xffffffde fr.pc=0x000001a207fe068c relative=0x00000000000003ac
Event: 20.651 Thread 0x000001a21886e800 Uncommon trap: reason=class_check action=maybe_recompile pc=0x000001a207fe068c method=java.nio.file.Path.resolve(Ljava/lang/String;)Ljava/nio/file/Path; @ 2 c2
Event: 20.651 Thread 0x000001a21886e800 DEOPT PACKING pc=0x000001a207fe068c sp=0x0000000de6df99b0
Event: 20.651 Thread 0x000001a21886e800 DEOPT UNPACKING pc=0x000001a20004a1af sp=0x0000000de6df9978 mode 2
Event: 20.664 Thread 0x000001a21886e800 Uncommon trap: trap_request=0xffffffde fr.pc=0x000001a207fe068c relative=0x00000000000003ac
Event: 20.664 Thread 0x000001a21886e800 Uncommon trap: reason=class_check action=maybe_recompile pc=0x000001a207fe068c method=java.nio.file.Path.resolve(Ljava/lang/String;)Ljava/nio/file/Path; @ 2 c2
Event: 20.664 Thread 0x000001a21886e800 DEOPT PACKING pc=0x000001a207fe068c sp=0x0000000de6df99b0
Event: 20.664 Thread 0x000001a21886e800 DEOPT UNPACKING pc=0x000001a20004a1af sp=0x0000000de6df9978 mode 2
Event: 20.671 Thread 0x000001a21886e800 Uncommon trap: trap_request=0xffffffde fr.pc=0x000001a207fe068c relative=0x00000000000003ac
Event: 20.671 Thread 0x000001a21886e800 Uncommon trap: reason=class_check action=maybe_recompile pc=0x000001a207fe068c method=java.nio.file.Path.resolve(Ljava/lang/String;)Ljava/nio/file/Path; @ 2 c2
Event: 20.671 Thread 0x000001a21886e800 DEOPT PACKING pc=0x000001a207fe068c sp=0x0000000de6df99b0
Event: 20.672 Thread 0x000001a21886e800 DEOPT UNPACKING pc=0x000001a20004a1af sp=0x0000000de6df9978 mode 2
Event: 20.679 Thread 0x000001a21886e800 Uncommon trap: trap_request=0xffffffde fr.pc=0x000001a207fe068c relative=0x00000000000003ac
Event: 20.679 Thread 0x000001a21886e800 Uncommon trap: reason=class_check action=maybe_recompile pc=0x000001a207fe068c method=java.nio.file.Path.resolve(Ljava/lang/String;)Ljava/nio/file/Path; @ 2 c2
Event: 20.679 Thread 0x000001a21886e800 DEOPT PACKING pc=0x000001a207fe068c sp=0x0000000de6df99b0
Event: 20.679 Thread 0x000001a21886e800 DEOPT UNPACKING pc=0x000001a20004a1af sp=0x0000000de6df9978 mode 2

Classes redefined (0 events):
No events

Internal exceptions (20 events):
Event: 20.578 Thread 0x000001a21886e800 Exception <a 'sun/nio/fs/WindowsException'{0x0000000087129a68}> (0x0000000087129a68) thrown at [./src/hotspot/share/prims/jni.cpp, line 615]
Event: 20.578 Thread 0x000001a21886e800 Exception <a 'sun/nio/fs/WindowsException'{0x0000000087129b68}> (0x0000000087129b68) thrown at [./src/hotspot/share/prims/jni.cpp, line 615]
Event: 20.578 Thread 0x000001a21886e800 Exception <a 'sun/nio/fs/WindowsException'{0x000000008712c338}> (0x000000008712c338) thrown at [./src/hotspot/share/prims/jni.cpp, line 615]
Event: 20.578 Thread 0x000001a21886e800 Exception <a 'sun/nio/fs/WindowsException'{0x000000008712c448}> (0x000000008712c448) thrown at [./src/hotspot/share/prims/jni.cpp, line 615]
Event: 20.578 Thread 0x000001a21886e800 Exception <a 'sun/nio/fs/WindowsException'{0x000000008712f238}> (0x000000008712f238) thrown at [./src/hotspot/share/prims/jni.cpp, line 615]
Event: 20.578 Thread 0x000001a21886e800 Exception <a 'sun/nio/fs/WindowsException'{0x000000008712f350}> (0x000000008712f350) thrown at [./src/hotspot/share/prims/jni.cpp, line 615]
Event: 20.578 Thread 0x000001a21886e800 Exception <a 'sun/nio/fs/WindowsException'{0x0000000087131b48}> (0x0000000087131b48) thrown at [./src/hotspot/share/prims/jni.cpp, line 615]
Event: 20.578 Thread 0x000001a21886e800 Exception <a 'sun/nio/fs/WindowsException'{0x0000000087131c70}> (0x0000000087131c70) thrown at [./src/hotspot/share/prims/jni.cpp, line 615]
Event: 20.579 Thread 0x000001a21886e800 Exception <a 'sun/nio/fs/WindowsException'{0x0000000087135288}> (0x0000000087135288) thrown at [./src/hotspot/share/prims/jni.cpp, line 615]
Event: 20.579 Thread 0x000001a21886e800 Exception <a 'sun/nio/fs/WindowsException'{0x00000000871353b8}> (0x00000000871353b8) thrown at [./src/hotspot/share/prims/jni.cpp, line 615]
Event: 20.579 Thread 0x000001a21886e800 Exception <a 'sun/nio/fs/WindowsException'{0x0000000087137bc8}> (0x0000000087137bc8) thrown at [./src/hotspot/share/prims/jni.cpp, line 615]
Event: 20.579 Thread 0x000001a21886e800 Exception <a 'sun/nio/fs/WindowsException'{0x0000000087137c48}> (0x0000000087137c48) thrown at [./src/hotspot/share/prims/jni.cpp, line 615]
Event: 20.579 Thread 0x000001a21886e800 Exception <a 'sun/nio/fs/WindowsException'{0x000000008713b190}> (0x000000008713b190) thrown at [./src/hotspot/share/prims/jni.cpp, line 615]
Event: 20.579 Thread 0x000001a21886e800 Exception <a 'sun/nio/fs/WindowsException'{0x000000008713b290}> (0x000000008713b290) thrown at [./src/hotspot/share/prims/jni.cpp, line 615]
Event: 20.579 Thread 0x000001a21886e800 Exception <a 'sun/nio/fs/WindowsException'{0x000000008713da60}> (0x000000008713da60) thrown at [./src/hotspot/share/prims/jni.cpp, line 615]
Event: 20.579 Thread 0x000001a21886e800 Exception <a 'sun/nio/fs/WindowsException'{0x000000008713db70}> (0x000000008713db70) thrown at [./src/hotspot/share/prims/jni.cpp, line 615]
Event: 20.580 Thread 0x000001a21886e800 Exception <a 'sun/nio/fs/WindowsException'{0x0000000087140960}> (0x0000000087140960) thrown at [./src/hotspot/share/prims/jni.cpp, line 615]
Event: 20.580 Thread 0x000001a21886e800 Exception <a 'sun/nio/fs/WindowsException'{0x0000000087140a78}> (0x0000000087140a78) thrown at [./src/hotspot/share/prims/jni.cpp, line 615]
Event: 20.580 Thread 0x000001a21886e800 Exception <a 'sun/nio/fs/WindowsException'{0x0000000087143270}> (0x0000000087143270) thrown at [./src/hotspot/share/prims/jni.cpp, line 615]
Event: 20.580 Thread 0x000001a21886e800 Exception <a 'sun/nio/fs/WindowsException'{0x0000000087143398}> (0x0000000087143398) thrown at [./src/hotspot/share/prims/jni.cpp, line 615]

Events (20 events):
Event: 15.619 loading class org/gradle/workers/internal/WorkerDaemonClient
Event: 15.619 loading class org/gradle/workers/internal/WorkerDaemonClient done
Event: 15.620 loading class org/gradle/process/internal/health/memory/JvmMemoryStatusSnapshot
Event: 15.620 loading class org/gradle/process/internal/health/memory/JvmMemoryStatusSnapshot done
Event: 15.620 Executing VM operation: RevokeBias
Event: 15.620 Executing VM operation: RevokeBias done
Event: 15.620 Executing VM operation: RevokeBias
Event: 15.621 Executing VM operation: RevokeBias done
Event: 15.755 Thread 0x000001a219272800 Thread exited: 0x000001a219272800
Event: 16.334 Executing VM operation: G1CollectForAllocation
Event: 16.343 Executing VM operation: G1CollectForAllocation done
Event: 17.779 Executing VM operation: G1CollectForAllocation
Event: 17.787 Executing VM operation: G1CollectForAllocation done
Event: 19.269 Executing VM operation: G1CollectForAllocation
Event: 19.277 Executing VM operation: G1CollectForAllocation done
Event: 20.626 Thread 0x000001a219272800 Thread added: 0x000001a219272800
Event: 20.693 loading class org/gradle/internal/serialize/Message
Event: 20.693 loading class org/gradle/internal/serialize/Message done
Event: 20.694 loading class org/gradle/internal/serialize/ExceptionReplacingObjectOutputStream$1
Event: 20.694 loading class org/gradle/internal/serialize/ExceptionReplacingObjectOutputStream$1 done


Dynamic libraries:
0x00007ff73fdb0000 - 0x00007ff73fdba000 	D:\asus\Android Studio\jre\bin\java.exe
0x00007fffbcf10000 - 0x00007fffbd108000 	C:\Windows\SYSTEM32\ntdll.dll
0x00007fffbbf10000 - 0x00007fffbbfcf000 	C:\Windows\System32\KERNEL32.DLL
0x00007fffba9a0000 - 0x00007fffbac72000 	C:\Windows\System32\KERNELBASE.dll
0x00007fffba760000 - 0x00007fffba860000 	C:\Windows\System32\ucrtbase.dll
0x00007fffb5f10000 - 0x00007fffb5f27000 	D:\asus\Android Studio\jre\bin\VCRUNTIME140.dll
0x00007fffaeb80000 - 0x00007fffaeb99000 	D:\asus\Android Studio\jre\bin\jli.dll
0x00007fffbbcf0000 - 0x00007fffbbe91000 	C:\Windows\System32\USER32.dll
0x00007fffba970000 - 0x00007fffba992000 	C:\Windows\System32\win32u.dll
0x00007fffab2d0000 - 0x00007fffab56a000 	C:\Windows\WinSxS\amd64_microsoft.windows.common-controls_6595b64144ccf1df_6.0.19041.1110_none_60b5254171f9507e\COMCTL32.dll
0x00007fffbcd10000 - 0x00007fffbcd3b000 	C:\Windows\System32\GDI32.dll
0x00007fffbc110000 - 0x00007fffbc1ae000 	C:\Windows\System32\msvcrt.dll
0x00007fffba860000 - 0x00007fffba96f000 	C:\Windows\System32\gdi32full.dll
0x00007fffbaec0000 - 0x00007fffbaf5d000 	C:\Windows\System32\msvcp_win.dll
0x00007fffbb770000 - 0x00007fffbb7a0000 	C:\Windows\System32\IMM32.DLL
0x00007fff97ff0000 - 0x00007fff9808d000 	D:\asus\Android Studio\jre\bin\msvcp140.dll
0x00007fff84dc0000 - 0x00007fff858a5000 	D:\asus\Android Studio\jre\bin\server\jvm.dll
0x00007fffbc900000 - 0x00007fffbc9ae000 	C:\Windows\System32\ADVAPI32.dll
0x00007fffbc720000 - 0x00007fffbc7bc000 	C:\Windows\System32\sechost.dll
0x00007fffbc2d0000 - 0x00007fffbc3f4000 	C:\Windows\System32\RPCRT4.dll
0x00007fffbb010000 - 0x00007fffbb018000 	C:\Windows\System32\PSAPI.DLL
0x00007fffb0de0000 - 0x00007fffb0dea000 	C:\Windows\SYSTEM32\VERSION.dll
0x00007fffb00c0000 - 0x00007fffb00e7000 	C:\Windows\SYSTEM32\WINMM.dll
0x00007fffb55e0000 - 0x00007fffb55e9000 	C:\Windows\SYSTEM32\WSOCK32.dll
0x00007fffbbea0000 - 0x00007fffbbf0b000 	C:\Windows\System32\WS2_32.dll
0x00007fffb8e60000 - 0x00007fffb8e72000 	C:\Windows\SYSTEM32\kernel.appcore.dll
0x00007fffb3ff0000 - 0x00007fffb4001000 	D:\asus\Android Studio\jre\bin\verify.dll
0x00007fffb8a40000 - 0x00007fffb8c24000 	C:\Windows\SYSTEM32\DBGHELP.DLL
0x00007fffa5a00000 - 0x00007fffa5a35000 	C:\Windows\SYSTEM32\dbgcore.DLL
0x00007fffbacd0000 - 0x00007fffbad52000 	C:\Windows\System32\bcryptPrimitives.dll
0x00007fffaead0000 - 0x00007fffaeaf9000 	D:\asus\Android Studio\jre\bin\java.dll
0x00007fffb53d0000 - 0x00007fffb53db000 	D:\asus\Android Studio\jre\bin\jimage.dll
0x00007fffb3d60000 - 0x00007fffb3d78000 	D:\asus\Android Studio\jre\bin\zip.dll
0x00007fffbb020000 - 0x00007fffbb765000 	C:\Windows\System32\SHELL32.dll
0x00007fffb82a0000 - 0x00007fffb8a32000 	C:\Windows\SYSTEM32\windows.storage.dll
0x00007fffbc9b0000 - 0x00007fffbcd05000 	C:\Windows\System32\combase.dll
0x00007fffba070000 - 0x00007fffba0a0000 	C:\Windows\SYSTEM32\Wldp.dll
0x00007fffbaf60000 - 0x00007fffbb00d000 	C:\Windows\System32\SHCORE.dll
0x00007fffbc620000 - 0x00007fffbc675000 	C:\Windows\System32\shlwapi.dll
0x00007fffba550000 - 0x00007fffba56f000 	C:\Windows\SYSTEM32\profapi.dll
0x00007fffb3bf0000 - 0x00007fffb3c0a000 	D:\asus\Android Studio\jre\bin\net.dll
0x00007fffb1880000 - 0x00007fffb198a000 	C:\Windows\SYSTEM32\WINHTTP.dll
0x00007fffb9dd0000 - 0x00007fffb9e3a000 	C:\Windows\system32\mswsock.dll
0x00007fffb0dc0000 - 0x00007fffb0dd4000 	D:\asus\Android Studio\jre\bin\nio.dll
0x00007fffa1300000 - 0x00007fffa1327000 	C:\Users\asus\.gradle\native\e1d6ef7f7dcc3fd88c89a11ec53ec762bb8ba0a96d01ffa2cd45eb1d1d8dd5c5\windows-amd64\native-platform.dll
0x00007fff94e60000 - 0x00007fff94fa4000 	C:\Users\asus\.gradle\native\5664cfc778a61ccfe75a443a1ab52a65af34e5dc3c78e0209fed803814484fcb\windows-amd64\native-platform-file-events.dll
0x00007fffb4260000 - 0x00007fffb426a000 	D:\asus\Android Studio\jre\bin\management.dll
0x00007fffb3d20000 - 0x00007fffb3d2d000 	D:\asus\Android Studio\jre\bin\management_ext.dll
0x00007fffb9fc0000 - 0x00007fffb9fd8000 	C:\Windows\SYSTEM32\CRYPTSP.dll
0x00007fffb9680000 - 0x00007fffb96b4000 	C:\Windows\system32\rsaenh.dll
0x00007fffba610000 - 0x00007fffba637000 	C:\Windows\System32\bcrypt.dll
0x00007fffba510000 - 0x00007fffba53e000 	C:\Windows\SYSTEM32\USERENV.dll
0x00007fffb9fe0000 - 0x00007fffb9fec000 	C:\Windows\SYSTEM32\CRYPTBASE.dll
0x00007fffb9a70000 - 0x00007fffb9aab000 	C:\Windows\SYSTEM32\IPHLPAPI.DLL
0x00007fffbbc10000 - 0x00007fffbbc18000 	C:\Windows\System32\NSI.dll
0x00007fffb2c60000 - 0x00007fffb2c77000 	C:\Windows\SYSTEM32\dhcpcsvc6.DLL
0x00007fffb2d60000 - 0x00007fffb2d7d000 	C:\Windows\SYSTEM32\dhcpcsvc.DLL
0x00007fffb9ac0000 - 0x00007fffb9b8b000 	C:\Windows\SYSTEM32\DNSAPI.dll

dbghelp: loaded successfully - version: 4.0.5 - missing functions: none
symbol engine: initialized successfully - sym options: 0x614 - pdb path: .;D:\asus\Android Studio\jre\bin;C:\Windows\SYSTEM32;C:\Windows\WinSxS\amd64_microsoft.windows.common-controls_6595b64144ccf1df_6.0.19041.1110_none_60b5254171f9507e;D:\asus\Android Studio\jre\bin\server;C:\Users\asus\.gradle\native\e1d6ef7f7dcc3fd88c89a11ec53ec762bb8ba0a96d01ffa2cd45eb1d1d8dd5c5\windows-amd64;C:\Users\asus\.gradle\native\5664cfc778a61ccfe75a443a1ab52a65af34e5dc3c78e0209fed803814484fcb\windows-amd64

VM Arguments:
jvm_args: --add-opens=java.base/java.util=ALL-UNNAMED --add-opens=java.base/java.lang=ALL-UNNAMED --add-opens=java.base/java.lang.invoke=ALL-UNNAMED --add-opens=java.base/java.util=ALL-UNNAMED --add-opens=java.prefs/java.util.prefs=ALL-UNNAMED --add-opens=java.prefs/java.util.prefs=ALL-UNNAMED --add-opens=java.base/java.nio.charset=ALL-UNNAMED --add-opens=java.base/java.net=ALL-UNNAMED --add-opens=java.base/java.util.concurrent.atomic=ALL-UNNAMED -Xmx2048m -Dfile.encoding=UTF-8 -Duser.country=US -Duser.language=en -Duser.variant 
java_command: org.gradle.launcher.daemon.bootstrap.GradleDaemon 7.3.3
java_class_path (initial): C:\Users\asus\.gradle\wrapper\dists\gradle-7.3.3-bin\6a41zxkdtcxs8rphpq6y0069z\gradle-7.3.3\lib\gradle-launcher-7.3.3.jar
Launcher Type: SUN_STANDARD

[Global flags]
     intx CICompilerCount                          = 4                                         {product} {ergonomic}
     uint ConcGCThreads                            = 3                                         {product} {ergonomic}
     uint G1ConcRefinementThreads                  = 10                                        {product} {ergonomic}
   size_t G1HeapRegionSize                         = 1048576                                   {product} {ergonomic}
    uintx GCDrainStackTargetSize                   = 64                                        {product} {ergonomic}
   size_t InitialHeapSize                          = 125829120                                 {product} {ergonomic}
   size_t MarkStackSize                            = 4194304                                   {product} {ergonomic}
   size_t MaxHeapSize                              = 2147483648                                {product} {command line}
   size_t MaxNewSize                               = 1287651328                                {product} {ergonomic}
   size_t MinHeapDeltaBytes                        = 1048576                                   {product} {ergonomic}
    uintx NonNMethodCodeHeapSize                   = 5836300                                {pd product} {ergonomic}
    uintx NonProfiledCodeHeapSize                  = 122910970                              {pd product} {ergonomic}
    uintx ProfiledCodeHeapSize                     = 122910970                              {pd product} {ergonomic}
    uintx ReservedCodeCacheSize                    = 251658240                              {pd product} {ergonomic}
     bool SegmentedCodeCache                       = true                                      {product} {ergonomic}
     bool UseCompressedClassPointers               = true                                 {lp64_product} {ergonomic}
     bool UseCompressedOops                        = true                                 {lp64_product} {ergonomic}
     bool UseG1GC                                  = true                                      {product} {ergonomic}
     bool UseLargePagesIndividualAllocation        = false                                  {pd product} {ergonomic}

Logging:
Log output configuration:
 #0: stdout all=warning uptime,level,tags
 #1: stderr all=off uptime,level,tags

Environment Variables:
JAVA_HOME=C:\Program Files\Zulu\zulu-8
PATH=C:\Program Files\Zulu\zulu-8\bin\;C:\Program Files\Common Files\Oracle\Java\javapath;C:\Program Files (x86)\Common Files\Intel\Shared Files\cpp\bin\Intel64;C:\Windows\system32;C:\Windows;C:\Windows\System32\Wbem;C:\Windows\System32\WindowsPowerShell\v1.0\;C:\Windows\System32\OpenSSH\;C:\xampp\mysql\bin;C:\gradle\bin;D:\xampp\php;C:\ProgramData\ComposerSetup\bin;D:\asus\;C:\Program Files\Git\cmd;C:\Program Files\MySQL\MySQL Shell 8.0\bin\;C:\Users\asus\AppData\Local\Microsoft\WindowsApps;C:\Users\asus\AppData\Local\Programs\Microsoft VS Code\bin;C:\Users\asus\AppData\Roaming\Composer\vendor\bin;D:\asus\heroku\bin;C:\Users\asus\AppData\Roaming\npm;D:\asus\miktex\miktex\bin\x64\
USERNAME=asus
OS=Windows_NT
PROCESSOR_IDENTIFIER=AMD64 Family 23 Model 104 Stepping 1, AuthenticAMD



---------------  S Y S T E M  ---------------

OS: Windows 10 , 64 bit Build 19041 (10.0.19041.2546)
OS uptime: 1 days 5:05 hours

CPU:total 12 (initial active 12) (12 cores per cpu, 2 threads per core) family 23 model 104 stepping 1 microcode 0x0, cmov, cx8, fxsr, mmx, sse, sse2, sse3, ssse3, sse4.1, sse4.2, popcnt, avx, avx2, aes, clmul, mmxext, 3dnowpref, lzcnt, sse4a, ht, tsc, tscinvbit, tscinv, bmi1, bmi2, adx, sha, fma

Memory: 4k page, system-wide physical 7580M (556M free)
TotalPageFile size 9580M (AvailPageFile size 4M)
current process WorkingSet (physical memory assigned to process): 399M, peak: 446M
current process commit charge ("private bytes"): 442M, peak: 490M

vm_info: OpenJDK 64-Bit Server VM (11.0.12+7-b1504.28-7817840) for windows-amd64 JRE (11.0.12+7-b1504.28-7817840), built on Oct 13 2021 22:12:33 by "builder" with MS VC++ 14.0 (VS2015)

END.
